Replace Part C? Capacitor in E:\kursach7altium\project\sch1.SchDoc with Capacitor from k7shared.IntLib
Replace Part C? Capacitor in E:\kursach7altium\project\sch1.SchDoc with Capacitor from k7shared.IntLib
Replace Part C? Capacitor in E:\kursach7altium\project\sch1.SchDoc with Capacitor from k7shared.IntLib
Replace Part C? Capacitor in E:\kursach7altium\project\sch1.SchDoc with Capacitor from k7shared.IntLib
Replace Part L? Inductor in E:\kursach7altium\project\sch1.SchDoc with Inductor from k7shared.IntLib
Replace Part L? Inductor in E:\kursach7altium\project\sch1.SchDoc with Inductor from k7shared.IntLib
Replace Part R? Resistor in E:\kursach7altium\project\sch1.SchDoc with Resistor from k7shared.IntLib
Replace Part R? Resistor in E:\kursach7altium\project\sch1.SchDoc with Resistor from k7shared.IntLib
Replace Part R? Resistor in E:\kursach7altium\project\sch1.SchDoc with Resistor from k7shared.IntLib
Replace Part R? Resistor in E:\kursach7altium\project\sch1.SchDoc with Resistor from k7shared.IntLib
Replace Part R? Resistor in E:\kursach7altium\project\sch1.SchDoc with Resistor from k7shared.IntLib
Replace Part R? Resistor in E:\kursach7altium\project\sch1.SchDoc with Resistor from k7shared.IntLib
Replace Part R? Resistor in E:\kursach7altium\project\sch1.SchDoc with Resistor from k7shared.IntLib
Replace Part R? Resistor in E:\kursach7altium\project\sch1.SchDoc with Resistor from k7shared.IntLib
Replace Part R? Resistor in E:\kursach7altium\project\sch1.SchDoc with Resistor from k7shared.IntLib
Replace Part R? Resistor in E:\kursach7altium\project\sch1.SchDoc with Resistor from k7shared.IntLib
Replace Part R? Resistor in E:\kursach7altium\project\sch1.SchDoc with Resistor from k7shared.IntLib
Replace Part R? Resistor in E:\kursach7altium\project\sch1.SchDoc with Resistor from k7shared.IntLib
Replace Part R? Resistor in E:\kursach7altium\project\sch1.SchDoc with Resistor from k7shared.IntLib
Replace Part R? Resistor in E:\kursach7altium\project\sch1.SchDoc with Resistor from k7shared.IntLib
Replace Part VT? Transistor 1 in E:\kursach7altium\project\sch1.SchDoc with Transistor 1 from k7shared.IntLib
Replace Part X? VCC-GND R in E:\kursach7altium\project\sch1.SchDoc with VCC-GND R from k7shared.IntLib
Replace Part X? VCC-GND R in E:\kursach7altium\project\sch1.SchDoc with VCC-GND R from k7shared.IntLib
Replace Part X? VCC-GND R in E:\kursach7altium\project\sch1.SchDoc with VCC-GND R from k7shared.IntLib
Replace Part XS? All pins in E:\kursach7altium\project\sch1.SchDoc with All pins from k7sch1.IntLib
Replace Part XS? DVI Connector in E:\kursach7altium\project\sch1.SchDoc with DVI Connector from k7sch1.IntLib
