Replace Part C1 Capacitor in E:\kursach7altium\project\sch1.SchDoc with Capacitor from k7shared.IntLib
Replace Part C2 Capacitor in E:\kursach7altium\project\sch1.SchDoc with Capacitor from k7shared.IntLib
Replace Part C3 Capacitor in E:\kursach7altium\project\sch1.SchDoc with Capacitor from k7shared.IntLib
Replace Part C4 Capacitor in E:\kursach7altium\project\sch1.SchDoc with Capacitor from k7shared.IntLib
Replace Part GND1 GND in E:\kursach7altium\project\sch1.SchDoc with GND from k7shared.IntLib
Replace Part GND2 GND in E:\kursach7altium\project\sch1.SchDoc with GND from k7shared.IntLib
Replace Part GND3 GND in E:\kursach7altium\project\sch1.SchDoc with GND from k7shared.IntLib
Replace Part L1 Inductor in E:\kursach7altium\project\sch1.SchDoc with Inductor from k7shared.IntLib
Replace Part L2 Inductor in E:\kursach7altium\project\sch1.SchDoc with Inductor from k7shared.IntLib
Replace Part R1 Resistor in E:\kursach7altium\project\sch1.SchDoc with Resistor from k7shared.IntLib
Replace Part R2 Resistor in E:\kursach7altium\project\sch1.SchDoc with Resistor from k7shared.IntLib
Replace Part R3 Resistor in E:\kursach7altium\project\sch1.SchDoc with Resistor from k7shared.IntLib
Replace Part R4 Resistor in E:\kursach7altium\project\sch1.SchDoc with Resistor from k7shared.IntLib
Replace Part R5 Resistor in E:\kursach7altium\project\sch1.SchDoc with Resistor from k7shared.IntLib
Replace Part R6 Resistor in E:\kursach7altium\project\sch1.SchDoc with Resistor from k7shared.IntLib
Replace Part R7 Resistor in E:\kursach7altium\project\sch1.SchDoc with Resistor from k7shared.IntLib
Replace Part R8 Resistor in E:\kursach7altium\project\sch1.SchDoc with Resistor from k7shared.IntLib
Replace Part R9 Resistor in E:\kursach7altium\project\sch1.SchDoc with Resistor from k7shared.IntLib
Replace Part R10 Resistor in E:\kursach7altium\project\sch1.SchDoc with Resistor from k7shared.IntLib
Replace Part R11 Resistor in E:\kursach7altium\project\sch1.SchDoc with Resistor from k7shared.IntLib
Replace Part R12 Resistor in E:\kursach7altium\project\sch1.SchDoc with Resistor from k7shared.IntLib
Replace Part R13 Resistor in E:\kursach7altium\project\sch1.SchDoc with Resistor from k7shared.IntLib
Replace Part R14 Resistor in E:\kursach7altium\project\sch1.SchDoc with Resistor from k7shared.IntLib
Replace Part VCC1 VCC in E:\kursach7altium\project\sch1.SchDoc with VCC from k7shared.IntLib
Replace Part VCC2 VCC in E:\kursach7altium\project\sch1.SchDoc with VCC from k7shared.IntLib
Replace Part VCC3 VCC in E:\kursach7altium\project\sch1.SchDoc with VCC from k7shared.IntLib
Replace Part VT1 Transistor 1 in E:\kursach7altium\project\sch1.SchDoc with Transistor 1 from k7shared.IntLib
Replace Part X1 DVI Connector in E:\kursach7altium\project\sch1.SchDoc with DVI Connector from k7sch1.IntLib
Replace Part X2 All pins in E:\kursach7altium\project\sch1.SchDoc with All pins from k7sch1.IntLib
