Replace Part C5 Capacitor in E:\kursach7altium\project\sch2.SchDoc with Capacitor from k7shared.IntLib
Replace Part C6 Capacitor in E:\kursach7altium\project\sch2.SchDoc with Capacitor from k7shared.IntLib
Replace Part C7 Capacitor in E:\kursach7altium\project\sch2.SchDoc with Capacitor from k7shared.IntLib
Replace Part C8 Capacitor Duga in E:\kursach7altium\project\sch2.SchDoc with Capacitor Duga from k7shared.IntLib
Replace Part C9 Capacitor in E:\kursach7altium\project\sch2.SchDoc with Capacitor from k7shared.IntLib
Replace Part C10 Capacitor in E:\kursach7altium\project\sch2.SchDoc with Capacitor from k7shared.IntLib
Replace Part C11 Capacitor in E:\kursach7altium\project\sch2.SchDoc with Capacitor from k7shared.IntLib
Replace Part C12 Capacitor in E:\kursach7altium\project\sch2.SchDoc with Capacitor from k7shared.IntLib
Replace Part C13 Capacitor in E:\kursach7altium\project\sch2.SchDoc with Capacitor from k7shared.IntLib
Replace Part C14 Capacitor in E:\kursach7altium\project\sch2.SchDoc with Capacitor from k7shared.IntLib
Replace Part C15 Capacitor in E:\kursach7altium\project\sch2.SchDoc with Capacitor from k7shared.IntLib
Replace Part C16 Capacitor in E:\kursach7altium\project\sch2.SchDoc with Capacitor from k7shared.IntLib
Replace Part C17 Capacitor in E:\kursach7altium\project\sch2.SchDoc with Capacitor from k7shared.IntLib
Replace Part C18 Capacitor in E:\kursach7altium\project\sch2.SchDoc with Capacitor from k7shared.IntLib
Replace Part C19 Capacitor in E:\kursach7altium\project\sch2.SchDoc with Capacitor from k7shared.IntLib
Replace Part C20 Capacitor in E:\kursach7altium\project\sch2.SchDoc with Capacitor from k7shared.IntLib
Replace Part C21 Capacitor in E:\kursach7altium\project\sch2.SchDoc with Capacitor from k7shared.IntLib
Replace Part C22 Capacitor Duga in E:\kursach7altium\project\sch2.SchDoc with Capacitor Duga from k7shared.IntLib
Replace Part C23 Capacitor in E:\kursach7altium\project\sch2.SchDoc with Capacitor from k7shared.IntLib
Replace Part C24 Capacitor Duga in E:\kursach7altium\project\sch2.SchDoc with Capacitor Duga from k7shared.IntLib
Replace Part C25 Capacitor in E:\kursach7altium\project\sch2.SchDoc with Capacitor from k7shared.IntLib
Replace Part C26 Capacitor in E:\kursach7altium\project\sch2.SchDoc with Capacitor from k7shared.IntLib
Replace Part C27 Capacitor in E:\kursach7altium\project\sch2.SchDoc with Capacitor from k7shared.IntLib
Replace Part C28 Capacitor in E:\kursach7altium\project\sch2.SchDoc with Capacitor from k7shared.IntLib
Replace Part C29 Capacitor in E:\kursach7altium\project\sch2.SchDoc with Capacitor from k7shared.IntLib
Replace Part C30 Capacitor in E:\kursach7altium\project\sch2.SchDoc with Capacitor from k7shared.IntLib
Replace Part C31 Capacitor in E:\kursach7altium\project\sch2.SchDoc with Capacitor from k7shared.IntLib
Replace Part C32 Capacitor in E:\kursach7altium\project\sch2.SchDoc with Capacitor from k7shared.IntLib
Replace Part C33 Capacitor in E:\kursach7altium\project\sch2.SchDoc with Capacitor from k7shared.IntLib
Replace Part C34 Capacitor in E:\kursach7altium\project\sch2.SchDoc with Capacitor from k7shared.IntLib
Replace Part C35 Capacitor in E:\kursach7altium\project\sch2.SchDoc with Capacitor from k7shared.IntLib
Replace Part C36 Capacitor in E:\kursach7altium\project\sch2.SchDoc with Capacitor from k7shared.IntLib
Replace Part C37 Capacitor Duga in E:\kursach7altium\project\sch2.SchDoc with Capacitor Duga from k7shared.IntLib
Replace Part C38 Capacitor in E:\kursach7altium\project\sch2.SchDoc with Capacitor from k7shared.IntLib
Replace Part C39 Capacitor in E:\kursach7altium\project\sch2.SchDoc with Capacitor from k7shared.IntLib
Replace Part C40 Capacitor in E:\kursach7altium\project\sch2.SchDoc with Capacitor from k7shared.IntLib
Replace Part C41 Capacitor in E:\kursach7altium\project\sch2.SchDoc with Capacitor from k7shared.IntLib
Replace Part C42 Capacitor in E:\kursach7altium\project\sch2.SchDoc with Capacitor from k7shared.IntLib
Replace Part C43 Capacitor in E:\kursach7altium\project\sch2.SchDoc with Capacitor from k7shared.IntLib
Replace Part DD1 THC63 in E:\kursach7altium\project\sch2.SchDoc with THC63 from k7sch2.IntLib
Replace Part L3 Inductor in E:\kursach7altium\project\sch2.SchDoc with Inductor from k7shared.IntLib
Replace Part L4 Inductor in E:\kursach7altium\project\sch2.SchDoc with Inductor from k7shared.IntLib
Replace Part L5 Inductor in E:\kursach7altium\project\sch2.SchDoc with Inductor from k7shared.IntLib
Replace Part L6 Inductor in E:\kursach7altium\project\sch2.SchDoc with Inductor from k7shared.IntLib
Replace Part R15 Resistor in E:\kursach7altium\project\sch2.SchDoc with Resistor from k7shared.IntLib
Replace Part R16 Resistor in E:\kursach7altium\project\sch2.SchDoc with Resistor from k7shared.IntLib
Replace Part R17 Resistor in E:\kursach7altium\project\sch2.SchDoc with Resistor from k7shared.IntLib
Replace Part R18 Resistor in E:\kursach7altium\project\sch2.SchDoc with Resistor from k7shared.IntLib
Replace Part R19 Resistor in E:\kursach7altium\project\sch2.SchDoc with Resistor from k7shared.IntLib
Replace Part R20 Resistor in E:\kursach7altium\project\sch2.SchDoc with Resistor from k7shared.IntLib
Replace Part VT2 Transistor 2_1 in E:\kursach7altium\project\sch2.SchDoc with Transistor 2_1 from k7shared.IntLib
Replace Part VT3 Transistor 1 in E:\kursach7altium\project\sch2.SchDoc with Transistor 1 from k7shared.IntLib
Replace Part X1 BUSES in E:\kursach7altium\project\sch2.SchDoc with BUSES from k7sch2.IntLib
Replace Part X2 DF14A in E:\kursach7altium\project\sch2.SchDoc with DF14A from k7sch2.IntLib
Replace Part X3 Inputs in E:\kursach7altium\project\sch2.SchDoc with Inputs from k7sch2.IntLib
Replace Part XS6 VCC-GND R in E:\kursach7altium\project\sch2.SchDoc with VCC-GND R from k7shared.IntLib
Replace Part XS7 VCC-GND R in E:\kursach7altium\project\sch2.SchDoc with VCC-GND R from k7shared.IntLib
Replace Part XS8 VCC-GND R in E:\kursach7altium\project\sch2.SchDoc with VCC-GND R from k7shared.IntLib
Replace Part XS9 VCC-GND R in E:\kursach7altium\project\sch2.SchDoc with VCC-GND R from k7shared.IntLib
Replace Part XS10 VCC-GND R in E:\kursach7altium\project\sch2.SchDoc with VCC-GND R from k7shared.IntLib
Replace Part XS11 VCC-GND R in E:\kursach7altium\project\sch2.SchDoc with VCC-GND R from k7shared.IntLib
