Replace Part C? Capacitor in E:\kursach7altium\project\sch2.SchDoc with Capacitor from k7shared.IntLib
Replace Part C? Capacitor Duga in E:\kursach7altium\project\sch2.SchDoc with Capacitor Duga from k7shared.IntLib
Replace Part C? Capacitor in E:\kursach7altium\project\sch2.SchDoc with Capacitor from k7shared.IntLib
Replace Part C? Capacitor in E:\kursach7altium\project\sch2.SchDoc with Capacitor from k7shared.IntLib
Replace Part C? Capacitor in E:\kursach7altium\project\sch2.SchDoc with Capacitor from k7shared.IntLib
Replace Part C? Capacitor in E:\kursach7altium\project\sch2.SchDoc with Capacitor from k7shared.IntLib
Replace Part C? Capacitor in E:\kursach7altium\project\sch2.SchDoc with Capacitor from k7shared.IntLib
Replace Part C? Capacitor in E:\kursach7altium\project\sch2.SchDoc with Capacitor from k7shared.IntLib
Replace Part C? Capacitor in E:\kursach7altium\project\sch2.SchDoc with Capacitor from k7shared.IntLib
Replace Part C? Capacitor in E:\kursach7altium\project\sch2.SchDoc with Capacitor from k7shared.IntLib
Replace Part C? Capacitor in E:\kursach7altium\project\sch2.SchDoc with Capacitor from k7shared.IntLib
Replace Part C? Capacitor in E:\kursach7altium\project\sch2.SchDoc with Capacitor from k7shared.IntLib
Replace Part C? Capacitor in E:\kursach7altium\project\sch2.SchDoc with Capacitor from k7shared.IntLib
Replace Part C? Capacitor in E:\kursach7altium\project\sch2.SchDoc with Capacitor from k7shared.IntLib
Replace Part C? Capacitor in E:\kursach7altium\project\sch2.SchDoc with Capacitor from k7shared.IntLib
Replace Part C? Capacitor in E:\kursach7altium\project\sch2.SchDoc with Capacitor from k7shared.IntLib
Replace Part C? Capacitor in E:\kursach7altium\project\sch2.SchDoc with Capacitor from k7shared.IntLib
Replace Part C? Capacitor in E:\kursach7altium\project\sch2.SchDoc with Capacitor from k7shared.IntLib
Replace Part C? Capacitor in E:\kursach7altium\project\sch2.SchDoc with Capacitor from k7shared.IntLib
Replace Part C? Capacitor in E:\kursach7altium\project\sch2.SchDoc with Capacitor from k7shared.IntLib
Replace Part C? Capacitor in E:\kursach7altium\project\sch2.SchDoc with Capacitor from k7shared.IntLib
Replace Part C? Capacitor in E:\kursach7altium\project\sch2.SchDoc with Capacitor from k7shared.IntLib
Replace Part C? Capacitor in E:\kursach7altium\project\sch2.SchDoc with Capacitor from k7shared.IntLib
Replace Part C? Capacitor in E:\kursach7altium\project\sch2.SchDoc with Capacitor from k7shared.IntLib
Replace Part C? Capacitor in E:\kursach7altium\project\sch2.SchDoc with Capacitor from k7shared.IntLib
Replace Part C? Capacitor in E:\kursach7altium\project\sch2.SchDoc with Capacitor from k7shared.IntLib
Replace Part C? Capacitor in E:\kursach7altium\project\sch2.SchDoc with Capacitor from k7shared.IntLib
Replace Part C? Capacitor in E:\kursach7altium\project\sch2.SchDoc with Capacitor from k7shared.IntLib
Replace Part C? Capacitor in E:\kursach7altium\project\sch2.SchDoc with Capacitor from k7shared.IntLib
Replace Part C? Capacitor in E:\kursach7altium\project\sch2.SchDoc with Capacitor from k7shared.IntLib
Replace Part C? Capacitor in E:\kursach7altium\project\sch2.SchDoc with Capacitor from k7shared.IntLib
Replace Part DD? THC63 in E:\kursach7altium\project\sch2.SchDoc with THC63 from k7sch2.IntLib
Replace Part L? Inductor in E:\kursach7altium\project\sch2.SchDoc with Inductor from k7shared.IntLib
Replace Part R? Resistor in E:\kursach7altium\project\sch2.SchDoc with Resistor from k7shared.IntLib
Replace Part R? Resistor in E:\kursach7altium\project\sch2.SchDoc with Resistor from k7shared.IntLib
Replace Part R? Resistor in E:\kursach7altium\project\sch2.SchDoc with Resistor from k7shared.IntLib
Replace Part R? Resistor in E:\kursach7altium\project\sch2.SchDoc with Resistor from k7shared.IntLib
Replace Part VT? Transistor 2_1 in E:\kursach7altium\project\sch2.SchDoc with Transistor 2_1 from k7shared.IntLib
Replace Part VT? Transistor 1 in E:\kursach7altium\project\sch2.SchDoc with Transistor 1 from k7shared.IntLib
Replace Part X? DF14A in E:\kursach7altium\project\sch2.SchDoc with DF14A from k7sch2.IntLib
Replace Part X? Inputs in E:\kursach7altium\project\sch2.SchDoc with Inputs from k7sch2.IntLib
Replace Part X? BUSES in E:\kursach7altium\project\sch2.SchDoc with BUSES from k7sch2.IntLib
Replace Part XS? VCC-GND R in E:\kursach7altium\project\sch2.SchDoc with VCC-GND R from k7shared.IntLib
Replace Part XS? VCC-GND R in E:\kursach7altium\project\sch2.SchDoc with VCC-GND R from k7shared.IntLib
Replace Part XS? VCC-GND R in E:\kursach7altium\project\sch2.SchDoc with VCC-GND R from k7shared.IntLib
Replace Part XS? VCC-GND R in E:\kursach7altium\project\sch2.SchDoc with VCC-GND R from k7shared.IntLib
Replace Part XS? VCC-GND R in E:\kursach7altium\project\sch2.SchDoc with VCC-GND R from k7shared.IntLib
