Replace Part C? Capacitor Duga in E:\kursach7altium\project\sch2.SchDoc with Capacitor Duga from k7shared.IntLib
Replace Part C? Capacitor in E:\kursach7altium\project\sch2.SchDoc with Capacitor from k7shared.IntLib
Replace Part C? Capacitor Duga in E:\kursach7altium\project\sch2.SchDoc with Capacitor Duga from k7shared.IntLib
Replace Part C? Capacitor in E:\kursach7altium\project\sch2.SchDoc with Capacitor from k7shared.IntLib
Replace Part C? Capacitor Duga in E:\kursach7altium\project\sch2.SchDoc with Capacitor Duga from k7shared.IntLib
Replace Part C? Capacitor in E:\kursach7altium\project\sch2.SchDoc with Capacitor from k7shared.IntLib
Replace Part C? Capacitor in E:\kursach7altium\project\sch2.SchDoc with Capacitor from k7shared.IntLib
Replace Part C? Capacitor in E:\kursach7altium\project\sch2.SchDoc with Capacitor from k7shared.IntLib
Replace Part C? Capacitor in E:\kursach7altium\project\sch2.SchDoc with Capacitor from k7shared.IntLib
Replace Part C? Capacitor Duga in E:\kursach7altium\project\sch2.SchDoc with Capacitor Duga from k7shared.IntLib
Replace Part C? Capacitor in E:\kursach7altium\project\sch2.SchDoc with Capacitor from k7shared.IntLib
Replace Part C? Capacitor in E:\kursach7altium\project\sch2.SchDoc with Capacitor from k7shared.IntLib
Replace Part C? Capacitor in E:\kursach7altium\project\sch2.SchDoc with Capacitor from k7shared.IntLib
Replace Part C? Capacitor in E:\kursach7altium\project\sch2.SchDoc with Capacitor from k7shared.IntLib
Replace Part C? Capacitor in E:\kursach7altium\project\sch2.SchDoc with Capacitor from k7shared.IntLib
Replace Part C? Capacitor in E:\kursach7altium\project\sch2.SchDoc with Capacitor from k7shared.IntLib
Replace Part C? Capacitor in E:\kursach7altium\project\sch2.SchDoc with Capacitor from k7shared.IntLib
Replace Part C? Capacitor in E:\kursach7altium\project\sch2.SchDoc with Capacitor from k7shared.IntLib
Replace Part C? Capacitor in E:\kursach7altium\project\sch2.SchDoc with Capacitor from k7shared.IntLib
Replace Part C? Capacitor in E:\kursach7altium\project\sch2.SchDoc with Capacitor from k7shared.IntLib
Replace Part C? Capacitor in E:\kursach7altium\project\sch2.SchDoc with Capacitor from k7shared.IntLib
Replace Part C? Capacitor in E:\kursach7altium\project\sch2.SchDoc with Capacitor from k7shared.IntLib
Replace Part C? Capacitor in E:\kursach7altium\project\sch2.SchDoc with Capacitor from k7shared.IntLib
Replace Part C? Capacitor in E:\kursach7altium\project\sch2.SchDoc with Capacitor from k7shared.IntLib
Replace Part C? Capacitor in E:\kursach7altium\project\sch2.SchDoc with Capacitor from k7shared.IntLib
Replace Part C? Capacitor in E:\kursach7altium\project\sch2.SchDoc with Capacitor from k7shared.IntLib
Replace Part C? Capacitor in E:\kursach7altium\project\sch2.SchDoc with Capacitor from k7shared.IntLib
Replace Part C? Capacitor in E:\kursach7altium\project\sch2.SchDoc with Capacitor from k7shared.IntLib
Replace Part C? Capacitor in E:\kursach7altium\project\sch2.SchDoc with Capacitor from k7shared.IntLib
Replace Part C? Capacitor in E:\kursach7altium\project\sch2.SchDoc with Capacitor from k7shared.IntLib
Replace Part C? Capacitor in E:\kursach7altium\project\sch2.SchDoc with Capacitor from k7shared.IntLib
Replace Part C? Capacitor in E:\kursach7altium\project\sch2.SchDoc with Capacitor from k7shared.IntLib
Replace Part C? Capacitor in E:\kursach7altium\project\sch2.SchDoc with Capacitor from k7shared.IntLib
Replace Part C? Capacitor in E:\kursach7altium\project\sch2.SchDoc with Capacitor from k7shared.IntLib
Replace Part C? Capacitor in E:\kursach7altium\project\sch2.SchDoc with Capacitor from k7shared.IntLib
Replace Part C? Capacitor in E:\kursach7altium\project\sch2.SchDoc with Capacitor from k7shared.IntLib
Replace Part C? Capacitor in E:\kursach7altium\project\sch2.SchDoc with Capacitor from k7shared.IntLib
Replace Part C? Capacitor in E:\kursach7altium\project\sch2.SchDoc with Capacitor from k7shared.IntLib
Replace Part C? Capacitor in E:\kursach7altium\project\sch2.SchDoc with Capacitor from k7shared.IntLib
Replace Part DD? THC63 in E:\kursach7altium\project\sch2.SchDoc with THC63 from k7sch2.IntLib
Replace Part L? Inductor in E:\kursach7altium\project\sch2.SchDoc with Inductor from k7shared.IntLib
Replace Part L? Inductor in E:\kursach7altium\project\sch2.SchDoc with Inductor from k7shared.IntLib
Replace Part L? Inductor in E:\kursach7altium\project\sch2.SchDoc with Inductor from k7shared.IntLib
Replace Part L? Inductor in E:\kursach7altium\project\sch2.SchDoc with Inductor from k7shared.IntLib
Replace Part R? Resistor in E:\kursach7altium\project\sch2.SchDoc with Resistor from k7shared.IntLib
Replace Part R? Resistor in E:\kursach7altium\project\sch2.SchDoc with Resistor from k7shared.IntLib
Replace Part R? Resistor in E:\kursach7altium\project\sch2.SchDoc with Resistor from k7shared.IntLib
Replace Part R? Resistor in E:\kursach7altium\project\sch2.SchDoc with Resistor from k7shared.IntLib
Replace Part R? Resistor in E:\kursach7altium\project\sch2.SchDoc with Resistor from k7shared.IntLib
Replace Part R? Resistor in E:\kursach7altium\project\sch2.SchDoc with Resistor from k7shared.IntLib
Replace Part VD? Diode 1 in E:\kursach7altium\project\sch2.SchDoc with Diode 1 from k7shared.IntLib
Replace Part VT? MOP TRANSISTOR in E:\kursach7altium\project\sch2.SchDoc with MOP TRANSISTOR from k7shared.IntLib
Replace Part VT? Transistor 1 in E:\kursach7altium\project\sch2.SchDoc with Transistor 1 from k7shared.IntLib
Replace Part X? DF14A in E:\kursach7altium\project\sch2.SchDoc with DF14A from k7sch2.IntLib
