Replace Part C78 Capacitor Duga in E:\kursach7altium\project\sch3.SchDoc with Capacitor Duga from k7shared.IntLib
Replace Part C79 Capacitor in E:\kursach7altium\project\sch3.SchDoc with Capacitor from k7shared.IntLib
Replace Part C80 Capacitor in E:\kursach7altium\project\sch3.SchDoc with Capacitor from k7shared.IntLib
Replace Part C81 Capacitor Duga in E:\kursach7altium\project\sch3.SchDoc with Capacitor Duga from k7shared.IntLib
Replace Part C82 Capacitor in E:\kursach7altium\project\sch3.SchDoc with Capacitor from k7shared.IntLib
Replace Part C83 Capacitor in E:\kursach7altium\project\sch3.SchDoc with Capacitor from k7shared.IntLib
Replace Part C84 Capacitor in E:\kursach7altium\project\sch3.SchDoc with Capacitor from k7shared.IntLib
Replace Part C85 Capacitor in E:\kursach7altium\project\sch3.SchDoc with Capacitor from k7shared.IntLib
Replace Part C86 Capacitor in E:\kursach7altium\project\sch3.SchDoc with Capacitor from k7shared.IntLib
Replace Part C87 Capacitor in E:\kursach7altium\project\sch3.SchDoc with Capacitor from k7shared.IntLib
Replace Part C88 Capacitor in E:\kursach7altium\project\sch3.SchDoc with Capacitor from k7shared.IntLib
Replace Part C89 Capacitor in E:\kursach7altium\project\sch3.SchDoc with Capacitor from k7shared.IntLib
Replace Part C90 Capacitor in E:\kursach7altium\project\sch3.SchDoc with Capacitor from k7shared.IntLib
Replace Part C91 Capacitor in E:\kursach7altium\project\sch3.SchDoc with Capacitor from k7shared.IntLib
Replace Part C92 Capacitor in E:\kursach7altium\project\sch3.SchDoc with Capacitor from k7shared.IntLib
Replace Part C93 Capacitor in E:\kursach7altium\project\sch3.SchDoc with Capacitor from k7shared.IntLib
Replace Part C94 Capacitor in E:\kursach7altium\project\sch3.SchDoc with Capacitor from k7shared.IntLib
Replace Part C95 Capacitor in E:\kursach7altium\project\sch3.SchDoc with Capacitor from k7shared.IntLib
Replace Part C96 Capacitor in E:\kursach7altium\project\sch3.SchDoc with Capacitor from k7shared.IntLib
Replace Part DA5 NT68 in E:\kursach7altium\project\sch3.SchDoc with NT68 from k7sch3.IntLib
Replace Part DA5 NT68 in E:\kursach7altium\project\sch3.SchDoc with NT68 from k7sch3.IntLib
Replace Part DA5 NT68 in E:\kursach7altium\project\sch3.SchDoc with NT68 from k7sch3.IntLib
Replace Part DA5 NT68 in E:\kursach7altium\project\sch3.SchDoc with NT68 from k7sch3.IntLib
Replace Part DA6 IC103 in E:\kursach7altium\project\sch3.SchDoc with IC103 from k7sch3.IntLib
Replace Part DA7 IC102 in E:\kursach7altium\project\sch3.SchDoc with IC102 from k7sch3.IntLib
Replace Part L21 Inductor in E:\kursach7altium\project\sch3.SchDoc with Inductor from k7shared.IntLib
Replace Part L22 Inductor in E:\kursach7altium\project\sch3.SchDoc with Inductor from k7shared.IntLib
Replace Part L23 Inductor in E:\kursach7altium\project\sch3.SchDoc with Inductor from k7shared.IntLib
Replace Part L24 Inductor in E:\kursach7altium\project\sch3.SchDoc with Inductor from k7shared.IntLib
Replace Part L25 Inductor in E:\kursach7altium\project\sch3.SchDoc with Inductor from k7shared.IntLib
Replace Part L26 Inductor in E:\kursach7altium\project\sch3.SchDoc with Inductor from k7shared.IntLib
Replace Part L27 Inductor in E:\kursach7altium\project\sch3.SchDoc with Inductor from k7shared.IntLib
Replace Part L28 Inductor in E:\kursach7altium\project\sch3.SchDoc with Inductor from k7shared.IntLib
Replace Part L29 Inductor in E:\kursach7altium\project\sch3.SchDoc with Inductor from k7shared.IntLib
Replace Part L30 Inductor in E:\kursach7altium\project\sch3.SchDoc with Inductor from k7shared.IntLib
Replace Part L31 Inductor in E:\kursach7altium\project\sch3.SchDoc with Inductor from k7shared.IntLib
Replace Part L32 Inductor in E:\kursach7altium\project\sch3.SchDoc with Inductor from k7shared.IntLib
Replace Part L33 Inductor in E:\kursach7altium\project\sch3.SchDoc with Inductor from k7shared.IntLib
Replace Part R59 Resistor in E:\kursach7altium\project\sch3.SchDoc with Resistor from k7shared.IntLib
Replace Part R60 Resistor in E:\kursach7altium\project\sch3.SchDoc with Resistor from k7shared.IntLib
Replace Part R61 Resistor in E:\kursach7altium\project\sch3.SchDoc with Resistor from k7shared.IntLib
Replace Part R62 Resistor in E:\kursach7altium\project\sch3.SchDoc with Resistor from k7shared.IntLib
Replace Part R63 Resistor in E:\kursach7altium\project\sch3.SchDoc with Resistor from k7shared.IntLib
Replace Part R64 Resistor in E:\kursach7altium\project\sch3.SchDoc with Resistor from k7shared.IntLib
Replace Part R65 Resistor in E:\kursach7altium\project\sch3.SchDoc with Resistor from k7shared.IntLib
Replace Part R66 Resistor in E:\kursach7altium\project\sch3.SchDoc with Resistor from k7shared.IntLib
Replace Part R67 Resistor in E:\kursach7altium\project\sch3.SchDoc with Resistor from k7shared.IntLib
Replace Part R68 Resistor in E:\kursach7altium\project\sch3.SchDoc with Resistor from k7shared.IntLib
Replace Part R69 Resistor in E:\kursach7altium\project\sch3.SchDoc with Resistor from k7shared.IntLib
Replace Part R70 Resistor in E:\kursach7altium\project\sch3.SchDoc with Resistor from k7shared.IntLib
Replace Part R71 Resistor in E:\kursach7altium\project\sch3.SchDoc with Resistor from k7shared.IntLib
Replace Part R72 Resistor in E:\kursach7altium\project\sch3.SchDoc with Resistor from k7shared.IntLib
Replace Part R73 Resistor in E:\kursach7altium\project\sch3.SchDoc with Resistor from k7shared.IntLib
Replace Part R74 Resistor in E:\kursach7altium\project\sch3.SchDoc with Resistor from k7shared.IntLib
Replace Part R75 Resistor in E:\kursach7altium\project\sch3.SchDoc with Resistor from k7shared.IntLib
Replace Part R76 Resistor in E:\kursach7altium\project\sch3.SchDoc with Resistor from k7shared.IntLib
Replace Part R77 Resistor in E:\kursach7altium\project\sch3.SchDoc with Resistor from k7shared.IntLib
Replace Part R78 Resistor in E:\kursach7altium\project\sch3.SchDoc with Resistor from k7shared.IntLib
Replace Part R79 Resistor in E:\kursach7altium\project\sch3.SchDoc with Resistor from k7shared.IntLib
Replace Part R80 Resistor in E:\kursach7altium\project\sch3.SchDoc with Resistor from k7shared.IntLib
Replace Part R81 Resistor in E:\kursach7altium\project\sch3.SchDoc with Resistor from k7shared.IntLib
Replace Part R82 Resistor in E:\kursach7altium\project\sch3.SchDoc with Resistor from k7shared.IntLib
Replace Part R83 Resistor in E:\kursach7altium\project\sch3.SchDoc with Resistor from k7shared.IntLib
Replace Part R84 Resistor in E:\kursach7altium\project\sch3.SchDoc with Resistor from k7shared.IntLib
Replace Part R85 Resistor in E:\kursach7altium\project\sch3.SchDoc with Resistor from k7shared.IntLib
Replace Part R86 Resistor in E:\kursach7altium\project\sch3.SchDoc with Resistor from k7shared.IntLib
Replace Part R87 Resistor in E:\kursach7altium\project\sch3.SchDoc with Resistor from k7shared.IntLib
Replace Part VT10 Transistor 1 in E:\kursach7altium\project\sch3.SchDoc with Transistor 1 from k7shared.IntLib
Replace Part VT11 Transistor 2 in E:\kursach7altium\project\sch3.SchDoc with Transistor 2 from k7shared.IntLib
Replace Part VT12 Transistor 2 in E:\kursach7altium\project\sch3.SchDoc with Transistor 2 from k7shared.IntLib
Replace Part X33 Inputs in E:\kursach7altium\project\sch3.SchDoc with Inputs from k7sch3.IntLib
Replace Part X34 Outputs in E:\kursach7altium\project\sch3.SchDoc with Outputs from k7sch3.IntLib
Replace Part X35 VCC-GND R in E:\kursach7altium\project\sch3.SchDoc with VCC-GND R from k7shared.IntLib
Replace Part X36 VCC-GND R in E:\kursach7altium\project\sch3.SchDoc with VCC-GND R from k7shared.IntLib
Replace Part X37 VCC-GND R in E:\kursach7altium\project\sch3.SchDoc with VCC-GND R from k7shared.IntLib
Replace Part X38 VCC-GND R in E:\kursach7altium\project\sch3.SchDoc with VCC-GND R from k7shared.IntLib
Replace Part X39 J101 in E:\kursach7altium\project\sch3.SchDoc with J101 from k7sch3.IntLib
Replace Part X40 J102 in E:\kursach7altium\project\sch3.SchDoc with J102 from k7sch3.IntLib
Replace Part XS12 VCC-GND R in E:\kursach7altium\project\sch3.SchDoc with VCC-GND R from k7shared.IntLib
Replace Part XS13 VCC-GND R in E:\kursach7altium\project\sch3.SchDoc with VCC-GND R from k7shared.IntLib
Replace Part XS14 VCC-GND R in E:\kursach7altium\project\sch3.SchDoc with VCC-GND R from k7shared.IntLib
Replace Part XS15 VCC-GND R in E:\kursach7altium\project\sch3.SchDoc with VCC-GND R from k7shared.IntLib
