Replace Part C? Capacitor in E:\kursach7altium\project\sch3.SchDoc with Capacitor from k7shared.IntLib
Replace Part C? Capacitor in E:\kursach7altium\project\sch3.SchDoc with Capacitor from k7shared.IntLib
Replace Part C? Capacitor Duga in E:\kursach7altium\project\sch3.SchDoc with Capacitor Duga from k7shared.IntLib
Replace Part C? Capacitor Duga in E:\kursach7altium\project\sch3.SchDoc with Capacitor Duga from k7shared.IntLib
Replace Part C? Capacitor in E:\kursach7altium\project\sch3.SchDoc with Capacitor from k7shared.IntLib
Replace Part C? Capacitor in E:\kursach7altium\project\sch3.SchDoc with Capacitor from k7shared.IntLib
Replace Part C? Capacitor in E:\kursach7altium\project\sch3.SchDoc with Capacitor from k7shared.IntLib
Replace Part C? Capacitor in E:\kursach7altium\project\sch3.SchDoc with Capacitor from k7shared.IntLib
Replace Part C? Capacitor in E:\kursach7altium\project\sch3.SchDoc with Capacitor from k7shared.IntLib
Replace Part C? Capacitor in E:\kursach7altium\project\sch3.SchDoc with Capacitor from k7shared.IntLib
Replace Part C? Capacitor in E:\kursach7altium\project\sch3.SchDoc with Capacitor from k7shared.IntLib
Replace Part C? Capacitor in E:\kursach7altium\project\sch3.SchDoc with Capacitor from k7shared.IntLib
Replace Part C? Capacitor in E:\kursach7altium\project\sch3.SchDoc with Capacitor from k7shared.IntLib
Replace Part C? Capacitor in E:\kursach7altium\project\sch3.SchDoc with Capacitor from k7shared.IntLib
Replace Part C? Capacitor in E:\kursach7altium\project\sch3.SchDoc with Capacitor from k7shared.IntLib
Replace Part C? Capacitor in E:\kursach7altium\project\sch3.SchDoc with Capacitor from k7shared.IntLib
Replace Part C? Capacitor in E:\kursach7altium\project\sch3.SchDoc with Capacitor from k7shared.IntLib
Replace Part DA? IC103 in E:\kursach7altium\project\sch3.SchDoc with IC103 from k7sch3.IntLib
Replace Part DA? IC102 in E:\kursach7altium\project\sch3.SchDoc with IC102 from k7sch3.IntLib
Replace Part DA? NT68 in E:\kursach7altium\project\sch3.SchDoc with NT68 from k7sch3.IntLib
Replace Part DA? NT68 in E:\kursach7altium\project\sch3.SchDoc with NT68 from k7sch3.IntLib
Replace Part DA? NT68 in E:\kursach7altium\project\sch3.SchDoc with NT68 from k7sch3.IntLib
Replace Part DA? NT68 in E:\kursach7altium\project\sch3.SchDoc with NT68 from k7sch3.IntLib
Replace Part L? Inductor in E:\kursach7altium\project\sch3.SchDoc with Inductor from k7shared.IntLib
Replace Part L? Inductor in E:\kursach7altium\project\sch3.SchDoc with Inductor from k7shared.IntLib
Replace Part L? Inductor in E:\kursach7altium\project\sch3.SchDoc with Inductor from k7shared.IntLib
Replace Part L? Inductor in E:\kursach7altium\project\sch3.SchDoc with Inductor from k7shared.IntLib
Replace Part L? Inductor in E:\kursach7altium\project\sch3.SchDoc with Inductor from k7shared.IntLib
Replace Part L? Inductor in E:\kursach7altium\project\sch3.SchDoc with Inductor from k7shared.IntLib
Replace Part L? Inductor in E:\kursach7altium\project\sch3.SchDoc with Inductor from k7shared.IntLib
Replace Part L? Inductor in E:\kursach7altium\project\sch3.SchDoc with Inductor from k7shared.IntLib
Replace Part L? Inductor in E:\kursach7altium\project\sch3.SchDoc with Inductor from k7shared.IntLib
Replace Part L? Inductor in E:\kursach7altium\project\sch3.SchDoc with Inductor from k7shared.IntLib
Replace Part L? Inductor in E:\kursach7altium\project\sch3.SchDoc with Inductor from k7shared.IntLib
Replace Part L? Inductor in E:\kursach7altium\project\sch3.SchDoc with Inductor from k7shared.IntLib
Replace Part L? Inductor in E:\kursach7altium\project\sch3.SchDoc with Inductor from k7shared.IntLib
Replace Part R? Resistor in E:\kursach7altium\project\sch3.SchDoc with Resistor from k7shared.IntLib
Replace Part R? Resistor in E:\kursach7altium\project\sch3.SchDoc with Resistor from k7shared.IntLib
Replace Part R? Resistor in E:\kursach7altium\project\sch3.SchDoc with Resistor from k7shared.IntLib
Replace Part R? Resistor in E:\kursach7altium\project\sch3.SchDoc with Resistor from k7shared.IntLib
Replace Part R? Resistor in E:\kursach7altium\project\sch3.SchDoc with Resistor from k7shared.IntLib
Replace Part R? Resistor in E:\kursach7altium\project\sch3.SchDoc with Resistor from k7shared.IntLib
Replace Part R? Resistor in E:\kursach7altium\project\sch3.SchDoc with Resistor from k7shared.IntLib
Replace Part R? Resistor in E:\kursach7altium\project\sch3.SchDoc with Resistor from k7shared.IntLib
Replace Part R? Resistor in E:\kursach7altium\project\sch3.SchDoc with Resistor from k7shared.IntLib
Replace Part VT? Transistor 2 in E:\kursach7altium\project\sch3.SchDoc with Transistor 2 from k7shared.IntLib
Replace Part VT? Transistor 2 in E:\kursach7altium\project\sch3.SchDoc with Transistor 2 from k7shared.IntLib
Replace Part X? VCC-GND R in E:\kursach7altium\project\sch3.SchDoc with VCC-GND R from k7shared.IntLib
Replace Part X? VCC-GND R in E:\kursach7altium\project\sch3.SchDoc with VCC-GND R from k7shared.IntLib
Replace Part X? Inputs in E:\kursach7altium\project\sch3.SchDoc with Inputs from k7sch3.IntLib
Replace Part X? Outputs in E:\kursach7altium\project\sch3.SchDoc with Outputs from k7sch3.IntLib
Replace Part X? J102 in E:\kursach7altium\project\sch3.SchDoc with J102 from k7sch3.IntLib
Replace Part X? J101 in E:\kursach7altium\project\sch3.SchDoc with J101 from k7sch3.IntLib
Replace Part XS? VCC-GND R in E:\kursach7altium\project\sch3.SchDoc with VCC-GND R from k7shared.IntLib
Replace Part XS? VCC-GND R in E:\kursach7altium\project\sch3.SchDoc with VCC-GND R from k7shared.IntLib
Replace Part XS? VCC-GND R in E:\kursach7altium\project\sch3.SchDoc with VCC-GND R from k7shared.IntLib
Replace Part XS? VCC-GND R in E:\kursach7altium\project\sch3.SchDoc with VCC-GND R from k7shared.IntLib
