Change Component Designator: Old Designator=C78 New Designator=C?
Change Component Designator: Old Designator=C79 New Designator=C?
Change Component Designator: Old Designator=C80 New Designator=C?
Change Component Designator: Old Designator=C81 New Designator=C?
Change Component Designator: Old Designator=C82 New Designator=C?
Change Component Designator: Old Designator=C83 New Designator=C?
Change Component Designator: Old Designator=C84 New Designator=C?
Change Component Designator: Old Designator=C85 New Designator=C?
Change Component Designator: Old Designator=C86 New Designator=C?
Change Component Designator: Old Designator=C87 New Designator=C?
Change Component Designator: Old Designator=C88 New Designator=C?
Change Component Designator: Old Designator=C89 New Designator=C?
Change Component Designator: Old Designator=C90 New Designator=C?
Change Component Designator: Old Designator=C91 New Designator=C?
Change Component Designator: Old Designator=C92 New Designator=C?
Change Component Designator: Old Designator=C93 New Designator=C?
Change Component Designator: Old Designator=C94 New Designator=C?
Change Component Designator: Old Designator=C95 New Designator=C?
Change Component Designator: Old Designator=C96 New Designator=C?
Change Component Designator: Old Designator=DA5 New Designator=DA?
Change Component Designator: Old Designator=DA5 New Designator=DA?
Change Component Designator: Old Designator=DA5 New Designator=DA?
Change Component Designator: Old Designator=DA5 New Designator=DA?
Change Component Designator: Old Designator=DA6 New Designator=DA?
Change Component Designator: Old Designator=DA7 New Designator=DA?
Change Component Designator: Old Designator=L21 New Designator=L?
Change Component Designator: Old Designator=L22 New Designator=L?
Change Component Designator: Old Designator=L23 New Designator=L?
Change Component Designator: Old Designator=L24 New Designator=L?
Change Component Designator: Old Designator=L25 New Designator=L?
Change Component Designator: Old Designator=L26 New Designator=L?
Change Component Designator: Old Designator=L27 New Designator=L?
Change Component Designator: Old Designator=L28 New Designator=L?
Change Component Designator: Old Designator=L29 New Designator=L?
Change Component Designator: Old Designator=L30 New Designator=L?
Change Component Designator: Old Designator=L31 New Designator=L?
Change Component Designator: Old Designator=L32 New Designator=L?
Change Component Designator: Old Designator=L33 New Designator=L?
Change Component Designator: Old Designator=R59 New Designator=R?
Change Component Designator: Old Designator=R60 New Designator=R?
Change Component Designator: Old Designator=R61 New Designator=R?
Change Component Designator: Old Designator=R62 New Designator=R?
Change Component Designator: Old Designator=R63 New Designator=R?
Change Component Designator: Old Designator=R64 New Designator=R?
Change Component Designator: Old Designator=R65 New Designator=R?
Change Component Designator: Old Designator=R66 New Designator=R?
Change Component Designator: Old Designator=R67 New Designator=R?
Change Component Designator: Old Designator=R68 New Designator=R?
Change Component Designator: Old Designator=R69 New Designator=R?
Change Component Designator: Old Designator=R70 New Designator=R?
Change Component Designator: Old Designator=R71 New Designator=R?
Change Component Designator: Old Designator=R72 New Designator=R?
Change Component Designator: Old Designator=R73 New Designator=R?
Change Component Designator: Old Designator=R74 New Designator=R?
Change Component Designator: Old Designator=R75 New Designator=R?
Change Component Designator: Old Designator=R76 New Designator=R?
Change Component Designator: Old Designator=R77 New Designator=R?
Change Component Designator: Old Designator=R78 New Designator=R?
Change Component Designator: Old Designator=R79 New Designator=R?
Change Component Designator: Old Designator=R80 New Designator=R?
Change Component Designator: Old Designator=R81 New Designator=R?
Change Component Designator: Old Designator=R82 New Designator=R?
Change Component Designator: Old Designator=R83 New Designator=R?
Change Component Designator: Old Designator=R84 New Designator=R?
Change Component Designator: Old Designator=R85 New Designator=R?
Change Component Designator: Old Designator=R86 New Designator=R?
Change Component Designator: Old Designator=R87 New Designator=R?
Change Component Designator: Old Designator=VT10 New Designator=VT?
Change Component Designator: Old Designator=VT11 New Designator=VT?
Change Component Designator: Old Designator=VT12 New Designator=VT?
Change Component Designator: Old Designator=X33 New Designator=X?
Change Component Designator: Old Designator=X34 New Designator=X?
Change Component Designator: Old Designator=X35 New Designator=X?
Change Component Designator: Old Designator=X36 New Designator=X?
Change Component Designator: Old Designator=X37 New Designator=X?
Change Component Designator: Old Designator=X38 New Designator=X?
Change Component Designator: Old Designator=X39 New Designator=X?
Change Component Designator: Old Designator=X40 New Designator=X?
Change Component Designator: Old Designator=XS12 New Designator=XS?
Change Component Designator: Old Designator=XS13 New Designator=XS?
Change Component Designator: Old Designator=XS14 New Designator=XS?
Change Component Designator: Old Designator=XS15 New Designator=XS?
