Replace Part C44 Capacitor Duga in E:\kursach7altium\project\sch3.SchDoc with Capacitor Duga from k7shared.IntLib
Replace Part C45 Capacitor in E:\kursach7altium\project\sch3.SchDoc with Capacitor from k7shared.IntLib
Replace Part C46 Capacitor in E:\kursach7altium\project\sch3.SchDoc with Capacitor from k7shared.IntLib
Replace Part C47 Capacitor Duga in E:\kursach7altium\project\sch3.SchDoc with Capacitor Duga from k7shared.IntLib
Replace Part C48 Capacitor in E:\kursach7altium\project\sch3.SchDoc with Capacitor from k7shared.IntLib
Replace Part C49 Capacitor in E:\kursach7altium\project\sch3.SchDoc with Capacitor from k7shared.IntLib
Replace Part C50 Capacitor in E:\kursach7altium\project\sch3.SchDoc with Capacitor from k7shared.IntLib
Replace Part C51 Capacitor in E:\kursach7altium\project\sch3.SchDoc with Capacitor from k7shared.IntLib
Replace Part C52 Capacitor in E:\kursach7altium\project\sch3.SchDoc with Capacitor from k7shared.IntLib
Replace Part C53 Capacitor in E:\kursach7altium\project\sch3.SchDoc with Capacitor from k7shared.IntLib
Replace Part C54 Capacitor in E:\kursach7altium\project\sch3.SchDoc with Capacitor from k7shared.IntLib
Replace Part C55 Capacitor in E:\kursach7altium\project\sch3.SchDoc with Capacitor from k7shared.IntLib
Replace Part C56 Capacitor in E:\kursach7altium\project\sch3.SchDoc with Capacitor from k7shared.IntLib
Replace Part C57 Capacitor in E:\kursach7altium\project\sch3.SchDoc with Capacitor from k7shared.IntLib
Replace Part C58 Capacitor in E:\kursach7altium\project\sch3.SchDoc with Capacitor from k7shared.IntLib
Replace Part C59 Capacitor in E:\kursach7altium\project\sch3.SchDoc with Capacitor from k7shared.IntLib
Replace Part C60 Capacitor in E:\kursach7altium\project\sch3.SchDoc with Capacitor from k7shared.IntLib
Replace Part C61 Capacitor in E:\kursach7altium\project\sch3.SchDoc with Capacitor from k7shared.IntLib
Replace Part C62 Capacitor in E:\kursach7altium\project\sch3.SchDoc with Capacitor from k7shared.IntLib
Replace Part DA1 IC103 in E:\kursach7altium\project\sch3.SchDoc with IC103 from k7sch3.IntLib
Replace Part DA2 NT68 in E:\kursach7altium\project\sch3.SchDoc with NT68 from k7sch3.IntLib
Replace Part DA2 NT68 in E:\kursach7altium\project\sch3.SchDoc with NT68 from k7sch3.IntLib
Replace Part DA2 NT68 in E:\kursach7altium\project\sch3.SchDoc with NT68 from k7sch3.IntLib
Replace Part DA2 NT68 in E:\kursach7altium\project\sch3.SchDoc with NT68 from k7sch3.IntLib
Replace Part DA3 IC102 in E:\kursach7altium\project\sch3.SchDoc with IC102 from k7sch3.IntLib
Replace Part GND10 GND in E:\kursach7altium\project\sch3.SchDoc with GND from k7shared.IntLib
Replace Part GND11 GND in E:\kursach7altium\project\sch3.SchDoc with GND from k7shared.IntLib
Replace Part GND12 GND in E:\kursach7altium\project\sch3.SchDoc with GND from k7shared.IntLib
Replace Part GND13 GND in E:\kursach7altium\project\sch3.SchDoc with GND from k7shared.IntLib
Replace Part GND14 GND in E:\kursach7altium\project\sch3.SchDoc with GND from k7shared.IntLib
Replace Part GND15 GND in E:\kursach7altium\project\sch3.SchDoc with GND from k7shared.IntLib
Replace Part GND16 GND in E:\kursach7altium\project\sch3.SchDoc with GND from k7shared.IntLib
Replace Part GND17 GND in E:\kursach7altium\project\sch3.SchDoc with GND from k7shared.IntLib
Replace Part GND18 GND in E:\kursach7altium\project\sch3.SchDoc with GND from k7shared.IntLib
Replace Part L7 Inductor in E:\kursach7altium\project\sch3.SchDoc with Inductor from k7shared.IntLib
Replace Part L8 Inductor in E:\kursach7altium\project\sch3.SchDoc with Inductor from k7shared.IntLib
Replace Part L9 Inductor in E:\kursach7altium\project\sch3.SchDoc with Inductor from k7shared.IntLib
Replace Part L10 Inductor in E:\kursach7altium\project\sch3.SchDoc with Inductor from k7shared.IntLib
Replace Part L11 Inductor in E:\kursach7altium\project\sch3.SchDoc with Inductor from k7shared.IntLib
Replace Part L12 Inductor in E:\kursach7altium\project\sch3.SchDoc with Inductor from k7shared.IntLib
Replace Part L13 Inductor in E:\kursach7altium\project\sch3.SchDoc with Inductor from k7shared.IntLib
Replace Part L14 Inductor in E:\kursach7altium\project\sch3.SchDoc with Inductor from k7shared.IntLib
Replace Part L15 Inductor in E:\kursach7altium\project\sch3.SchDoc with Inductor from k7shared.IntLib
Replace Part L16 Inductor in E:\kursach7altium\project\sch3.SchDoc with Inductor from k7shared.IntLib
Replace Part L17 Inductor in E:\kursach7altium\project\sch3.SchDoc with Inductor from k7shared.IntLib
Replace Part L18 Inductor in E:\kursach7altium\project\sch3.SchDoc with Inductor from k7shared.IntLib
Replace Part L19 Inductor in E:\kursach7altium\project\sch3.SchDoc with Inductor from k7shared.IntLib
Replace Part R21 Resistor in E:\kursach7altium\project\sch3.SchDoc with Resistor from k7shared.IntLib
Replace Part R22 Resistor in E:\kursach7altium\project\sch3.SchDoc with Resistor from k7shared.IntLib
Replace Part R23 Resistor in E:\kursach7altium\project\sch3.SchDoc with Resistor from k7shared.IntLib
Replace Part R24 Resistor in E:\kursach7altium\project\sch3.SchDoc with Resistor from k7shared.IntLib
Replace Part R25 Resistor in E:\kursach7altium\project\sch3.SchDoc with Resistor from k7shared.IntLib
Replace Part R26 Resistor in E:\kursach7altium\project\sch3.SchDoc with Resistor from k7shared.IntLib
Replace Part R27 Resistor in E:\kursach7altium\project\sch3.SchDoc with Resistor from k7shared.IntLib
Replace Part R28 Resistor in E:\kursach7altium\project\sch3.SchDoc with Resistor from k7shared.IntLib
Replace Part R29 Resistor in E:\kursach7altium\project\sch3.SchDoc with Resistor from k7shared.IntLib
Replace Part R30 Resistor in E:\kursach7altium\project\sch3.SchDoc with Resistor from k7shared.IntLib
Replace Part R31 Resistor in E:\kursach7altium\project\sch3.SchDoc with Resistor from k7shared.IntLib
Replace Part R32 Resistor in E:\kursach7altium\project\sch3.SchDoc with Resistor from k7shared.IntLib
Replace Part R33 Resistor in E:\kursach7altium\project\sch3.SchDoc with Resistor from k7shared.IntLib
Replace Part R34 Resistor in E:\kursach7altium\project\sch3.SchDoc with Resistor from k7shared.IntLib
Replace Part R35 Resistor in E:\kursach7altium\project\sch3.SchDoc with Resistor from k7shared.IntLib
Replace Part R36 Resistor in E:\kursach7altium\project\sch3.SchDoc with Resistor from k7shared.IntLib
Replace Part R37 Resistor in E:\kursach7altium\project\sch3.SchDoc with Resistor from k7shared.IntLib
Replace Part R38 Resistor in E:\kursach7altium\project\sch3.SchDoc with Resistor from k7shared.IntLib
Replace Part R39 Resistor in E:\kursach7altium\project\sch3.SchDoc with Resistor from k7shared.IntLib
Replace Part R40 Resistor in E:\kursach7altium\project\sch3.SchDoc with Resistor from k7shared.IntLib
Replace Part R41 Resistor in E:\kursach7altium\project\sch3.SchDoc with Resistor from k7shared.IntLib
Replace Part R42 Resistor in E:\kursach7altium\project\sch3.SchDoc with Resistor from k7shared.IntLib
Replace Part R43 Resistor in E:\kursach7altium\project\sch3.SchDoc with Resistor from k7shared.IntLib
Replace Part R44 Resistor in E:\kursach7altium\project\sch3.SchDoc with Resistor from k7shared.IntLib
Replace Part R45 Resistor in E:\kursach7altium\project\sch3.SchDoc with Resistor from k7shared.IntLib
Replace Part R46 Resistor in E:\kursach7altium\project\sch3.SchDoc with Resistor from k7shared.IntLib
Replace Part R47 Resistor in E:\kursach7altium\project\sch3.SchDoc with Resistor from k7shared.IntLib
Replace Part R48 Resistor in E:\kursach7altium\project\sch3.SchDoc with Resistor from k7shared.IntLib
Replace Part R49 Resistor in E:\kursach7altium\project\sch3.SchDoc with Resistor from k7shared.IntLib
Replace Part VCC6 VCC in E:\kursach7altium\project\sch3.SchDoc with VCC from k7shared.IntLib
Replace Part VCC7 VCC in E:\kursach7altium\project\sch3.SchDoc with VCC from k7shared.IntLib
Replace Part VCC8 VCC in E:\kursach7altium\project\sch3.SchDoc with VCC from k7shared.IntLib
Replace Part VCC9 VCC in E:\kursach7altium\project\sch3.SchDoc with VCC from k7shared.IntLib
Replace Part VCC10 VCC in E:\kursach7altium\project\sch3.SchDoc with VCC from k7shared.IntLib
Replace Part VCC11 VCC in E:\kursach7altium\project\sch3.SchDoc with VCC from k7shared.IntLib
Replace Part VCC12 VCC in E:\kursach7altium\project\sch3.SchDoc with VCC from k7shared.IntLib
Replace Part VT4 Transistor 1 in E:\kursach7altium\project\sch3.SchDoc with Transistor 1 from k7shared.IntLib
Replace Part VT5 Transistor 2 in E:\kursach7altium\project\sch3.SchDoc with Transistor 2 from k7shared.IntLib
Replace Part VT6 Transistor 2 in E:\kursach7altium\project\sch3.SchDoc with Transistor 2 from k7shared.IntLib
Replace Part X6 Inputs in E:\kursach7altium\project\sch3.SchDoc with Inputs from k7sch3.IntLib
Replace Part X7 Outputs in E:\kursach7altium\project\sch3.SchDoc with Outputs from k7sch3.IntLib
Replace Part X8 J102 in E:\kursach7altium\project\sch3.SchDoc with J102 from k7sch3.IntLib
Replace Part X9 J101 in E:\kursach7altium\project\sch3.SchDoc with J101 from k7sch3.IntLib
