Change Component Designator: Old Designator=C? New Designator=C78
Change Component Designator: Old Designator=C? New Designator=C79
Change Component Designator: Old Designator=C? New Designator=C80
Change Component Designator: Old Designator=C? New Designator=C81
Change Component Designator: Old Designator=C? New Designator=C82
Change Component Designator: Old Designator=C? New Designator=C83
Change Component Designator: Old Designator=C? New Designator=C84
Change Component Designator: Old Designator=C? New Designator=C85
Change Component Designator: Old Designator=C? New Designator=C86
Change Component Designator: Old Designator=C? New Designator=C87
Change Component Designator: Old Designator=C? New Designator=C88
Change Component Designator: Old Designator=C? New Designator=C89
Change Component Designator: Old Designator=C? New Designator=C90
Change Component Designator: Old Designator=C? New Designator=C91
Change Component Designator: Old Designator=C? New Designator=C92
Change Component Designator: Old Designator=C? New Designator=C93
Change Component Designator: Old Designator=C? New Designator=C94
Change Component Designator: Old Designator=C? New Designator=C95
Change Component Designator: Old Designator=C? New Designator=C96
Change Component Designator: Old Designator=DA? New Designator=DA5
Change Component Designator: Old Designator=DA? New Designator=DA5
Change Component Designator: Old Designator=DA? New Designator=DA5
Change Component Designator: Old Designator=DA? New Designator=DA5
Change Component Designator: Old Designator=DA? New Designator=DA6
Change Component Designator: Old Designator=DA? New Designator=DA7
Change Component Designator: Old Designator=L? New Designator=L21
Change Component Designator: Old Designator=L? New Designator=L22
Change Component Designator: Old Designator=L? New Designator=L23
Change Component Designator: Old Designator=L? New Designator=L24
Change Component Designator: Old Designator=L? New Designator=L25
Change Component Designator: Old Designator=L? New Designator=L26
Change Component Designator: Old Designator=L? New Designator=L27
Change Component Designator: Old Designator=L? New Designator=L28
Change Component Designator: Old Designator=L? New Designator=L29
Change Component Designator: Old Designator=L? New Designator=L30
Change Component Designator: Old Designator=L? New Designator=L31
Change Component Designator: Old Designator=L? New Designator=L32
Change Component Designator: Old Designator=L? New Designator=L33
Change Component Designator: Old Designator=R? New Designator=R59
Change Component Designator: Old Designator=R? New Designator=R60
Change Component Designator: Old Designator=R? New Designator=R61
Change Component Designator: Old Designator=R? New Designator=R62
Change Component Designator: Old Designator=R? New Designator=R63
Change Component Designator: Old Designator=R? New Designator=R64
Change Component Designator: Old Designator=R? New Designator=R65
Change Component Designator: Old Designator=R? New Designator=R66
Change Component Designator: Old Designator=R? New Designator=R67
Change Component Designator: Old Designator=R? New Designator=R68
Change Component Designator: Old Designator=R? New Designator=R69
Change Component Designator: Old Designator=R? New Designator=R70
Change Component Designator: Old Designator=R? New Designator=R71
Change Component Designator: Old Designator=R? New Designator=R72
Change Component Designator: Old Designator=R? New Designator=R73
Change Component Designator: Old Designator=R? New Designator=R74
Change Component Designator: Old Designator=R? New Designator=R75
Change Component Designator: Old Designator=R? New Designator=R76
Change Component Designator: Old Designator=R? New Designator=R77
Change Component Designator: Old Designator=R? New Designator=R78
Change Component Designator: Old Designator=R? New Designator=R79
Change Component Designator: Old Designator=R? New Designator=R80
Change Component Designator: Old Designator=R? New Designator=R81
Change Component Designator: Old Designator=R? New Designator=R82
Change Component Designator: Old Designator=R? New Designator=R83
Change Component Designator: Old Designator=R? New Designator=R84
Change Component Designator: Old Designator=R? New Designator=R85
Change Component Designator: Old Designator=R? New Designator=R86
Change Component Designator: Old Designator=R? New Designator=R87
Change Component Designator: Old Designator=VT? New Designator=VT10
Change Component Designator: Old Designator=VT? New Designator=VT11
Change Component Designator: Old Designator=VT? New Designator=VT12
Change Component Designator: Old Designator=X? New Designator=X33
Change Component Designator: Old Designator=X? New Designator=X34
Change Component Designator: Old Designator=X? New Designator=X35
Change Component Designator: Old Designator=X? New Designator=X36
Change Component Designator: Old Designator=X? New Designator=X37
Change Component Designator: Old Designator=X? New Designator=X38
Change Component Designator: Old Designator=X? New Designator=X39
Change Component Designator: Old Designator=X? New Designator=X40
Change Component Designator: Old Designator=XS? New Designator=XS12
Change Component Designator: Old Designator=XS? New Designator=XS13
Change Component Designator: Old Designator=XS? New Designator=XS14
Change Component Designator: Old Designator=XS? New Designator=XS15
