Replace Part C44 Capacitor Duga in E:\kursach7altium\project\sch3.SchDoc with Capacitor Duga from k7shared.IntLib
Replace Part C45 Capacitor in E:\kursach7altium\project\sch3.SchDoc with Capacitor from k7shared.IntLib
Replace Part C46 Capacitor in E:\kursach7altium\project\sch3.SchDoc with Capacitor from k7shared.IntLib
Replace Part C47 Capacitor Duga in E:\kursach7altium\project\sch3.SchDoc with Capacitor Duga from k7shared.IntLib
Replace Part C48 Capacitor in E:\kursach7altium\project\sch3.SchDoc with Capacitor from k7shared.IntLib
Replace Part C49 Capacitor in E:\kursach7altium\project\sch3.SchDoc with Capacitor from k7shared.IntLib
Replace Part C50 Capacitor in E:\kursach7altium\project\sch3.SchDoc with Capacitor from k7shared.IntLib
Replace Part C51 Capacitor in E:\kursach7altium\project\sch3.SchDoc with Capacitor from k7shared.IntLib
Replace Part C52 Capacitor in E:\kursach7altium\project\sch3.SchDoc with Capacitor from k7shared.IntLib
Replace Part C53 Capacitor in E:\kursach7altium\project\sch3.SchDoc with Capacitor from k7shared.IntLib
Replace Part C54 Capacitor in E:\kursach7altium\project\sch3.SchDoc with Capacitor from k7shared.IntLib
Replace Part C55 Capacitor in E:\kursach7altium\project\sch3.SchDoc with Capacitor from k7shared.IntLib
Replace Part C56 Capacitor in E:\kursach7altium\project\sch3.SchDoc with Capacitor from k7shared.IntLib
Replace Part C57 Capacitor in E:\kursach7altium\project\sch3.SchDoc with Capacitor from k7shared.IntLib
Replace Part C58 Capacitor in E:\kursach7altium\project\sch3.SchDoc with Capacitor from k7shared.IntLib
Replace Part C59 Capacitor in E:\kursach7altium\project\sch3.SchDoc with Capacitor from k7shared.IntLib
Replace Part C60 Capacitor in E:\kursach7altium\project\sch3.SchDoc with Capacitor from k7shared.IntLib
Replace Part C61 Capacitor in E:\kursach7altium\project\sch3.SchDoc with Capacitor from k7shared.IntLib
Replace Part C62 Capacitor in E:\kursach7altium\project\sch3.SchDoc with Capacitor from k7shared.IntLib
Replace Part DA1 NT68 in E:\kursach7altium\project\sch3.SchDoc with NT68 from k7sch3.IntLib
Replace Part DA1 NT68 in E:\kursach7altium\project\sch3.SchDoc with NT68 from k7sch3.IntLib
Replace Part DA1 NT68 in E:\kursach7altium\project\sch3.SchDoc with NT68 from k7sch3.IntLib
Replace Part DA1 NT68 in E:\kursach7altium\project\sch3.SchDoc with NT68 from k7sch3.IntLib
Replace Part DA2 IC103 in E:\kursach7altium\project\sch3.SchDoc with IC103 from k7sch3.IntLib
Replace Part DA3 IC102 in E:\kursach7altium\project\sch3.SchDoc with IC102 from k7sch3.IntLib
Replace Part L7 Inductor in E:\kursach7altium\project\sch3.SchDoc with Inductor from k7shared.IntLib
Replace Part L8 Inductor in E:\kursach7altium\project\sch3.SchDoc with Inductor from k7shared.IntLib
Replace Part L9 Inductor in E:\kursach7altium\project\sch3.SchDoc with Inductor from k7shared.IntLib
Replace Part L10 Inductor in E:\kursach7altium\project\sch3.SchDoc with Inductor from k7shared.IntLib
Replace Part L11 Inductor in E:\kursach7altium\project\sch3.SchDoc with Inductor from k7shared.IntLib
Replace Part L12 Inductor in E:\kursach7altium\project\sch3.SchDoc with Inductor from k7shared.IntLib
Replace Part L13 Inductor in E:\kursach7altium\project\sch3.SchDoc with Inductor from k7shared.IntLib
Replace Part L14 Inductor in E:\kursach7altium\project\sch3.SchDoc with Inductor from k7shared.IntLib
Replace Part L15 Inductor in E:\kursach7altium\project\sch3.SchDoc with Inductor from k7shared.IntLib
Replace Part L16 Inductor in E:\kursach7altium\project\sch3.SchDoc with Inductor from k7shared.IntLib
Replace Part L17 Inductor in E:\kursach7altium\project\sch3.SchDoc with Inductor from k7shared.IntLib
Replace Part L18 Inductor in E:\kursach7altium\project\sch3.SchDoc with Inductor from k7shared.IntLib
Replace Part L19 Inductor in E:\kursach7altium\project\sch3.SchDoc with Inductor from k7shared.IntLib
Replace Part R21 Resistor in E:\kursach7altium\project\sch3.SchDoc with Resistor from k7shared.IntLib
Replace Part R22 Resistor in E:\kursach7altium\project\sch3.SchDoc with Resistor from k7shared.IntLib
Replace Part R23 Resistor in E:\kursach7altium\project\sch3.SchDoc with Resistor from k7shared.IntLib
Replace Part R24 Resistor in E:\kursach7altium\project\sch3.SchDoc with Resistor from k7shared.IntLib
Replace Part R25 Resistor in E:\kursach7altium\project\sch3.SchDoc with Resistor from k7shared.IntLib
Replace Part R26 Resistor in E:\kursach7altium\project\sch3.SchDoc with Resistor from k7shared.IntLib
Replace Part R27 Resistor in E:\kursach7altium\project\sch3.SchDoc with Resistor from k7shared.IntLib
Replace Part R28 Resistor in E:\kursach7altium\project\sch3.SchDoc with Resistor from k7shared.IntLib
Replace Part R29 Resistor in E:\kursach7altium\project\sch3.SchDoc with Resistor from k7shared.IntLib
Replace Part R30 Resistor in E:\kursach7altium\project\sch3.SchDoc with Resistor from k7shared.IntLib
Replace Part R31 Resistor in E:\kursach7altium\project\sch3.SchDoc with Resistor from k7shared.IntLib
Replace Part R32 Resistor in E:\kursach7altium\project\sch3.SchDoc with Resistor from k7shared.IntLib
Replace Part R33 Resistor in E:\kursach7altium\project\sch3.SchDoc with Resistor from k7shared.IntLib
Replace Part R34 Resistor in E:\kursach7altium\project\sch3.SchDoc with Resistor from k7shared.IntLib
Replace Part R35 Resistor in E:\kursach7altium\project\sch3.SchDoc with Resistor from k7shared.IntLib
Replace Part R36 Resistor in E:\kursach7altium\project\sch3.SchDoc with Resistor from k7shared.IntLib
Replace Part R37 Resistor in E:\kursach7altium\project\sch3.SchDoc with Resistor from k7shared.IntLib
Replace Part R38 Resistor in E:\kursach7altium\project\sch3.SchDoc with Resistor from k7shared.IntLib
Replace Part R39 Resistor in E:\kursach7altium\project\sch3.SchDoc with Resistor from k7shared.IntLib
Replace Part R40 Resistor in E:\kursach7altium\project\sch3.SchDoc with Resistor from k7shared.IntLib
Replace Part R41 Resistor in E:\kursach7altium\project\sch3.SchDoc with Resistor from k7shared.IntLib
Replace Part R42 Resistor in E:\kursach7altium\project\sch3.SchDoc with Resistor from k7shared.IntLib
Replace Part R43 Resistor in E:\kursach7altium\project\sch3.SchDoc with Resistor from k7shared.IntLib
Replace Part R44 Resistor in E:\kursach7altium\project\sch3.SchDoc with Resistor from k7shared.IntLib
Replace Part R45 Resistor in E:\kursach7altium\project\sch3.SchDoc with Resistor from k7shared.IntLib
Replace Part R46 Resistor in E:\kursach7altium\project\sch3.SchDoc with Resistor from k7shared.IntLib
Replace Part R47 Resistor in E:\kursach7altium\project\sch3.SchDoc with Resistor from k7shared.IntLib
Replace Part R48 Resistor in E:\kursach7altium\project\sch3.SchDoc with Resistor from k7shared.IntLib
Replace Part R49 Resistor in E:\kursach7altium\project\sch3.SchDoc with Resistor from k7shared.IntLib
Replace Part VT4 Transistor 1 in E:\kursach7altium\project\sch3.SchDoc with Transistor 1 from k7shared.IntLib
Replace Part VT5 Transistor 2 in E:\kursach7altium\project\sch3.SchDoc with Transistor 2 from k7shared.IntLib
Replace Part VT6 Transistor 2 in E:\kursach7altium\project\sch3.SchDoc with Transistor 2 from k7shared.IntLib
Replace Part X15 Inputs in E:\kursach7altium\project\sch3.SchDoc with Inputs from k7sch3.IntLib
Replace Part X16 VCC-GND R in E:\kursach7altium\project\sch3.SchDoc with VCC-GND R from k7shared.IntLib
Replace Part X17 Outputs in E:\kursach7altium\project\sch3.SchDoc with Outputs from k7sch3.IntLib
Replace Part X18 VCC-GND R in E:\kursach7altium\project\sch3.SchDoc with VCC-GND R from k7shared.IntLib
Replace Part X19 VCC-GND R in E:\kursach7altium\project\sch3.SchDoc with VCC-GND R from k7shared.IntLib
Replace Part X20 VCC-GND R in E:\kursach7altium\project\sch3.SchDoc with VCC-GND R from k7shared.IntLib
Replace Part X21 VCC-GND R in E:\kursach7altium\project\sch3.SchDoc with VCC-GND R from k7shared.IntLib
Replace Part X22 VCC-GND R in E:\kursach7altium\project\sch3.SchDoc with VCC-GND R from k7shared.IntLib
Replace Part X23 VCC-GND R in E:\kursach7altium\project\sch3.SchDoc with VCC-GND R from k7shared.IntLib
Replace Part X24 J101 in E:\kursach7altium\project\sch3.SchDoc with J101 from k7sch3.IntLib
Replace Part X25 J102 in E:\kursach7altium\project\sch3.SchDoc with J102 from k7sch3.IntLib
Replace Part X26 VCC-GND R in E:\kursach7altium\project\sch3.SchDoc with VCC-GND R from k7shared.IntLib
