Replace Part C63 Capacitor in E:\kursach7altium\project\sch4.SchDoc with Capacitor from k7shared.IntLib
Replace Part C64 Capacitor Duga in E:\kursach7altium\project\sch4.SchDoc with Capacitor Duga from k7shared.IntLib
Replace Part C65 Capacitor in E:\kursach7altium\project\sch4.SchDoc with Capacitor from k7shared.IntLib
Replace Part C66 Capacitor in E:\kursach7altium\project\sch4.SchDoc with Capacitor from k7shared.IntLib
Replace Part C67 Capacitor in E:\kursach7altium\project\sch4.SchDoc with Capacitor from k7shared.IntLib
Replace Part C68 Capacitor in E:\kursach7altium\project\sch4.SchDoc with Capacitor from k7shared.IntLib
Replace Part C69 Capacitor in E:\kursach7altium\project\sch4.SchDoc with Capacitor from k7shared.IntLib
Replace Part C70 Capacitor Duga in E:\kursach7altium\project\sch4.SchDoc with Capacitor Duga from k7shared.IntLib
Replace Part C71 Capacitor in E:\kursach7altium\project\sch4.SchDoc with Capacitor from k7shared.IntLib
Replace Part C72 Capacitor Duga in E:\kursach7altium\project\sch4.SchDoc with Capacitor Duga from k7shared.IntLib
Replace Part C73 Capacitor in E:\kursach7altium\project\sch4.SchDoc with Capacitor from k7shared.IntLib
Replace Part C74 Capacitor in E:\kursach7altium\project\sch4.SchDoc with Capacitor from k7shared.IntLib
Replace Part C75 Capacitor Duga in E:\kursach7altium\project\sch4.SchDoc with Capacitor Duga from k7shared.IntLib
Replace Part C76 Capacitor in E:\kursach7altium\project\sch4.SchDoc with Capacitor from k7shared.IntLib
Replace Part C77 Capacitor in E:\kursach7altium\project\sch4.SchDoc with Capacitor from k7shared.IntLib
Replace Part C78 Capacitor Duga in E:\kursach7altium\project\sch4.SchDoc with Capacitor Duga from k7shared.IntLib
Replace Part C79 Capacitor in E:\kursach7altium\project\sch4.SchDoc with Capacitor from k7shared.IntLib
Replace Part C80 Capacitor Duga in E:\kursach7altium\project\sch4.SchDoc with Capacitor Duga from k7shared.IntLib
Replace Part C81 Capacitor in E:\kursach7altium\project\sch4.SchDoc with Capacitor from k7shared.IntLib
Replace Part C82 Capacitor Duga in E:\kursach7altium\project\sch4.SchDoc with Capacitor Duga from k7shared.IntLib
Replace Part C83 Capacitor in E:\kursach7altium\project\sch4.SchDoc with Capacitor from k7shared.IntLib
Replace Part C84 Capacitor in E:\kursach7altium\project\sch4.SchDoc with Capacitor from k7shared.IntLib
Replace Part C85 Capacitor Duga in E:\kursach7altium\project\sch4.SchDoc with Capacitor Duga from k7shared.IntLib
Replace Part DA4 AP494A in E:\kursach7altium\project\sch4.SchDoc with AP494A from k7sch4.IntLib
Replace Part DA5 PQ05 in E:\kursach7altium\project\sch4.SchDoc with PQ05 from k7sch4.IntLib
Replace Part DA6 IC103 in E:\kursach7altium\project\sch4.SchDoc with IC103 from k7sch3.IntLib
Replace Part DD2 74F74 in E:\kursach7altium\project\sch4.SchDoc with 74F74 from k7sch4.IntLib
Replace Part L20 Inductor in E:\kursach7altium\project\sch4.SchDoc with Inductor from k7shared.IntLib
Replace Part L21 Inductor in E:\kursach7altium\project\sch4.SchDoc with Inductor from k7shared.IntLib
Replace Part L22 Inductor in E:\kursach7altium\project\sch4.SchDoc with Inductor from k7shared.IntLib
Replace Part L23 Inductor in E:\kursach7altium\project\sch4.SchDoc with Inductor from k7shared.IntLib
Replace Part L24 Inductor in E:\kursach7altium\project\sch4.SchDoc with Inductor from k7shared.IntLib
Replace Part L25 Inductor in E:\kursach7altium\project\sch4.SchDoc with Inductor from k7shared.IntLib
Replace Part R50 Resistor in E:\kursach7altium\project\sch4.SchDoc with Resistor from k7shared.IntLib
Replace Part R51 Resistor in E:\kursach7altium\project\sch4.SchDoc with Resistor from k7shared.IntLib
Replace Part R52 Resistor in E:\kursach7altium\project\sch4.SchDoc with Resistor from k7shared.IntLib
Replace Part R53 Resistor in E:\kursach7altium\project\sch4.SchDoc with Resistor from k7shared.IntLib
Replace Part R54 Resistor in E:\kursach7altium\project\sch4.SchDoc with Resistor from k7shared.IntLib
Replace Part R55 Resistor in E:\kursach7altium\project\sch4.SchDoc with Resistor from k7shared.IntLib
Replace Part R56 Resistor in E:\kursach7altium\project\sch4.SchDoc with Resistor from k7shared.IntLib
Replace Part R57 Resistor in E:\kursach7altium\project\sch4.SchDoc with Resistor from k7shared.IntLib
Replace Part R58 Resistor in E:\kursach7altium\project\sch4.SchDoc with Resistor from k7shared.IntLib
Replace Part R59 Resistor in E:\kursach7altium\project\sch4.SchDoc with Resistor from k7shared.IntLib
Replace Part R60 Resistor in E:\kursach7altium\project\sch4.SchDoc with Resistor from k7shared.IntLib
Replace Part R61 Resistor in E:\kursach7altium\project\sch4.SchDoc with Resistor from k7shared.IntLib
Replace Part R62 Resistor in E:\kursach7altium\project\sch4.SchDoc with Resistor from k7shared.IntLib
Replace Part R63 Resistor in E:\kursach7altium\project\sch4.SchDoc with Resistor from k7shared.IntLib
Replace Part R64 Resistor in E:\kursach7altium\project\sch4.SchDoc with Resistor from k7shared.IntLib
Replace Part R65 Resistor in E:\kursach7altium\project\sch4.SchDoc with Resistor from k7shared.IntLib
Replace Part R66 Resistor in E:\kursach7altium\project\sch4.SchDoc with Resistor from k7shared.IntLib
Replace Part R67 Resistor in E:\kursach7altium\project\sch4.SchDoc with Resistor from k7shared.IntLib
Replace Part R68 Resistor in E:\kursach7altium\project\sch4.SchDoc with Resistor from k7shared.IntLib
Replace Part R69 Resistor in E:\kursach7altium\project\sch4.SchDoc with Resistor from k7shared.IntLib
Replace Part R70 Resistor in E:\kursach7altium\project\sch4.SchDoc with Resistor from k7shared.IntLib
Replace Part R71 Resistor in E:\kursach7altium\project\sch4.SchDoc with Resistor from k7shared.IntLib
Replace Part R72 Resistor in E:\kursach7altium\project\sch4.SchDoc with Resistor from k7shared.IntLib
Replace Part R73 Resistor in E:\kursach7altium\project\sch4.SchDoc with Resistor from k7shared.IntLib
Replace Part VD1 Diode 1 in E:\kursach7altium\project\sch4.SchDoc with Diode 1 from k7shared.IntLib
Replace Part VD2 Diode 1 in E:\kursach7altium\project\sch4.SchDoc with Diode 1 from k7shared.IntLib
Replace Part VD3 Diode 1 in E:\kursach7altium\project\sch4.SchDoc with Diode 1 from k7shared.IntLib
Replace Part VD4 Diode 2 in E:\kursach7altium\project\sch4.SchDoc with Diode 2 from k7shared.IntLib
Replace Part VD5 Diode 2 in E:\kursach7altium\project\sch4.SchDoc with Diode 2 from k7shared.IntLib
Replace Part VT7 Transistor 1 in E:\kursach7altium\project\sch4.SchDoc with Transistor 1 from k7shared.IntLib
Replace Part VT8 Transistor 2_1 in E:\kursach7altium\project\sch4.SchDoc with Transistor 2_1 from k7shared.IntLib
Replace Part VT9 Transistor 1_1 in E:\kursach7altium\project\sch4.SchDoc with Transistor 1_1 from k7shared.IntLib
Replace Part VT10 Transistor 2_1 in E:\kursach7altium\project\sch4.SchDoc with Transistor 2_1 from k7shared.IntLib
Replace Part VT11 Transistor 1 in E:\kursach7altium\project\sch4.SchDoc with Transistor 1 from k7shared.IntLib
Replace Part X27 12V-GND in E:\kursach7altium\project\sch4.SchDoc with 12V-GND from k7shared.IntLib
Replace Part X28 VCC-GND R in E:\kursach7altium\project\sch4.SchDoc with VCC-GND R from k7shared.IntLib
Replace Part X29 VCC-GND R in E:\kursach7altium\project\sch4.SchDoc with VCC-GND R from k7shared.IntLib
Replace Part X30 5V-GND in E:\kursach7altium\project\sch4.SchDoc with 5V-GND from k7shared.IntLib
Replace Part X31 5V-GND in E:\kursach7altium\project\sch4.SchDoc with 5V-GND from k7shared.IntLib
Replace Part X32 VCC-GND R in E:\kursach7altium\project\sch4.SchDoc with VCC-GND R from k7shared.IntLib
Replace Part X33 Connector in E:\kursach7altium\project\sch4.SchDoc with Connector from k7sch4.IntLib
Replace Part X34 12V-GND in E:\kursach7altium\project\sch4.SchDoc with 12V-GND from k7shared.IntLib
Replace Part X35 VCC-GND R in E:\kursach7altium\project\sch4.SchDoc with VCC-GND R from k7shared.IntLib
Replace Part X36 5V-GND in E:\kursach7altium\project\sch4.SchDoc with 5V-GND from k7shared.IntLib
Replace Part X37 J601 in E:\kursach7altium\project\sch4.SchDoc with J601 from k7sch4.IntLib
Replace Part X38 VCC-GND R in E:\kursach7altium\project\sch4.SchDoc with VCC-GND R from k7shared.IntLib
Replace Part X39 VCC-GND R in E:\kursach7altium\project\sch4.SchDoc with VCC-GND R from k7shared.IntLib
Replace Part X40 VCC-GND R in E:\kursach7altium\project\sch4.SchDoc with VCC-GND R from k7shared.IntLib
Replace Part X41 12V-GND in E:\kursach7altium\project\sch4.SchDoc with 12V-GND from k7shared.IntLib
