Replace Part C? Capacitor Duga in E:\kursach7altium\project\sch4.SchDoc with Capacitor Duga from k7shared.IntLib
Replace Part C? Capacitor in E:\kursach7altium\project\sch4.SchDoc with Capacitor from k7shared.IntLib
Replace Part C? Capacitor in E:\kursach7altium\project\sch4.SchDoc with Capacitor from k7shared.IntLib
Replace Part C? Capacitor in E:\kursach7altium\project\sch4.SchDoc with Capacitor from k7shared.IntLib
Replace Part C? Capacitor in E:\kursach7altium\project\sch4.SchDoc with Capacitor from k7shared.IntLib
Replace Part C? Capacitor in E:\kursach7altium\project\sch4.SchDoc with Capacitor from k7shared.IntLib
Replace Part C? Capacitor Duga in E:\kursach7altium\project\sch4.SchDoc with Capacitor Duga from k7shared.IntLib
Replace Part C? Capacitor in E:\kursach7altium\project\sch4.SchDoc with Capacitor from k7shared.IntLib
Replace Part C? Capacitor in E:\kursach7altium\project\sch4.SchDoc with Capacitor from k7shared.IntLib
Replace Part C? Capacitor in E:\kursach7altium\project\sch4.SchDoc with Capacitor from k7shared.IntLib
Replace Part C? Capacitor in E:\kursach7altium\project\sch4.SchDoc with Capacitor from k7shared.IntLib
Replace Part C? Capacitor Duga in E:\kursach7altium\project\sch4.SchDoc with Capacitor Duga from k7shared.IntLib
Replace Part C? Capacitor Duga in E:\kursach7altium\project\sch4.SchDoc with Capacitor Duga from k7shared.IntLib
Replace Part C? Capacitor in E:\kursach7altium\project\sch4.SchDoc with Capacitor from k7shared.IntLib
Replace Part C? Capacitor in E:\kursach7altium\project\sch4.SchDoc with Capacitor from k7shared.IntLib
Replace Part C? Capacitor in E:\kursach7altium\project\sch4.SchDoc with Capacitor from k7shared.IntLib
Replace Part C? Capacitor Duga in E:\kursach7altium\project\sch4.SchDoc with Capacitor Duga from k7shared.IntLib
Replace Part C? Capacitor in E:\kursach7altium\project\sch4.SchDoc with Capacitor from k7shared.IntLib
Replace Part C? Capacitor Duga in E:\kursach7altium\project\sch4.SchDoc with Capacitor Duga from k7shared.IntLib
Replace Part C? Capacitor Duga in E:\kursach7altium\project\sch4.SchDoc with Capacitor Duga from k7shared.IntLib
Replace Part C? Capacitor in E:\kursach7altium\project\sch4.SchDoc with Capacitor from k7shared.IntLib
Replace Part C? Capacitor in E:\kursach7altium\project\sch4.SchDoc with Capacitor from k7shared.IntLib
Replace Part C? Capacitor Duga in E:\kursach7altium\project\sch4.SchDoc with Capacitor Duga from k7shared.IntLib
Replace Part DA? AP494A in E:\kursach7altium\project\sch4.SchDoc with AP494A from k7sch4.IntLib
Replace Part DA? PQ05 in E:\kursach7altium\project\sch4.SchDoc with PQ05 from k7sch4.IntLib
Replace Part DA? IC103 in E:\kursach7altium\project\sch4.SchDoc with IC103 from k7sch3.IntLib
Replace Part DD? 74F74 in E:\kursach7altium\project\sch4.SchDoc with 74F74 from k7sch4.IntLib
Replace Part L? Inductor in E:\kursach7altium\project\sch4.SchDoc with Inductor from k7shared.IntLib
Replace Part L? Inductor in E:\kursach7altium\project\sch4.SchDoc with Inductor from k7shared.IntLib
Replace Part L? Inductor in E:\kursach7altium\project\sch4.SchDoc with Inductor from k7shared.IntLib
Replace Part L? Inductor in E:\kursach7altium\project\sch4.SchDoc with Inductor from k7shared.IntLib
Replace Part L? Inductor in E:\kursach7altium\project\sch4.SchDoc with Inductor from k7shared.IntLib
Replace Part L? Inductor in E:\kursach7altium\project\sch4.SchDoc with Inductor from k7shared.IntLib
Replace Part R? Resistor in E:\kursach7altium\project\sch4.SchDoc with Resistor from k7shared.IntLib
Replace Part R? Resistor in E:\kursach7altium\project\sch4.SchDoc with Resistor from k7shared.IntLib
Replace Part R? Resistor in E:\kursach7altium\project\sch4.SchDoc with Resistor from k7shared.IntLib
Replace Part R? Resistor in E:\kursach7altium\project\sch4.SchDoc with Resistor from k7shared.IntLib
Replace Part R? Resistor in E:\kursach7altium\project\sch4.SchDoc with Resistor from k7shared.IntLib
Replace Part R? Resistor in E:\kursach7altium\project\sch4.SchDoc with Resistor from k7shared.IntLib
Replace Part R? Resistor in E:\kursach7altium\project\sch4.SchDoc with Resistor from k7shared.IntLib
Replace Part R? Resistor in E:\kursach7altium\project\sch4.SchDoc with Resistor from k7shared.IntLib
Replace Part R? Resistor in E:\kursach7altium\project\sch4.SchDoc with Resistor from k7shared.IntLib
Replace Part R? Resistor in E:\kursach7altium\project\sch4.SchDoc with Resistor from k7shared.IntLib
Replace Part R? Resistor in E:\kursach7altium\project\sch4.SchDoc with Resistor from k7shared.IntLib
Replace Part R? Resistor in E:\kursach7altium\project\sch4.SchDoc with Resistor from k7shared.IntLib
Replace Part R? Resistor in E:\kursach7altium\project\sch4.SchDoc with Resistor from k7shared.IntLib
Replace Part R? Resistor in E:\kursach7altium\project\sch4.SchDoc with Resistor from k7shared.IntLib
Replace Part R? Resistor in E:\kursach7altium\project\sch4.SchDoc with Resistor from k7shared.IntLib
Replace Part R? Resistor in E:\kursach7altium\project\sch4.SchDoc with Resistor from k7shared.IntLib
Replace Part R? Resistor in E:\kursach7altium\project\sch4.SchDoc with Resistor from k7shared.IntLib
Replace Part R? Resistor in E:\kursach7altium\project\sch4.SchDoc with Resistor from k7shared.IntLib
Replace Part R? Resistor in E:\kursach7altium\project\sch4.SchDoc with Resistor from k7shared.IntLib
Replace Part R? Resistor in E:\kursach7altium\project\sch4.SchDoc with Resistor from k7shared.IntLib
Replace Part R? Resistor in E:\kursach7altium\project\sch4.SchDoc with Resistor from k7shared.IntLib
Replace Part R? Resistor in E:\kursach7altium\project\sch4.SchDoc with Resistor from k7shared.IntLib
Replace Part R? Resistor in E:\kursach7altium\project\sch4.SchDoc with Resistor from k7shared.IntLib
Replace Part R? Resistor in E:\kursach7altium\project\sch4.SchDoc with Resistor from k7shared.IntLib
Replace Part VD? Diode 1 in E:\kursach7altium\project\sch4.SchDoc with Diode 1 from k7shared.IntLib
Replace Part VD? Diode 1 in E:\kursach7altium\project\sch4.SchDoc with Diode 1 from k7shared.IntLib
Replace Part VD? Diode 2 in E:\kursach7altium\project\sch4.SchDoc with Diode 2 from k7shared.IntLib
Replace Part VD? Diode 1 in E:\kursach7altium\project\sch4.SchDoc with Diode 1 from k7shared.IntLib
Replace Part VD? Diode 2 in E:\kursach7altium\project\sch4.SchDoc with Diode 2 from k7shared.IntLib
Replace Part VT? Transistor 2_1 in E:\kursach7altium\project\sch4.SchDoc with Transistor 2_1 from k7shared.IntLib
Replace Part VT? Transistor 2_1 in E:\kursach7altium\project\sch4.SchDoc with Transistor 2_1 from k7shared.IntLib
Replace Part VT? Transistor 1 in E:\kursach7altium\project\sch4.SchDoc with Transistor 1 from k7shared.IntLib
Replace Part VT? Transistor 1_1 in E:\kursach7altium\project\sch4.SchDoc with Transistor 1_1 from k7shared.IntLib
Replace Part VT? Transistor 1 in E:\kursach7altium\project\sch4.SchDoc with Transistor 1 from k7shared.IntLib
Replace Part X? Connector in E:\kursach7altium\project\sch4.SchDoc with Connector from k7sch4.IntLib
Replace Part X? VCC-GND R in E:\kursach7altium\project\sch4.SchDoc with VCC-GND R from k7shared.IntLib
Replace Part X? VCC-GND R in E:\kursach7altium\project\sch4.SchDoc with VCC-GND R from k7shared.IntLib
Replace Part X? 12V-GND in E:\kursach7altium\project\sch4.SchDoc with 12V-GND from k7shared.IntLib
Replace Part X? VCC-GND R in E:\kursach7altium\project\sch4.SchDoc with VCC-GND R from k7shared.IntLib
Replace Part X? 12V-GND in E:\kursach7altium\project\sch4.SchDoc with 12V-GND from k7shared.IntLib
Replace Part X? 5V-GND in E:\kursach7altium\project\sch4.SchDoc with 5V-GND from k7shared.IntLib
Replace Part X? 5V-GND in E:\kursach7altium\project\sch4.SchDoc with 5V-GND from k7shared.IntLib
Replace Part X? VCC-GND R in E:\kursach7altium\project\sch4.SchDoc with VCC-GND R from k7shared.IntLib
Replace Part X? VCC-GND R in E:\kursach7altium\project\sch4.SchDoc with VCC-GND R from k7shared.IntLib
Replace Part X? 5V-GND in E:\kursach7altium\project\sch4.SchDoc with 5V-GND from k7shared.IntLib
Replace Part X? VCC-GND R in E:\kursach7altium\project\sch4.SchDoc with VCC-GND R from k7shared.IntLib
Replace Part X? 12V-GND in E:\kursach7altium\project\sch4.SchDoc with 12V-GND from k7shared.IntLib
Replace Part X? VCC-GND R in E:\kursach7altium\project\sch4.SchDoc with VCC-GND R from k7shared.IntLib
Replace Part X? J601 in E:\kursach7altium\project\sch4.SchDoc with J601 from k7sch4.IntLib
