Replace Part C44 Capacitor in E:\kursach7altium\project\sch4.SchDoc with Capacitor from k7shared.IntLib
Replace Part C45 Capacitor Duga in E:\kursach7altium\project\sch4.SchDoc with Capacitor Duga from k7shared.IntLib
Replace Part C46 Capacitor in E:\kursach7altium\project\sch4.SchDoc with Capacitor from k7shared.IntLib
Replace Part C47 Capacitor in E:\kursach7altium\project\sch4.SchDoc with Capacitor from k7shared.IntLib
Replace Part C48 Capacitor in E:\kursach7altium\project\sch4.SchDoc with Capacitor from k7shared.IntLib
Replace Part C49 Capacitor in E:\kursach7altium\project\sch4.SchDoc with Capacitor from k7shared.IntLib
Replace Part C50 Capacitor in E:\kursach7altium\project\sch4.SchDoc with Capacitor from k7shared.IntLib
Replace Part C51 Capacitor Duga in E:\kursach7altium\project\sch4.SchDoc with Capacitor Duga from k7shared.IntLib
Replace Part C52 Capacitor in E:\kursach7altium\project\sch4.SchDoc with Capacitor from k7shared.IntLib
Replace Part C53 Capacitor Duga in E:\kursach7altium\project\sch4.SchDoc with Capacitor Duga from k7shared.IntLib
Replace Part C54 Capacitor in E:\kursach7altium\project\sch4.SchDoc with Capacitor from k7shared.IntLib
Replace Part C55 Capacitor in E:\kursach7altium\project\sch4.SchDoc with Capacitor from k7shared.IntLib
Replace Part C56 Capacitor Duga in E:\kursach7altium\project\sch4.SchDoc with Capacitor Duga from k7shared.IntLib
Replace Part C57 Capacitor in E:\kursach7altium\project\sch4.SchDoc with Capacitor from k7shared.IntLib
Replace Part C58 Capacitor in E:\kursach7altium\project\sch4.SchDoc with Capacitor from k7shared.IntLib
Replace Part C59 Capacitor Duga in E:\kursach7altium\project\sch4.SchDoc with Capacitor Duga from k7shared.IntLib
Replace Part C60 Capacitor in E:\kursach7altium\project\sch4.SchDoc with Capacitor from k7shared.IntLib
Replace Part C61 Capacitor Duga in E:\kursach7altium\project\sch4.SchDoc with Capacitor Duga from k7shared.IntLib
Replace Part C62 Capacitor in E:\kursach7altium\project\sch4.SchDoc with Capacitor from k7shared.IntLib
Replace Part C63 Capacitor Duga in E:\kursach7altium\project\sch4.SchDoc with Capacitor Duga from k7shared.IntLib
Replace Part C64 Capacitor in E:\kursach7altium\project\sch4.SchDoc with Capacitor from k7shared.IntLib
Replace Part C65 Capacitor in E:\kursach7altium\project\sch4.SchDoc with Capacitor from k7shared.IntLib
Replace Part C66 Capacitor Duga in E:\kursach7altium\project\sch4.SchDoc with Capacitor Duga from k7shared.IntLib
Replace Part DA1 AP494A in E:\kursach7altium\project\sch4.SchDoc with AP494A from k7sch4.IntLib
Replace Part DA2 PQ05 in E:\kursach7altium\project\sch4.SchDoc with PQ05 from k7sch4.IntLib
Replace Part DA3 IC103 in E:\kursach7altium\project\sch4.SchDoc with IC103 from k7sch3.IntLib
Replace Part DD2 74F74 in E:\kursach7altium\project\sch4.SchDoc with 74F74 from k7sch4.IntLib
Replace Part L7 Inductor in E:\kursach7altium\project\sch4.SchDoc with Inductor from k7shared.IntLib
Replace Part L8 Inductor in E:\kursach7altium\project\sch4.SchDoc with Inductor from k7shared.IntLib
Replace Part L9 Inductor in E:\kursach7altium\project\sch4.SchDoc with Inductor from k7shared.IntLib
Replace Part L10 Inductor in E:\kursach7altium\project\sch4.SchDoc with Inductor from k7shared.IntLib
Replace Part L11 Inductor in E:\kursach7altium\project\sch4.SchDoc with Inductor from k7shared.IntLib
Replace Part L12 Inductor in E:\kursach7altium\project\sch4.SchDoc with Inductor from k7shared.IntLib
Replace Part R21 Resistor in E:\kursach7altium\project\sch4.SchDoc with Resistor from k7shared.IntLib
Replace Part R22 Resistor in E:\kursach7altium\project\sch4.SchDoc with Resistor from k7shared.IntLib
Replace Part R23 Resistor in E:\kursach7altium\project\sch4.SchDoc with Resistor from k7shared.IntLib
Replace Part R24 Resistor in E:\kursach7altium\project\sch4.SchDoc with Resistor from k7shared.IntLib
Replace Part R25 Resistor in E:\kursach7altium\project\sch4.SchDoc with Resistor from k7shared.IntLib
Replace Part R26 Resistor in E:\kursach7altium\project\sch4.SchDoc with Resistor from k7shared.IntLib
Replace Part R27 Resistor in E:\kursach7altium\project\sch4.SchDoc with Resistor from k7shared.IntLib
Replace Part R28 Resistor in E:\kursach7altium\project\sch4.SchDoc with Resistor from k7shared.IntLib
Replace Part R29 Resistor in E:\kursach7altium\project\sch4.SchDoc with Resistor from k7shared.IntLib
Replace Part R30 Resistor in E:\kursach7altium\project\sch4.SchDoc with Resistor from k7shared.IntLib
Replace Part R31 Resistor in E:\kursach7altium\project\sch4.SchDoc with Resistor from k7shared.IntLib
Replace Part R32 Resistor in E:\kursach7altium\project\sch4.SchDoc with Resistor from k7shared.IntLib
Replace Part R33 Resistor in E:\kursach7altium\project\sch4.SchDoc with Resistor from k7shared.IntLib
Replace Part R34 Resistor in E:\kursach7altium\project\sch4.SchDoc with Resistor from k7shared.IntLib
Replace Part R35 Resistor in E:\kursach7altium\project\sch4.SchDoc with Resistor from k7shared.IntLib
Replace Part R36 Resistor in E:\kursach7altium\project\sch4.SchDoc with Resistor from k7shared.IntLib
Replace Part R37 Resistor in E:\kursach7altium\project\sch4.SchDoc with Resistor from k7shared.IntLib
Replace Part R38 Resistor in E:\kursach7altium\project\sch4.SchDoc with Resistor from k7shared.IntLib
Replace Part R39 Resistor in E:\kursach7altium\project\sch4.SchDoc with Resistor from k7shared.IntLib
Replace Part R40 Resistor in E:\kursach7altium\project\sch4.SchDoc with Resistor from k7shared.IntLib
Replace Part R41 Resistor in E:\kursach7altium\project\sch4.SchDoc with Resistor from k7shared.IntLib
Replace Part R42 Resistor in E:\kursach7altium\project\sch4.SchDoc with Resistor from k7shared.IntLib
Replace Part R43 Resistor in E:\kursach7altium\project\sch4.SchDoc with Resistor from k7shared.IntLib
Replace Part R44 Resistor in E:\kursach7altium\project\sch4.SchDoc with Resistor from k7shared.IntLib
Replace Part VD1 Diode 1 in E:\kursach7altium\project\sch4.SchDoc with Diode 1 from k7shared.IntLib
Replace Part VD2 Diode 1 in E:\kursach7altium\project\sch4.SchDoc with Diode 1 from k7shared.IntLib
Replace Part VD3 Diode 1 in E:\kursach7altium\project\sch4.SchDoc with Diode 1 from k7shared.IntLib
Replace Part VD4 Diode 2 in E:\kursach7altium\project\sch4.SchDoc with Diode 2 from k7shared.IntLib
Replace Part VD5 Diode 2 in E:\kursach7altium\project\sch4.SchDoc with Diode 2 from k7shared.IntLib
Replace Part VT4 Transistor 1 in E:\kursach7altium\project\sch4.SchDoc with Transistor 1 from k7shared.IntLib
Replace Part VT5 Transistor 2_1 in E:\kursach7altium\project\sch4.SchDoc with Transistor 2_1 from k7shared.IntLib
Replace Part VT6 Transistor 1_1 in E:\kursach7altium\project\sch4.SchDoc with Transistor 1_1 from k7shared.IntLib
Replace Part VT7 Transistor 2_1 in E:\kursach7altium\project\sch4.SchDoc with Transistor 2_1 from k7shared.IntLib
Replace Part VT8 Transistor 1 in E:\kursach7altium\project\sch4.SchDoc with Transistor 1 from k7shared.IntLib
Replace Part X4 12V-GND in E:\kursach7altium\project\sch4.SchDoc with 12V-GND from k7shared.IntLib
Replace Part X5 VCC-GND R in E:\kursach7altium\project\sch4.SchDoc with VCC-GND R from k7shared.IntLib
Replace Part X6 VCC-GND R in E:\kursach7altium\project\sch4.SchDoc with VCC-GND R from k7shared.IntLib
Replace Part X7 5V-GND in E:\kursach7altium\project\sch4.SchDoc with 5V-GND from k7shared.IntLib
Replace Part X8 5V-GND in E:\kursach7altium\project\sch4.SchDoc with 5V-GND from k7shared.IntLib
Replace Part X9 VCC-GND R in E:\kursach7altium\project\sch4.SchDoc with VCC-GND R from k7shared.IntLib
Replace Part X10 Connector in E:\kursach7altium\project\sch4.SchDoc with Connector from k7sch4.IntLib
Replace Part X11 12V-GND in E:\kursach7altium\project\sch4.SchDoc with 12V-GND from k7shared.IntLib
Replace Part X12 VCC-GND R in E:\kursach7altium\project\sch4.SchDoc with VCC-GND R from k7shared.IntLib
Replace Part X13 5V-GND in E:\kursach7altium\project\sch4.SchDoc with 5V-GND from k7shared.IntLib
Replace Part X14 J601 in E:\kursach7altium\project\sch4.SchDoc with J601 from k7sch4.IntLib
Replace Part X15 VCC-GND R in E:\kursach7altium\project\sch4.SchDoc with VCC-GND R from k7shared.IntLib
Replace Part X16 VCC-GND R in E:\kursach7altium\project\sch4.SchDoc with VCC-GND R from k7shared.IntLib
Replace Part X17 VCC-GND R in E:\kursach7altium\project\sch4.SchDoc with VCC-GND R from k7shared.IntLib
Replace Part X18 12V-GND in E:\kursach7altium\project\sch4.SchDoc with 12V-GND from k7shared.IntLib
