Change Component Designator: Old Designator=C? New Designator=C97
Change Component Designator: Old Designator=C? New Designator=C98
Change Component Designator: Old Designator=C? New Designator=C99
Change Component Designator: Old Designator=C? New Designator=C100
Change Component Designator: Old Designator=C? New Designator=C101
Change Component Designator: Old Designator=C? New Designator=C102
Change Component Designator: Old Designator=C? New Designator=C103
Change Component Designator: Old Designator=C? New Designator=C104
Change Component Designator: Old Designator=C? New Designator=C105
Change Component Designator: Old Designator=C? New Designator=C106
Change Component Designator: Old Designator=C? New Designator=C107
Change Component Designator: Old Designator=C? New Designator=C108
Change Component Designator: Old Designator=C? New Designator=C109
Change Component Designator: Old Designator=C? New Designator=C110
Change Component Designator: Old Designator=C? New Designator=C111
Change Component Designator: Old Designator=C? New Designator=C112
Change Component Designator: Old Designator=C? New Designator=C113
Change Component Designator: Old Designator=C? New Designator=C114
Change Component Designator: Old Designator=C? New Designator=C115
Change Component Designator: Old Designator=C? New Designator=C116
Change Component Designator: Old Designator=C? New Designator=C117
Change Component Designator: Old Designator=C? New Designator=C118
Change Component Designator: Old Designator=C? New Designator=C119
Change Component Designator: Old Designator=C? New Designator=C120
Change Component Designator: Old Designator=C? New Designator=C121
Change Component Designator: Old Designator=C? New Designator=C122
Change Component Designator: Old Designator=C? New Designator=C123
Change Component Designator: Old Designator=C? New Designator=C124
Change Component Designator: Old Designator=C? New Designator=C125
Change Component Designator: Old Designator=C? New Designator=C126
Change Component Designator: Old Designator=C? New Designator=C127
Change Component Designator: Old Designator=C? New Designator=C128
Change Component Designator: Old Designator=C? New Designator=C129
Change Component Designator: Old Designator=C? New Designator=C130
Change Component Designator: Old Designator=C? New Designator=C131
Change Component Designator: Old Designator=C? New Designator=C132
Change Component Designator: Old Designator=C? New Designator=C133
Change Component Designator: Old Designator=C? New Designator=C134
Change Component Designator: Old Designator=C? New Designator=C135
Change Component Designator: Old Designator=C? New Designator=C136
Change Component Designator: Old Designator=C? New Designator=C137
Change Component Designator: Old Designator=C? New Designator=C138
Change Component Designator: Old Designator=C? New Designator=C139
Change Component Designator: Old Designator=C? New Designator=C140
Change Component Designator: Old Designator=C? New Designator=C141
Change Component Designator: Old Designator=C? New Designator=C142
Change Component Designator: Old Designator=C? New Designator=C143
Change Component Designator: Old Designator=C? New Designator=C144
Change Component Designator: Old Designator=C? New Designator=C145
Change Component Designator: Old Designator=C? New Designator=C146
Change Component Designator: Old Designator=C? New Designator=C147
Change Component Designator: Old Designator=C? New Designator=C148
Change Component Designator: Old Designator=C? New Designator=C149
Change Component Designator: Old Designator=C? New Designator=C150
Change Component Designator: Old Designator=DA? New Designator=DA8
Change Component Designator: Old Designator=DA? New Designator=DA8
Change Component Designator: Old Designator=DA? New Designator=DA8
Change Component Designator: Old Designator=DA? New Designator=DA8
Change Component Designator: Old Designator=DA? New Designator=DA8
Change Component Designator: Old Designator=DA? New Designator=DA8
Change Component Designator: Old Designator=DA? New Designator=DA8
Change Component Designator: Old Designator=DA? New Designator=DA8
Change Component Designator: Old Designator=DD? New Designator=DD3
Change Component Designator: Old Designator=G? New Designator=G1
Change Component Designator: Old Designator=GND? New Designator=GND34
Change Component Designator: Old Designator=GND? New Designator=GND35
Change Component Designator: Old Designator=GND? New Designator=GND36
Change Component Designator: Old Designator=GND? New Designator=GND37
Change Component Designator: Old Designator=GND? New Designator=GND38
Change Component Designator: Old Designator=GND? New Designator=GND39
Change Component Designator: Old Designator=GND? New Designator=GND40
Change Component Designator: Old Designator=GND? New Designator=GND41
Change Component Designator: Old Designator=GND? New Designator=GND42
Change Component Designator: Old Designator=GND? New Designator=GND43
Change Component Designator: Old Designator=GND? New Designator=GND44
Change Component Designator: Old Designator=GND? New Designator=GND45
Change Component Designator: Old Designator=GND? New Designator=GND46
Change Component Designator: Old Designator=GND? New Designator=GND47
Change Component Designator: Old Designator=GND? New Designator=GND48
Change Component Designator: Old Designator=GND? New Designator=GND49
Change Component Designator: Old Designator=GND? New Designator=GND50
Change Component Designator: Old Designator=L? New Designator=L34
Change Component Designator: Old Designator=L? New Designator=L35
Change Component Designator: Old Designator=L? New Designator=L36
Change Component Designator: Old Designator=L? New Designator=L37
Change Component Designator: Old Designator=L? New Designator=L38
Change Component Designator: Old Designator=L? New Designator=L39
Change Component Designator: Old Designator=L? New Designator=L40
Change Component Designator: Old Designator=L? New Designator=L41
Change Component Designator: Old Designator=L? New Designator=L42
Change Component Designator: Old Designator=L? New Designator=L43
Change Component Designator: Old Designator=L? New Designator=L44
Change Component Designator: Old Designator=L? New Designator=L45
Change Component Designator: Old Designator=L? New Designator=L46
Change Component Designator: Old Designator=L? New Designator=L47
Change Component Designator: Old Designator=R? New Designator=R88
Change Component Designator: Old Designator=R? New Designator=R89
Change Component Designator: Old Designator=R? New Designator=R90
Change Component Designator: Old Designator=R? New Designator=R91
Change Component Designator: Old Designator=R? New Designator=R92
Change Component Designator: Old Designator=R? New Designator=R93
Change Component Designator: Old Designator=R? New Designator=R94
Change Component Designator: Old Designator=R? New Designator=R95
Change Component Designator: Old Designator=R? New Designator=R96
Change Component Designator: Old Designator=R? New Designator=R97
Change Component Designator: Old Designator=R? New Designator=R98
Change Component Designator: Old Designator=R? New Designator=R99
Change Component Designator: Old Designator=R? New Designator=R100
Change Component Designator: Old Designator=R? New Designator=R101
Change Component Designator: Old Designator=R? New Designator=R102
Change Component Designator: Old Designator=R? New Designator=R103
Change Component Designator: Old Designator=R? New Designator=R104
Change Component Designator: Old Designator=R? New Designator=R105
Change Component Designator: Old Designator=R? New Designator=R106
Change Component Designator: Old Designator=R? New Designator=R107
Change Component Designator: Old Designator=R? New Designator=R108
Change Component Designator: Old Designator=R? New Designator=R109
Change Component Designator: Old Designator=R? New Designator=R110
Change Component Designator: Old Designator=R? New Designator=R111
Change Component Designator: Old Designator=R? New Designator=R112
Change Component Designator: Old Designator=R? New Designator=R113
Change Component Designator: Old Designator=R? New Designator=R114
Change Component Designator: Old Designator=R? New Designator=R115
Change Component Designator: Old Designator=R? New Designator=R116
Change Component Designator: Old Designator=R? New Designator=R117
Change Component Designator: Old Designator=R? New Designator=R118
Change Component Designator: Old Designator=R? New Designator=R119
Change Component Designator: Old Designator=R? New Designator=R120
Change Component Designator: Old Designator=R? New Designator=R121
Change Component Designator: Old Designator=R? New Designator=R122
Change Component Designator: Old Designator=R? New Designator=R123
Change Component Designator: Old Designator=R? New Designator=R124
Change Component Designator: Old Designator=R? New Designator=R125
Change Component Designator: Old Designator=R? New Designator=R126
Change Component Designator: Old Designator=R? New Designator=R127
Change Component Designator: Old Designator=R? New Designator=R128
Change Component Designator: Old Designator=R? New Designator=R129
Change Component Designator: Old Designator=R? New Designator=R130
Change Component Designator: Old Designator=R? New Designator=R131
Change Component Designator: Old Designator=R? New Designator=R132
Change Component Designator: Old Designator=R? New Designator=R133
Change Component Designator: Old Designator=R? New Designator=R134
Change Component Designator: Old Designator=R? New Designator=R135
Change Component Designator: Old Designator=R? New Designator=R136
Change Component Designator: Old Designator=R? New Designator=R137
Change Component Designator: Old Designator=R? New Designator=R138
Change Component Designator: Old Designator=R? New Designator=R139
Change Component Designator: Old Designator=R? New Designator=R140
Change Component Designator: Old Designator=VCC? New Designator=VCC22
Change Component Designator: Old Designator=VCC? New Designator=VCC23
Change Component Designator: Old Designator=VCC? New Designator=VCC24
Change Component Designator: Old Designator=VCC? New Designator=VCC25
Change Component Designator: Old Designator=VCC? New Designator=VCC26
Change Component Designator: Old Designator=VCC? New Designator=VCC27
Change Component Designator: Old Designator=VCC? New Designator=VCC28
Change Component Designator: Old Designator=VCC? New Designator=VCC29
Change Component Designator: Old Designator=VCC? New Designator=VCC30
Change Component Designator: Old Designator=VCC? New Designator=VCC31
Change Component Designator: Old Designator=VCC? New Designator=VCC32
Change Component Designator: Old Designator=VCC? New Designator=VCC33
Change Component Designator: Old Designator=VCC? New Designator=VCC34
Change Component Designator: Old Designator=VCC? New Designator=VCC35
Change Component Designator: Old Designator=VCC? New Designator=VCC36
Change Component Designator: Old Designator=VCC? New Designator=VCC37
Change Component Designator: Old Designator=VCC? New Designator=VCC38
Change Component Designator: Old Designator=VCC? New Designator=VCC39
Change Component Designator: Old Designator=VCC? New Designator=VCC40
Change Component Designator: Old Designator=VCC? New Designator=VCC41
Change Component Designator: Old Designator=VCC? New Designator=VCC42
Change Component Designator: Old Designator=VCC? New Designator=VCC43
Change Component Designator: Old Designator=VCC? New Designator=VCC44
Change Component Designator: Old Designator=VCC? New Designator=VCC45
Change Component Designator: Old Designator=VD? New Designator=VD23
Change Component Designator: Old Designator=VD? New Designator=VD24
Change Component Designator: Old Designator=VT? New Designator=VT13
Change Component Designator: Old Designator=VT? New Designator=VT14
Change Component Designator: Old Designator=VT? New Designator=VT15
Change Component Designator: Old Designator=X? New Designator=X11
Change Component Designator: Old Designator=X? New Designator=X12
Change Component Designator: Old Designator=X? New Designator=X13
Change Component Designator: Old Designator=X? New Designator=X14
