Replace Part C? Capacitor in E:\kursach7altium\project\sch5_1.SchDoc with Capacitor from k7shared.IntLib
Replace Part C? Capacitor in E:\kursach7altium\project\sch5_1.SchDoc with Capacitor from k7shared.IntLib
Replace Part C? Capacitor in E:\kursach7altium\project\sch5_1.SchDoc with Capacitor from k7shared.IntLib
Replace Part C? Capacitor in E:\kursach7altium\project\sch5_1.SchDoc with Capacitor from k7shared.IntLib
Replace Part C? Capacitor in E:\kursach7altium\project\sch5_1.SchDoc with Capacitor from k7shared.IntLib
Replace Part C? Capacitor in E:\kursach7altium\project\sch5_1.SchDoc with Capacitor from k7shared.IntLib
Replace Part C? Capacitor Duga in E:\kursach7altium\project\sch5_1.SchDoc with Capacitor Duga from k7shared.IntLib
Replace Part C? Capacitor in E:\kursach7altium\project\sch5_1.SchDoc with Capacitor from k7shared.IntLib
Replace Part C? Capacitor in E:\kursach7altium\project\sch5_1.SchDoc with Capacitor from k7shared.IntLib
Replace Part C? Capacitor in E:\kursach7altium\project\sch5_1.SchDoc with Capacitor from k7shared.IntLib
Replace Part C? Capacitor in E:\kursach7altium\project\sch5_1.SchDoc with Capacitor from k7shared.IntLib
Replace Part C? Capacitor in E:\kursach7altium\project\sch5_1.SchDoc with Capacitor from k7shared.IntLib
Replace Part C? Capacitor in E:\kursach7altium\project\sch5_1.SchDoc with Capacitor from k7shared.IntLib
Replace Part C? Capacitor Duga in E:\kursach7altium\project\sch5_1.SchDoc with Capacitor Duga from k7shared.IntLib
Replace Part C? Capacitor in E:\kursach7altium\project\sch5_1.SchDoc with Capacitor from k7shared.IntLib
Replace Part C? Capacitor in E:\kursach7altium\project\sch5_1.SchDoc with Capacitor from k7shared.IntLib
Replace Part C? Capacitor in E:\kursach7altium\project\sch5_1.SchDoc with Capacitor from k7shared.IntLib
Replace Part C? Capacitor in E:\kursach7altium\project\sch5_1.SchDoc with Capacitor from k7shared.IntLib
Replace Part C? Capacitor in E:\kursach7altium\project\sch5_1.SchDoc with Capacitor from k7shared.IntLib
Replace Part C? Capacitor in E:\kursach7altium\project\sch5_1.SchDoc with Capacitor from k7shared.IntLib
Replace Part C? Capacitor in E:\kursach7altium\project\sch5_1.SchDoc with Capacitor from k7shared.IntLib
Replace Part C? Capacitor in E:\kursach7altium\project\sch5_1.SchDoc with Capacitor from k7shared.IntLib
Replace Part C? Capacitor in E:\kursach7altium\project\sch5_1.SchDoc with Capacitor from k7shared.IntLib
Replace Part C? Capacitor in E:\kursach7altium\project\sch5_1.SchDoc with Capacitor from k7shared.IntLib
Replace Part C? Capacitor in E:\kursach7altium\project\sch5_1.SchDoc with Capacitor from k7shared.IntLib
Replace Part C? Capacitor in E:\kursach7altium\project\sch5_1.SchDoc with Capacitor from k7shared.IntLib
Replace Part C? Capacitor in E:\kursach7altium\project\sch5_1.SchDoc with Capacitor from k7shared.IntLib
Replace Part C? Capacitor in E:\kursach7altium\project\sch5_1.SchDoc with Capacitor from k7shared.IntLib
Replace Part C? Capacitor in E:\kursach7altium\project\sch5_1.SchDoc with Capacitor from k7shared.IntLib
Replace Part C? Capacitor in E:\kursach7altium\project\sch5_1.SchDoc with Capacitor from k7shared.IntLib
Replace Part C? Capacitor in E:\kursach7altium\project\sch5_1.SchDoc with Capacitor from k7shared.IntLib
Replace Part C? Capacitor in E:\kursach7altium\project\sch5_1.SchDoc with Capacitor from k7shared.IntLib
Replace Part C? Capacitor in E:\kursach7altium\project\sch5_1.SchDoc with Capacitor from k7shared.IntLib
Replace Part C? Capacitor Duga in E:\kursach7altium\project\sch5_1.SchDoc with Capacitor Duga from k7shared.IntLib
Replace Part C? Capacitor in E:\kursach7altium\project\sch5_1.SchDoc with Capacitor from k7shared.IntLib
Replace Part C? Capacitor in E:\kursach7altium\project\sch5_1.SchDoc with Capacitor from k7shared.IntLib
Replace Part C? Capacitor in E:\kursach7altium\project\sch5_1.SchDoc with Capacitor from k7shared.IntLib
Replace Part C? Capacitor in E:\kursach7altium\project\sch5_1.SchDoc with Capacitor from k7shared.IntLib
Replace Part C? Capacitor Duga in E:\kursach7altium\project\sch5_1.SchDoc with Capacitor Duga from k7shared.IntLib
Replace Part C? Capacitor in E:\kursach7altium\project\sch5_1.SchDoc with Capacitor from k7shared.IntLib
Replace Part C? Capacitor in E:\kursach7altium\project\sch5_1.SchDoc with Capacitor from k7shared.IntLib
Replace Part C? Capacitor in E:\kursach7altium\project\sch5_1.SchDoc with Capacitor from k7shared.IntLib
Replace Part C? Capacitor in E:\kursach7altium\project\sch5_1.SchDoc with Capacitor from k7shared.IntLib
Replace Part C? Capacitor Duga in E:\kursach7altium\project\sch5_1.SchDoc with Capacitor Duga from k7shared.IntLib
Replace Part C? Capacitor in E:\kursach7altium\project\sch5_1.SchDoc with Capacitor from k7shared.IntLib
Replace Part C? Capacitor in E:\kursach7altium\project\sch5_1.SchDoc with Capacitor from k7shared.IntLib
Replace Part C? Capacitor Duga in E:\kursach7altium\project\sch5_1.SchDoc with Capacitor Duga from k7shared.IntLib
Replace Part C? Capacitor in E:\kursach7altium\project\sch5_1.SchDoc with Capacitor from k7shared.IntLib
Replace Part C? Capacitor in E:\kursach7altium\project\sch5_1.SchDoc with Capacitor from k7shared.IntLib
Replace Part C? Capacitor in E:\kursach7altium\project\sch5_1.SchDoc with Capacitor from k7shared.IntLib
Replace Part C? Capacitor Duga in E:\kursach7altium\project\sch5_1.SchDoc with Capacitor Duga from k7shared.IntLib
Replace Part C? Capacitor in E:\kursach7altium\project\sch5_1.SchDoc with Capacitor from k7shared.IntLib
Replace Part C? Capacitor in E:\kursach7altium\project\sch5_1.SchDoc with Capacitor from k7shared.IntLib
Replace Part C? Capacitor in E:\kursach7altium\project\sch5_1.SchDoc with Capacitor from k7shared.IntLib
Replace Part DA? OMG in E:\kursach7altium\project\sch5_1.SchDoc with OMG from k7sch5.IntLib
Replace Part DA? OMG in E:\kursach7altium\project\sch5_1.SchDoc with OMG from k7sch5.IntLib
Replace Part DA? OMG in E:\kursach7altium\project\sch5_1.SchDoc with OMG from k7sch5.IntLib
Replace Part DA? OMG in E:\kursach7altium\project\sch5_1.SchDoc with OMG from k7sch5.IntLib
Replace Part DA? OMG in E:\kursach7altium\project\sch5_1.SchDoc with OMG from k7sch5.IntLib
Replace Part DA? OMG in E:\kursach7altium\project\sch5_1.SchDoc with OMG from k7sch5.IntLib
Replace Part DA? OMG in E:\kursach7altium\project\sch5_1.SchDoc with OMG from k7sch5.IntLib
Replace Part DA? OMG in E:\kursach7altium\project\sch5_1.SchDoc with OMG from k7sch5.IntLib
Replace Part DD? MIC39 in E:\kursach7altium\project\sch5_1.SchDoc with MIC39 from k7sch5.IntLib
Replace Part G? MHZ25 in E:\kursach7altium\project\sch5_1.SchDoc with MHZ25 from k7sch5.IntLib
Replace Part L? Inductor in E:\kursach7altium\project\sch5_1.SchDoc with Inductor from k7shared.IntLib
Replace Part L? Inductor in E:\kursach7altium\project\sch5_1.SchDoc with Inductor from k7shared.IntLib
Replace Part L? Inductor in E:\kursach7altium\project\sch5_1.SchDoc with Inductor from k7shared.IntLib
Replace Part L? Inductor in E:\kursach7altium\project\sch5_1.SchDoc with Inductor from k7shared.IntLib
Replace Part L? Inductor in E:\kursach7altium\project\sch5_1.SchDoc with Inductor from k7shared.IntLib
Replace Part L? Inductor in E:\kursach7altium\project\sch5_1.SchDoc with Inductor from k7shared.IntLib
Replace Part L? Inductor in E:\kursach7altium\project\sch5_1.SchDoc with Inductor from k7shared.IntLib
Replace Part L? Inductor in E:\kursach7altium\project\sch5_1.SchDoc with Inductor from k7shared.IntLib
Replace Part L? Inductor in E:\kursach7altium\project\sch5_1.SchDoc with Inductor from k7shared.IntLib
Replace Part L? Inductor in E:\kursach7altium\project\sch5_1.SchDoc with Inductor from k7shared.IntLib
Replace Part L? Inductor in E:\kursach7altium\project\sch5_1.SchDoc with Inductor from k7shared.IntLib
Replace Part L? Inductor in E:\kursach7altium\project\sch5_1.SchDoc with Inductor from k7shared.IntLib
Replace Part L? Inductor in E:\kursach7altium\project\sch5_1.SchDoc with Inductor from k7shared.IntLib
Replace Part L? Inductor in E:\kursach7altium\project\sch5_1.SchDoc with Inductor from k7shared.IntLib
Replace Part R? Resistor in E:\kursach7altium\project\sch5_1.SchDoc with Resistor from k7shared.IntLib
Replace Part R? Resistor in E:\kursach7altium\project\sch5_1.SchDoc with Resistor from k7shared.IntLib
Replace Part R? Resistor in E:\kursach7altium\project\sch5_1.SchDoc with Resistor from k7shared.IntLib
Replace Part R? Resistor in E:\kursach7altium\project\sch5_1.SchDoc with Resistor from k7shared.IntLib
Replace Part R? Resistor in E:\kursach7altium\project\sch5_1.SchDoc with Resistor from k7shared.IntLib
Replace Part R? Resistor in E:\kursach7altium\project\sch5_1.SchDoc with Resistor from k7shared.IntLib
Replace Part R? Resistor in E:\kursach7altium\project\sch5_1.SchDoc with Resistor from k7shared.IntLib
Replace Part R? Resistor in E:\kursach7altium\project\sch5_1.SchDoc with Resistor from k7shared.IntLib
Replace Part R? Resistor in E:\kursach7altium\project\sch5_1.SchDoc with Resistor from k7shared.IntLib
Replace Part R? Resistor in E:\kursach7altium\project\sch5_1.SchDoc with Resistor from k7shared.IntLib
Replace Part R? Resistor in E:\kursach7altium\project\sch5_1.SchDoc with Resistor from k7shared.IntLib
Replace Part R? Resistor in E:\kursach7altium\project\sch5_1.SchDoc with Resistor from k7shared.IntLib
Replace Part R? Resistor in E:\kursach7altium\project\sch5_1.SchDoc with Resistor from k7shared.IntLib
Replace Part R? Resistor in E:\kursach7altium\project\sch5_1.SchDoc with Resistor from k7shared.IntLib
Replace Part R? Resistor in E:\kursach7altium\project\sch5_1.SchDoc with Resistor from k7shared.IntLib
Replace Part R? Resistor in E:\kursach7altium\project\sch5_1.SchDoc with Resistor from k7shared.IntLib
Replace Part R? Resistor in E:\kursach7altium\project\sch5_1.SchDoc with Resistor from k7shared.IntLib
Replace Part R? Resistor in E:\kursach7altium\project\sch5_1.SchDoc with Resistor from k7shared.IntLib
Replace Part R? Resistor in E:\kursach7altium\project\sch5_1.SchDoc with Resistor from k7shared.IntLib
Replace Part R? Resistor in E:\kursach7altium\project\sch5_1.SchDoc with Resistor from k7shared.IntLib
Replace Part R? Resistor in E:\kursach7altium\project\sch5_1.SchDoc with Resistor from k7shared.IntLib
Replace Part R? Resistor in E:\kursach7altium\project\sch5_1.SchDoc with Resistor from k7shared.IntLib
Replace Part R? Resistor in E:\kursach7altium\project\sch5_1.SchDoc with Resistor from k7shared.IntLib
Replace Part R? Resistor in E:\kursach7altium\project\sch5_1.SchDoc with Resistor from k7shared.IntLib
Replace Part R? Resistor in E:\kursach7altium\project\sch5_1.SchDoc with Resistor from k7shared.IntLib
Replace Part R? Resistor in E:\kursach7altium\project\sch5_1.SchDoc with Resistor from k7shared.IntLib
Replace Part R? Resistor in E:\kursach7altium\project\sch5_1.SchDoc with Resistor from k7shared.IntLib
Replace Part R? Resistor in E:\kursach7altium\project\sch5_1.SchDoc with Resistor from k7shared.IntLib
Replace Part R? Resistor in E:\kursach7altium\project\sch5_1.SchDoc with Resistor from k7shared.IntLib
Replace Part R? Resistor in E:\kursach7altium\project\sch5_1.SchDoc with Resistor from k7shared.IntLib
Replace Part R? Resistor in E:\kursach7altium\project\sch5_1.SchDoc with Resistor from k7shared.IntLib
Replace Part R? Resistor in E:\kursach7altium\project\sch5_1.SchDoc with Resistor from k7shared.IntLib
Replace Part R? Resistor in E:\kursach7altium\project\sch5_1.SchDoc with Resistor from k7shared.IntLib
Replace Part R? Resistor in E:\kursach7altium\project\sch5_1.SchDoc with Resistor from k7shared.IntLib
Replace Part R? Resistor in E:\kursach7altium\project\sch5_1.SchDoc with Resistor from k7shared.IntLib
Replace Part R? Resistor in E:\kursach7altium\project\sch5_1.SchDoc with Resistor from k7shared.IntLib
Replace Part R? Resistor in E:\kursach7altium\project\sch5_1.SchDoc with Resistor from k7shared.IntLib
Replace Part R? Resistor in E:\kursach7altium\project\sch5_1.SchDoc with Resistor from k7shared.IntLib
Replace Part R? Resistor in E:\kursach7altium\project\sch5_1.SchDoc with Resistor from k7shared.IntLib
Replace Part R? Resistor in E:\kursach7altium\project\sch5_1.SchDoc with Resistor from k7shared.IntLib
Replace Part R? Resistor in E:\kursach7altium\project\sch5_1.SchDoc with Resistor from k7shared.IntLib
Replace Part R? Resistor in E:\kursach7altium\project\sch5_1.SchDoc with Resistor from k7shared.IntLib
Replace Part R? Resistor in E:\kursach7altium\project\sch5_1.SchDoc with Resistor from k7shared.IntLib
Replace Part R? Resistor in E:\kursach7altium\project\sch5_1.SchDoc with Resistor from k7shared.IntLib
Replace Part R? Resistor in E:\kursach7altium\project\sch5_1.SchDoc with Resistor from k7shared.IntLib
Replace Part R? Resistor in E:\kursach7altium\project\sch5_1.SchDoc with Resistor from k7shared.IntLib
Replace Part R? Resistor in E:\kursach7altium\project\sch5_1.SchDoc with Resistor from k7shared.IntLib
Replace Part R? Resistor in E:\kursach7altium\project\sch5_1.SchDoc with Resistor from k7shared.IntLib
Replace Part R? Resistor in E:\kursach7altium\project\sch5_1.SchDoc with Resistor from k7shared.IntLib
Replace Part R? Resistor in E:\kursach7altium\project\sch5_1.SchDoc with Resistor from k7shared.IntLib
Replace Part R? Resistor in E:\kursach7altium\project\sch5_1.SchDoc with Resistor from k7shared.IntLib
Replace Part R? Resistor in E:\kursach7altium\project\sch5_1.SchDoc with Resistor from k7shared.IntLib
Replace Part R? Resistor in E:\kursach7altium\project\sch5_1.SchDoc with Resistor from k7shared.IntLib
Replace Part R? Resistor in E:\kursach7altium\project\sch5_1.SchDoc with Resistor from k7shared.IntLib
Replace Part VD? Diode 1 in E:\kursach7altium\project\sch5_1.SchDoc with Diode 1 from k7shared.IntLib
Replace Part VD? Diode 1 in E:\kursach7altium\project\sch5_1.SchDoc with Diode 1 from k7shared.IntLib
Replace Part VT? Transistor 1 in E:\kursach7altium\project\sch5_1.SchDoc with Transistor 1 from k7shared.IntLib
Replace Part VT? Transistor 1 in E:\kursach7altium\project\sch5_1.SchDoc with Transistor 1 from k7shared.IntLib
Replace Part VT? Transistor 1 in E:\kursach7altium\project\sch5_1.SchDoc with Transistor 1 from k7shared.IntLib
Replace Part X? Outputs 1 in E:\kursach7altium\project\sch5_1.SchDoc with Outputs 1 from k7sch5.IntLib
Replace Part X? NBuses in E:\kursach7altium\project\sch5_1.SchDoc with NBuses from k7sch5.IntLib
Replace Part X? Inputs 2 in E:\kursach7altium\project\sch5_1.SchDoc with Inputs 2 from k7sch5.IntLib
Replace Part X? Inputs 1 in E:\kursach7altium\project\sch5_1.SchDoc with Inputs 1 from k7sch5.IntLib
Replace Part X? 2V-GND in E:\kursach7altium\project\sch5_1.SchDoc with 2V-GND from k7shared.IntLib
Replace Part X? VCC-GND R in E:\kursach7altium\project\sch5_1.SchDoc with VCC-GND R from k7shared.IntLib
Replace Part X? 2V-GND in E:\kursach7altium\project\sch5_1.SchDoc with 2V-GND from k7shared.IntLib
Replace Part X? VCC-GND R in E:\kursach7altium\project\sch5_1.SchDoc with VCC-GND R from k7shared.IntLib
Replace Part X? VCC-GND R in E:\kursach7altium\project\sch5_1.SchDoc with VCC-GND R from k7shared.IntLib
Replace Part X? 2V-GND in E:\kursach7altium\project\sch5_1.SchDoc with 2V-GND from k7shared.IntLib
Replace Part X? VCC-GND R in E:\kursach7altium\project\sch5_1.SchDoc with VCC-GND R from k7shared.IntLib
Replace Part X? 2V-GND in E:\kursach7altium\project\sch5_1.SchDoc with 2V-GND from k7shared.IntLib
Replace Part X? VCC-GND R in E:\kursach7altium\project\sch5_1.SchDoc with VCC-GND R from k7shared.IntLib
Replace Part X? VCC-GND R in E:\kursach7altium\project\sch5_1.SchDoc with VCC-GND R from k7shared.IntLib
Replace Part X? 2V-AGND in E:\kursach7altium\project\sch5_1.SchDoc with 2V-AGND from k7shared.IntLib
Replace Part X? 2V-GND in E:\kursach7altium\project\sch5_1.SchDoc with 2V-GND from k7shared.IntLib
Replace Part X? 3V-AGND in E:\kursach7altium\project\sch5_1.SchDoc with 3V-AGND from k7shared.IntLib
Replace Part X? VCC-GND R in E:\kursach7altium\project\sch5_1.SchDoc with VCC-GND R from k7shared.IntLib
Replace Part X? 2V-AGND in E:\kursach7altium\project\sch5_1.SchDoc with 2V-AGND from k7shared.IntLib
Replace Part X? 2V-GND in E:\kursach7altium\project\sch5_1.SchDoc with 2V-GND from k7shared.IntLib
Replace Part X? 2V-GND in E:\kursach7altium\project\sch5_1.SchDoc with 2V-GND from k7shared.IntLib
Replace Part X? VCC-GND R in E:\kursach7altium\project\sch5_1.SchDoc with VCC-GND R from k7shared.IntLib
Replace Part X? 2V-GND in E:\kursach7altium\project\sch5_1.SchDoc with 2V-GND from k7shared.IntLib
Replace Part X? 2V-GND in E:\kursach7altium\project\sch5_1.SchDoc with 2V-GND from k7shared.IntLib
Replace Part X? 2V-AGND in E:\kursach7altium\project\sch5_1.SchDoc with 2V-AGND from k7shared.IntLib
