Replace Part C97 Capacitor Duga in E:\kursach7altium\project\sch5_1.SchDoc with Capacitor Duga from k7shared.IntLib
Replace Part C98 Capacitor in E:\kursach7altium\project\sch5_1.SchDoc with Capacitor from k7shared.IntLib
Replace Part C99 Capacitor in E:\kursach7altium\project\sch5_1.SchDoc with Capacitor from k7shared.IntLib
Replace Part C100 Capacitor in E:\kursach7altium\project\sch5_1.SchDoc with Capacitor from k7shared.IntLib
Replace Part C101 Capacitor in E:\kursach7altium\project\sch5_1.SchDoc with Capacitor from k7shared.IntLib
Replace Part C102 Capacitor in E:\kursach7altium\project\sch5_1.SchDoc with Capacitor from k7shared.IntLib
Replace Part C103 Capacitor in E:\kursach7altium\project\sch5_1.SchDoc with Capacitor from k7shared.IntLib
Replace Part C104 Capacitor in E:\kursach7altium\project\sch5_1.SchDoc with Capacitor from k7shared.IntLib
Replace Part C105 Capacitor in E:\kursach7altium\project\sch5_1.SchDoc with Capacitor from k7shared.IntLib
Replace Part C106 Capacitor in E:\kursach7altium\project\sch5_1.SchDoc with Capacitor from k7shared.IntLib
Replace Part C107 Capacitor in E:\kursach7altium\project\sch5_1.SchDoc with Capacitor from k7shared.IntLib
Replace Part C108 Capacitor in E:\kursach7altium\project\sch5_1.SchDoc with Capacitor from k7shared.IntLib
Replace Part C109 Capacitor Duga in E:\kursach7altium\project\sch5_1.SchDoc with Capacitor Duga from k7shared.IntLib
Replace Part C110 Capacitor in E:\kursach7altium\project\sch5_1.SchDoc with Capacitor from k7shared.IntLib
Replace Part C111 Capacitor in E:\kursach7altium\project\sch5_1.SchDoc with Capacitor from k7shared.IntLib
Replace Part C112 Capacitor Duga in E:\kursach7altium\project\sch5_1.SchDoc with Capacitor Duga from k7shared.IntLib
Replace Part C113 Capacitor in E:\kursach7altium\project\sch5_1.SchDoc with Capacitor from k7shared.IntLib
Replace Part C114 Capacitor in E:\kursach7altium\project\sch5_1.SchDoc with Capacitor from k7shared.IntLib
Replace Part C115 Capacitor in E:\kursach7altium\project\sch5_1.SchDoc with Capacitor from k7shared.IntLib
Replace Part C116 Capacitor in E:\kursach7altium\project\sch5_1.SchDoc with Capacitor from k7shared.IntLib
Replace Part C117 Capacitor in E:\kursach7altium\project\sch5_1.SchDoc with Capacitor from k7shared.IntLib
Replace Part C118 Capacitor in E:\kursach7altium\project\sch5_1.SchDoc with Capacitor from k7shared.IntLib
Replace Part C119 Capacitor in E:\kursach7altium\project\sch5_1.SchDoc with Capacitor from k7shared.IntLib
Replace Part C120 Capacitor in E:\kursach7altium\project\sch5_1.SchDoc with Capacitor from k7shared.IntLib
Replace Part C121 Capacitor in E:\kursach7altium\project\sch5_1.SchDoc with Capacitor from k7shared.IntLib
Replace Part C122 Capacitor in E:\kursach7altium\project\sch5_1.SchDoc with Capacitor from k7shared.IntLib
Replace Part C123 Capacitor Duga in E:\kursach7altium\project\sch5_1.SchDoc with Capacitor Duga from k7shared.IntLib
Replace Part C124 Capacitor in E:\kursach7altium\project\sch5_1.SchDoc with Capacitor from k7shared.IntLib
Replace Part C125 Capacitor in E:\kursach7altium\project\sch5_1.SchDoc with Capacitor from k7shared.IntLib
Replace Part C126 Capacitor in E:\kursach7altium\project\sch5_1.SchDoc with Capacitor from k7shared.IntLib
Replace Part C127 Capacitor in E:\kursach7altium\project\sch5_1.SchDoc with Capacitor from k7shared.IntLib
Replace Part C128 Capacitor in E:\kursach7altium\project\sch5_1.SchDoc with Capacitor from k7shared.IntLib
Replace Part C129 Capacitor in E:\kursach7altium\project\sch5_1.SchDoc with Capacitor from k7shared.IntLib
Replace Part C130 Capacitor in E:\kursach7altium\project\sch5_1.SchDoc with Capacitor from k7shared.IntLib
Replace Part C131 Capacitor in E:\kursach7altium\project\sch5_1.SchDoc with Capacitor from k7shared.IntLib
Replace Part C132 Capacitor in E:\kursach7altium\project\sch5_1.SchDoc with Capacitor from k7shared.IntLib
Replace Part C133 Capacitor in E:\kursach7altium\project\sch5_1.SchDoc with Capacitor from k7shared.IntLib
Replace Part C134 Capacitor in E:\kursach7altium\project\sch5_1.SchDoc with Capacitor from k7shared.IntLib
Replace Part C135 Capacitor in E:\kursach7altium\project\sch5_1.SchDoc with Capacitor from k7shared.IntLib
Replace Part C136 Capacitor in E:\kursach7altium\project\sch5_1.SchDoc with Capacitor from k7shared.IntLib
Replace Part C137 Capacitor in E:\kursach7altium\project\sch5_1.SchDoc with Capacitor from k7shared.IntLib
Replace Part C138 Capacitor in E:\kursach7altium\project\sch5_1.SchDoc with Capacitor from k7shared.IntLib
Replace Part C139 Capacitor in E:\kursach7altium\project\sch5_1.SchDoc with Capacitor from k7shared.IntLib
Replace Part C140 Capacitor in E:\kursach7altium\project\sch5_1.SchDoc with Capacitor from k7shared.IntLib
Replace Part C141 Capacitor in E:\kursach7altium\project\sch5_1.SchDoc with Capacitor from k7shared.IntLib
Replace Part C142 Capacitor in E:\kursach7altium\project\sch5_1.SchDoc with Capacitor from k7shared.IntLib
Replace Part C143 Capacitor in E:\kursach7altium\project\sch5_1.SchDoc with Capacitor from k7shared.IntLib
Replace Part C144 Capacitor in E:\kursach7altium\project\sch5_1.SchDoc with Capacitor from k7shared.IntLib
Replace Part C145 Capacitor in E:\kursach7altium\project\sch5_1.SchDoc with Capacitor from k7shared.IntLib
Replace Part C146 Capacitor Duga in E:\kursach7altium\project\sch5_1.SchDoc with Capacitor Duga from k7shared.IntLib
Replace Part C147 Capacitor Duga in E:\kursach7altium\project\sch5_1.SchDoc with Capacitor Duga from k7shared.IntLib
Replace Part C148 Capacitor in E:\kursach7altium\project\sch5_1.SchDoc with Capacitor from k7shared.IntLib
Replace Part C149 Capacitor in E:\kursach7altium\project\sch5_1.SchDoc with Capacitor from k7shared.IntLib
Replace Part C150 Capacitor Duga in E:\kursach7altium\project\sch5_1.SchDoc with Capacitor Duga from k7shared.IntLib
Replace Part DA8 OMG in E:\kursach7altium\project\sch5_1.SchDoc with OMG from k7sch5.IntLib
Replace Part DA8 OMG in E:\kursach7altium\project\sch5_1.SchDoc with OMG from k7sch5.IntLib
Replace Part DA8 OMG in E:\kursach7altium\project\sch5_1.SchDoc with OMG from k7sch5.IntLib
Replace Part DA8 OMG in E:\kursach7altium\project\sch5_1.SchDoc with OMG from k7sch5.IntLib
Replace Part DA8 OMG in E:\kursach7altium\project\sch5_1.SchDoc with OMG from k7sch5.IntLib
Replace Part DA8 OMG in E:\kursach7altium\project\sch5_1.SchDoc with OMG from k7sch5.IntLib
Replace Part DA8 OMG in E:\kursach7altium\project\sch5_1.SchDoc with OMG from k7sch5.IntLib
Replace Part DA8 OMG in E:\kursach7altium\project\sch5_1.SchDoc with OMG from k7sch5.IntLib
Replace Part DD3 MIC39 in E:\kursach7altium\project\sch5_1.SchDoc with MIC39 from k7sch5.IntLib
Replace Part G1 MHZ25 in E:\kursach7altium\project\sch5_1.SchDoc with MHZ25 from k7sch5.IntLib
Replace Part GND43 GND in E:\kursach7altium\project\sch5_1.SchDoc with GND from k7shared.IntLib
Replace Part GND44 GND in E:\kursach7altium\project\sch5_1.SchDoc with GND from k7shared.IntLib
Replace Part GND45 GND in E:\kursach7altium\project\sch5_1.SchDoc with GND from k7shared.IntLib
Replace Part GND46 GND in E:\kursach7altium\project\sch5_1.SchDoc with GND from k7shared.IntLib
Replace Part GND47 GND in E:\kursach7altium\project\sch5_1.SchDoc with GND from k7shared.IntLib
Replace Part GND48 GND in E:\kursach7altium\project\sch5_1.SchDoc with GND from k7shared.IntLib
Replace Part GND49 GND in E:\kursach7altium\project\sch5_1.SchDoc with GND from k7shared.IntLib
Replace Part GND50 GND in E:\kursach7altium\project\sch5_1.SchDoc with GND from k7shared.IntLib
Replace Part GND51 GND in E:\kursach7altium\project\sch5_1.SchDoc with GND from k7shared.IntLib
Replace Part GND52 GND in E:\kursach7altium\project\sch5_1.SchDoc with GND from k7shared.IntLib
Replace Part GND53 GND in E:\kursach7altium\project\sch5_1.SchDoc with GND from k7shared.IntLib
Replace Part GND54 GND in E:\kursach7altium\project\sch5_1.SchDoc with GND from k7shared.IntLib
Replace Part GND55 GND in E:\kursach7altium\project\sch5_1.SchDoc with GND from k7shared.IntLib
Replace Part GND56 GND in E:\kursach7altium\project\sch5_1.SchDoc with GND from k7shared.IntLib
Replace Part GND57 GND in E:\kursach7altium\project\sch5_1.SchDoc with GND from k7shared.IntLib
Replace Part GND58 GND in E:\kursach7altium\project\sch5_1.SchDoc with GND from k7shared.IntLib
Replace Part GND59 GND in E:\kursach7altium\project\sch5_1.SchDoc with GND from k7shared.IntLib
Replace Part L34 Inductor in E:\kursach7altium\project\sch5_1.SchDoc with Inductor from k7shared.IntLib
Replace Part L35 Inductor in E:\kursach7altium\project\sch5_1.SchDoc with Inductor from k7shared.IntLib
Replace Part L36 Inductor in E:\kursach7altium\project\sch5_1.SchDoc with Inductor from k7shared.IntLib
Replace Part L37 Inductor in E:\kursach7altium\project\sch5_1.SchDoc with Inductor from k7shared.IntLib
Replace Part L38 Inductor in E:\kursach7altium\project\sch5_1.SchDoc with Inductor from k7shared.IntLib
Replace Part L39 Inductor in E:\kursach7altium\project\sch5_1.SchDoc with Inductor from k7shared.IntLib
Replace Part L40 Inductor in E:\kursach7altium\project\sch5_1.SchDoc with Inductor from k7shared.IntLib
Replace Part L41 Inductor in E:\kursach7altium\project\sch5_1.SchDoc with Inductor from k7shared.IntLib
Replace Part L42 Inductor in E:\kursach7altium\project\sch5_1.SchDoc with Inductor from k7shared.IntLib
Replace Part L43 Inductor in E:\kursach7altium\project\sch5_1.SchDoc with Inductor from k7shared.IntLib
Replace Part L44 Inductor in E:\kursach7altium\project\sch5_1.SchDoc with Inductor from k7shared.IntLib
Replace Part L45 Inductor in E:\kursach7altium\project\sch5_1.SchDoc with Inductor from k7shared.IntLib
Replace Part L46 Inductor in E:\kursach7altium\project\sch5_1.SchDoc with Inductor from k7shared.IntLib
Replace Part L47 Inductor in E:\kursach7altium\project\sch5_1.SchDoc with Inductor from k7shared.IntLib
Replace Part R88 Resistor in E:\kursach7altium\project\sch5_1.SchDoc with Resistor from k7shared.IntLib
Replace Part R89 Resistor in E:\kursach7altium\project\sch5_1.SchDoc with Resistor from k7shared.IntLib
Replace Part R90 Resistor in E:\kursach7altium\project\sch5_1.SchDoc with Resistor from k7shared.IntLib
Replace Part R91 Resistor in E:\kursach7altium\project\sch5_1.SchDoc with Resistor from k7shared.IntLib
Replace Part R92 Resistor in E:\kursach7altium\project\sch5_1.SchDoc with Resistor from k7shared.IntLib
Replace Part R93 Resistor in E:\kursach7altium\project\sch5_1.SchDoc with Resistor from k7shared.IntLib
Replace Part R94 Resistor in E:\kursach7altium\project\sch5_1.SchDoc with Resistor from k7shared.IntLib
Replace Part R95 Resistor in E:\kursach7altium\project\sch5_1.SchDoc with Resistor from k7shared.IntLib
Replace Part R96 Resistor in E:\kursach7altium\project\sch5_1.SchDoc with Resistor from k7shared.IntLib
Replace Part R97 Resistor in E:\kursach7altium\project\sch5_1.SchDoc with Resistor from k7shared.IntLib
Replace Part R98 Resistor in E:\kursach7altium\project\sch5_1.SchDoc with Resistor from k7shared.IntLib
Replace Part R99 Resistor in E:\kursach7altium\project\sch5_1.SchDoc with Resistor from k7shared.IntLib
Replace Part R100 Resistor in E:\kursach7altium\project\sch5_1.SchDoc with Resistor from k7shared.IntLib
Replace Part R101 Resistor in E:\kursach7altium\project\sch5_1.SchDoc with Resistor from k7shared.IntLib
Replace Part R102 Resistor in E:\kursach7altium\project\sch5_1.SchDoc with Resistor from k7shared.IntLib
Replace Part R103 Resistor in E:\kursach7altium\project\sch5_1.SchDoc with Resistor from k7shared.IntLib
Replace Part R104 Resistor in E:\kursach7altium\project\sch5_1.SchDoc with Resistor from k7shared.IntLib
Replace Part R105 Resistor in E:\kursach7altium\project\sch5_1.SchDoc with Resistor from k7shared.IntLib
Replace Part R106 Resistor in E:\kursach7altium\project\sch5_1.SchDoc with Resistor from k7shared.IntLib
Replace Part R107 Resistor in E:\kursach7altium\project\sch5_1.SchDoc with Resistor from k7shared.IntLib
Replace Part R108 Resistor in E:\kursach7altium\project\sch5_1.SchDoc with Resistor from k7shared.IntLib
Replace Part R109 Resistor in E:\kursach7altium\project\sch5_1.SchDoc with Resistor from k7shared.IntLib
Replace Part R110 Resistor in E:\kursach7altium\project\sch5_1.SchDoc with Resistor from k7shared.IntLib
Replace Part R111 Resistor in E:\kursach7altium\project\sch5_1.SchDoc with Resistor from k7shared.IntLib
Replace Part R112 Resistor in E:\kursach7altium\project\sch5_1.SchDoc with Resistor from k7shared.IntLib
Replace Part R113 Resistor in E:\kursach7altium\project\sch5_1.SchDoc with Resistor from k7shared.IntLib
Replace Part R114 Resistor in E:\kursach7altium\project\sch5_1.SchDoc with Resistor from k7shared.IntLib
Replace Part R115 Resistor in E:\kursach7altium\project\sch5_1.SchDoc with Resistor from k7shared.IntLib
Replace Part R116 Resistor in E:\kursach7altium\project\sch5_1.SchDoc with Resistor from k7shared.IntLib
Replace Part R117 Resistor in E:\kursach7altium\project\sch5_1.SchDoc with Resistor from k7shared.IntLib
Replace Part R118 Resistor in E:\kursach7altium\project\sch5_1.SchDoc with Resistor from k7shared.IntLib
Replace Part R119 Resistor in E:\kursach7altium\project\sch5_1.SchDoc with Resistor from k7shared.IntLib
Replace Part R120 Resistor in E:\kursach7altium\project\sch5_1.SchDoc with Resistor from k7shared.IntLib
Replace Part R121 Resistor in E:\kursach7altium\project\sch5_1.SchDoc with Resistor from k7shared.IntLib
Replace Part R122 Resistor in E:\kursach7altium\project\sch5_1.SchDoc with Resistor from k7shared.IntLib
Replace Part R123 Resistor in E:\kursach7altium\project\sch5_1.SchDoc with Resistor from k7shared.IntLib
Replace Part R124 Resistor in E:\kursach7altium\project\sch5_1.SchDoc with Resistor from k7shared.IntLib
Replace Part R125 Resistor in E:\kursach7altium\project\sch5_1.SchDoc with Resistor from k7shared.IntLib
Replace Part R126 Resistor in E:\kursach7altium\project\sch5_1.SchDoc with Resistor from k7shared.IntLib
Replace Part R127 Resistor in E:\kursach7altium\project\sch5_1.SchDoc with Resistor from k7shared.IntLib
Replace Part R128 Resistor in E:\kursach7altium\project\sch5_1.SchDoc with Resistor from k7shared.IntLib
Replace Part R129 Resistor in E:\kursach7altium\project\sch5_1.SchDoc with Resistor from k7shared.IntLib
Replace Part R130 Resistor in E:\kursach7altium\project\sch5_1.SchDoc with Resistor from k7shared.IntLib
Replace Part R131 Resistor in E:\kursach7altium\project\sch5_1.SchDoc with Resistor from k7shared.IntLib
Replace Part R132 Resistor in E:\kursach7altium\project\sch5_1.SchDoc with Resistor from k7shared.IntLib
Replace Part R133 Resistor in E:\kursach7altium\project\sch5_1.SchDoc with Resistor from k7shared.IntLib
Replace Part R134 Resistor in E:\kursach7altium\project\sch5_1.SchDoc with Resistor from k7shared.IntLib
Replace Part R135 Resistor in E:\kursach7altium\project\sch5_1.SchDoc with Resistor from k7shared.IntLib
Replace Part R136 Resistor in E:\kursach7altium\project\sch5_1.SchDoc with Resistor from k7shared.IntLib
Replace Part R137 Resistor in E:\kursach7altium\project\sch5_1.SchDoc with Resistor from k7shared.IntLib
Replace Part R138 Resistor in E:\kursach7altium\project\sch5_1.SchDoc with Resistor from k7shared.IntLib
Replace Part R139 Resistor in E:\kursach7altium\project\sch5_1.SchDoc with Resistor from k7shared.IntLib
Replace Part R140 Resistor in E:\kursach7altium\project\sch5_1.SchDoc with Resistor from k7shared.IntLib
Replace Part VCC27 VCC in E:\kursach7altium\project\sch5_1.SchDoc with VCC from k7shared.IntLib
Replace Part VCC28 VCC in E:\kursach7altium\project\sch5_1.SchDoc with VCC from k7shared.IntLib
Replace Part VCC29 VCC in E:\kursach7altium\project\sch5_1.SchDoc with VCC from k7shared.IntLib
Replace Part VCC30 VCC in E:\kursach7altium\project\sch5_1.SchDoc with VCC from k7shared.IntLib
Replace Part VCC31 VCC in E:\kursach7altium\project\sch5_1.SchDoc with VCC from k7shared.IntLib
Replace Part VCC32 VCC in E:\kursach7altium\project\sch5_1.SchDoc with VCC from k7shared.IntLib
Replace Part VCC33 VCC in E:\kursach7altium\project\sch5_1.SchDoc with VCC from k7shared.IntLib
Replace Part VCC34 VCC in E:\kursach7altium\project\sch5_1.SchDoc with VCC from k7shared.IntLib
Replace Part VCC35 VCC in E:\kursach7altium\project\sch5_1.SchDoc with VCC from k7shared.IntLib
Replace Part VCC36 VCC in E:\kursach7altium\project\sch5_1.SchDoc with VCC from k7shared.IntLib
Replace Part VCC37 VCC in E:\kursach7altium\project\sch5_1.SchDoc with VCC from k7shared.IntLib
Replace Part VCC38 VCC in E:\kursach7altium\project\sch5_1.SchDoc with VCC from k7shared.IntLib
Replace Part VCC39 VCC in E:\kursach7altium\project\sch5_1.SchDoc with VCC from k7shared.IntLib
Replace Part VCC40 VCC in E:\kursach7altium\project\sch5_1.SchDoc with VCC from k7shared.IntLib
Replace Part VCC41 VCC in E:\kursach7altium\project\sch5_1.SchDoc with VCC from k7shared.IntLib
Replace Part VCC42 VCC in E:\kursach7altium\project\sch5_1.SchDoc with VCC from k7shared.IntLib
Replace Part VCC43 VCC in E:\kursach7altium\project\sch5_1.SchDoc with VCC from k7shared.IntLib
Replace Part VCC44 VCC in E:\kursach7altium\project\sch5_1.SchDoc with VCC from k7shared.IntLib
Replace Part VCC45 VCC in E:\kursach7altium\project\sch5_1.SchDoc with VCC from k7shared.IntLib
Replace Part VCC46 VCC in E:\kursach7altium\project\sch5_1.SchDoc with VCC from k7shared.IntLib
Replace Part VCC47 VCC in E:\kursach7altium\project\sch5_1.SchDoc with VCC from k7shared.IntLib
Replace Part VCC48 VCC in E:\kursach7altium\project\sch5_1.SchDoc with VCC from k7shared.IntLib
Replace Part VCC49 VCC in E:\kursach7altium\project\sch5_1.SchDoc with VCC from k7shared.IntLib
Replace Part VCC50 VCC in E:\kursach7altium\project\sch5_1.SchDoc with VCC from k7shared.IntLib
Replace Part VD23 Diode 1 in E:\kursach7altium\project\sch5_1.SchDoc with Diode 1 from k7shared.IntLib
Replace Part VD24 Diode 1 in E:\kursach7altium\project\sch5_1.SchDoc with Diode 1 from k7shared.IntLib
Replace Part VT13 MOP TRANSISTOR in E:\kursach7altium\project\sch5_1.SchDoc with MOP TRANSISTOR from k7shared.IntLib
Replace Part VT14 Transistor 1 in E:\kursach7altium\project\sch5_1.SchDoc with Transistor 1 from k7shared.IntLib
Replace Part VT15 Transistor 1 in E:\kursach7altium\project\sch5_1.SchDoc with Transistor 1 from k7shared.IntLib
Replace Part X14 Outputs 1 in E:\kursach7altium\project\sch5_1.SchDoc with Outputs 1 from k7sch5.IntLib
Replace Part X15 Inputs 1 in E:\kursach7altium\project\sch5_1.SchDoc with Inputs 1 from k7sch5.IntLib
Replace Part X16 Inputs 2 in E:\kursach7altium\project\sch5_1.SchDoc with Inputs 2 from k7sch5.IntLib
Replace Part X17 NBuses in E:\kursach7altium\project\sch5_1.SchDoc with NBuses from k7sch5.IntLib
