Replace Part C86 Capacitor in E:\kursach7altium\project\sch6.SchDoc with Capacitor from k7shared.IntLib
Replace Part C87 Capacitor in E:\kursach7altium\project\sch6.SchDoc with Capacitor from k7shared.IntLib
Replace Part C88 Capacitor in E:\kursach7altium\project\sch6.SchDoc with Capacitor from k7shared.IntLib
Replace Part C89 Capacitor in E:\kursach7altium\project\sch6.SchDoc with Capacitor from k7shared.IntLib
Replace Part C90 Capacitor in E:\kursach7altium\project\sch6.SchDoc with Capacitor from k7shared.IntLib
Replace Part C91 Capacitor in E:\kursach7altium\project\sch6.SchDoc with Capacitor from k7shared.IntLib
Replace Part C92 Capacitor in E:\kursach7altium\project\sch6.SchDoc with Capacitor from k7shared.IntLib
Replace Part C93 Capacitor in E:\kursach7altium\project\sch6.SchDoc with Capacitor from k7shared.IntLib
Replace Part C94 Capacitor in E:\kursach7altium\project\sch6.SchDoc with Capacitor from k7shared.IntLib
Replace Part C95 Capacitor in E:\kursach7altium\project\sch6.SchDoc with Capacitor from k7shared.IntLib
Replace Part C96 Capacitor in E:\kursach7altium\project\sch6.SchDoc with Capacitor from k7shared.IntLib
Replace Part DA7 MIC52 in E:\kursach7altium\project\sch6.SchDoc with MIC52 from k7sch6.IntLib
Replace Part L26 Inductor in E:\kursach7altium\project\sch6.SchDoc with Inductor from k7shared.IntLib
Replace Part L27 Inductor in E:\kursach7altium\project\sch6.SchDoc with Inductor from k7shared.IntLib
Replace Part L28 Inductor in E:\kursach7altium\project\sch6.SchDoc with Inductor from k7shared.IntLib
Replace Part L29 Inductor in E:\kursach7altium\project\sch6.SchDoc with Inductor from k7shared.IntLib
Replace Part L30 Inductor in E:\kursach7altium\project\sch6.SchDoc with Inductor from k7shared.IntLib
Replace Part L31 Inductor in E:\kursach7altium\project\sch6.SchDoc with Inductor from k7shared.IntLib
Replace Part L32 Inductor in E:\kursach7altium\project\sch6.SchDoc with Inductor from k7shared.IntLib
Replace Part L33 Inductor in E:\kursach7altium\project\sch6.SchDoc with Inductor from k7shared.IntLib
Replace Part R74 Resistor in E:\kursach7altium\project\sch6.SchDoc with Resistor from k7shared.IntLib
Replace Part R75 Resistor in E:\kursach7altium\project\sch6.SchDoc with Resistor from k7shared.IntLib
Replace Part R76 Resistor in E:\kursach7altium\project\sch6.SchDoc with Resistor from k7shared.IntLib
Replace Part R77 Resistor in E:\kursach7altium\project\sch6.SchDoc with Resistor from k7shared.IntLib
Replace Part R78 Resistor in E:\kursach7altium\project\sch6.SchDoc with Resistor from k7shared.IntLib
Replace Part R79 Resistor in E:\kursach7altium\project\sch6.SchDoc with Resistor from k7shared.IntLib
Replace Part R80 Resistor in E:\kursach7altium\project\sch6.SchDoc with Resistor from k7shared.IntLib
Replace Part R81 Resistor in E:\kursach7altium\project\sch6.SchDoc with Resistor from k7shared.IntLib
Replace Part R82 Resistor in E:\kursach7altium\project\sch6.SchDoc with Resistor from k7shared.IntLib
Replace Part R83 Resistor in E:\kursach7altium\project\sch6.SchDoc with Resistor from k7shared.IntLib
Replace Part R84 Resistor in E:\kursach7altium\project\sch6.SchDoc with Resistor from k7shared.IntLib
Replace Part R85 Resistor in E:\kursach7altium\project\sch6.SchDoc with Resistor from k7shared.IntLib
Replace Part R86 Resistor in E:\kursach7altium\project\sch6.SchDoc with Resistor from k7shared.IntLib
Replace Part R87 Resistor in E:\kursach7altium\project\sch6.SchDoc with Resistor from k7shared.IntLib
Replace Part U1 Schmitt Inv in E:\kursach7altium\project\sch6.SchDoc with Schmitt Inv from k7sch6.IntLib
Replace Part U2 Schmitt Inv in E:\kursach7altium\project\sch6.SchDoc with Schmitt Inv from k7sch6.IntLib
Replace Part U3 Schmitt Inv in E:\kursach7altium\project\sch6.SchDoc with Schmitt Inv from k7sch6.IntLib
Replace Part U4 Schmitt Inv in E:\kursach7altium\project\sch6.SchDoc with Schmitt Inv from k7sch6.IntLib
Replace Part VD6 Diode 1 in E:\kursach7altium\project\sch6.SchDoc with Diode 1 from k7shared.IntLib
Replace Part VD7 Diode 1 in E:\kursach7altium\project\sch6.SchDoc with Diode 1 from k7shared.IntLib
Replace Part VD8 Diode 1 in E:\kursach7altium\project\sch6.SchDoc with Diode 1 from k7shared.IntLib
Replace Part VD9 Diode 1 in E:\kursach7altium\project\sch6.SchDoc with Diode 1 from k7shared.IntLib
Replace Part VD10 Diode 1 in E:\kursach7altium\project\sch6.SchDoc with Diode 1 from k7shared.IntLib
Replace Part VD11 Diode 1 in E:\kursach7altium\project\sch6.SchDoc with Diode 1 from k7shared.IntLib
Replace Part VD12 Diode 1 in E:\kursach7altium\project\sch6.SchDoc with Diode 1 from k7shared.IntLib
Replace Part VD13 Diode 2 in E:\kursach7altium\project\sch6.SchDoc with Diode 2 from k7shared.IntLib
Replace Part VD14 Diode 1 in E:\kursach7altium\project\sch6.SchDoc with Diode 1 from k7shared.IntLib
Replace Part VD15 Diode 2 in E:\kursach7altium\project\sch6.SchDoc with Diode 2 from k7shared.IntLib
Replace Part VD16 Diode 1 in E:\kursach7altium\project\sch6.SchDoc with Diode 1 from k7shared.IntLib
Replace Part VD17 Diode 2 in E:\kursach7altium\project\sch6.SchDoc with Diode 2 from k7shared.IntLib
Replace Part VD18 Diode 2 in E:\kursach7altium\project\sch6.SchDoc with Diode 2 from k7shared.IntLib
Replace Part VD19 Diode 2 in E:\kursach7altium\project\sch6.SchDoc with Diode 2 from k7shared.IntLib
Replace Part VD20 Diode 2 in E:\kursach7altium\project\sch6.SchDoc with Diode 2 from k7shared.IntLib
Replace Part VT12 Transistor 2 in E:\kursach7altium\project\sch6.SchDoc with Transistor 2 from k7shared.IntLib
Replace Part X42 VGA connector in E:\kursach7altium\project\sch6.SchDoc with VGA connector from k7sch6.IntLib
Replace Part X43 5V-AGND in E:\kursach7altium\project\sch6.SchDoc with 5V-AGND from k7shared.IntLib
Replace Part X44 5V-GND in E:\kursach7altium\project\sch6.SchDoc with 5V-GND from k7shared.IntLib
Replace Part X45 5V-AGND in E:\kursach7altium\project\sch6.SchDoc with 5V-AGND from k7shared.IntLib
Replace Part X46 5V-AGND in E:\kursach7altium\project\sch6.SchDoc with 5V-AGND from k7shared.IntLib
Replace Part X47 VCC-GND R in E:\kursach7altium\project\sch6.SchDoc with VCC-GND R from k7shared.IntLib
Replace Part X48 3V-AGND in E:\kursach7altium\project\sch6.SchDoc with 3V-AGND from k7shared.IntLib
Replace Part X49 5V-AGND in E:\kursach7altium\project\sch6.SchDoc with 5V-AGND from k7shared.IntLib
Replace Part X50 Outputs in E:\kursach7altium\project\sch6.SchDoc with Outputs from k7sch6.IntLib
Replace Part X51 5V-GND in E:\kursach7altium\project\sch6.SchDoc with 5V-GND from k7shared.IntLib
Replace Part X52 VCC-GND R in E:\kursach7altium\project\sch6.SchDoc with VCC-GND R from k7shared.IntLib
Replace Part X53 3V-AGND in E:\kursach7altium\project\sch6.SchDoc with 3V-AGND from k7shared.IntLib
Replace Part X54 3V-AGND in E:\kursach7altium\project\sch6.SchDoc with 3V-AGND from k7shared.IntLib
Replace Part X55 3V-AGND in E:\kursach7altium\project\sch6.SchDoc with 3V-AGND from k7shared.IntLib
