Change Component Designator: Old Designator=C? New Designator=C86
Change Component Designator: Old Designator=C? New Designator=C87
Change Component Designator: Old Designator=C? New Designator=C88
Change Component Designator: Old Designator=C? New Designator=C89
Change Component Designator: Old Designator=C? New Designator=C90
Change Component Designator: Old Designator=C? New Designator=C91
Change Component Designator: Old Designator=C? New Designator=C92
Change Component Designator: Old Designator=C? New Designator=C93
Change Component Designator: Old Designator=C? New Designator=C94
Change Component Designator: Old Designator=C? New Designator=C95
Change Component Designator: Old Designator=C? New Designator=C96
Change Component Designator: Old Designator=DA? New Designator=DA7
Change Component Designator: Old Designator=GND? New Designator=GND22
Change Component Designator: Old Designator=GND? New Designator=GND23
Change Component Designator: Old Designator=GND? New Designator=GND24
Change Component Designator: Old Designator=GND? New Designator=GND25
Change Component Designator: Old Designator=GND? New Designator=GND26
Change Component Designator: Old Designator=GND? New Designator=GND27
Change Component Designator: Old Designator=GND? New Designator=GND28
Change Component Designator: Old Designator=GND? New Designator=GND29
Change Component Designator: Old Designator=GND? New Designator=GND30
Change Component Designator: Old Designator=GND? New Designator=GND31
Change Component Designator: Old Designator=GND? New Designator=GND32
Change Component Designator: Old Designator=GND? New Designator=GND33
Change Component Designator: Old Designator=L? New Designator=L26
Change Component Designator: Old Designator=L? New Designator=L27
Change Component Designator: Old Designator=L? New Designator=L28
Change Component Designator: Old Designator=L? New Designator=L29
Change Component Designator: Old Designator=L? New Designator=L30
Change Component Designator: Old Designator=L? New Designator=L31
Change Component Designator: Old Designator=L? New Designator=L32
Change Component Designator: Old Designator=L? New Designator=L33
Change Component Designator: Old Designator=R? New Designator=R74
Change Component Designator: Old Designator=R? New Designator=R75
Change Component Designator: Old Designator=R? New Designator=R76
Change Component Designator: Old Designator=R? New Designator=R77
Change Component Designator: Old Designator=R? New Designator=R78
Change Component Designator: Old Designator=R? New Designator=R79
Change Component Designator: Old Designator=R? New Designator=R80
Change Component Designator: Old Designator=R? New Designator=R81
Change Component Designator: Old Designator=R? New Designator=R82
Change Component Designator: Old Designator=R? New Designator=R83
Change Component Designator: Old Designator=R? New Designator=R84
Change Component Designator: Old Designator=R? New Designator=R85
Change Component Designator: Old Designator=R? New Designator=R86
Change Component Designator: Old Designator=R? New Designator=R87
Change Component Designator: Old Designator=U? New Designator=U1
Change Component Designator: Old Designator=U? New Designator=U2
Change Component Designator: Old Designator=U? New Designator=U3
Change Component Designator: Old Designator=U? New Designator=U4
Change Component Designator: Old Designator=VCC? New Designator=VCC15
Change Component Designator: Old Designator=VCC? New Designator=VCC16
Change Component Designator: Old Designator=VCC? New Designator=VCC17
Change Component Designator: Old Designator=VCC? New Designator=VCC18
Change Component Designator: Old Designator=VCC? New Designator=VCC19
Change Component Designator: Old Designator=VCC? New Designator=VCC20
Change Component Designator: Old Designator=VCC? New Designator=VCC21
Change Component Designator: Old Designator=VD? New Designator=VD8
Change Component Designator: Old Designator=VD? New Designator=VD9
Change Component Designator: Old Designator=VD? New Designator=VD10
Change Component Designator: Old Designator=VD? New Designator=VD11
Change Component Designator: Old Designator=VD? New Designator=VD12
Change Component Designator: Old Designator=VD? New Designator=VD13
Change Component Designator: Old Designator=VD? New Designator=VD14
Change Component Designator: Old Designator=VD? New Designator=VD15
Change Component Designator: Old Designator=VD? New Designator=VD16
Change Component Designator: Old Designator=VD? New Designator=VD17
Change Component Designator: Old Designator=VD? New Designator=VD18
Change Component Designator: Old Designator=VD? New Designator=VD19
Change Component Designator: Old Designator=VD? New Designator=VD20
Change Component Designator: Old Designator=VD? New Designator=VD21
Change Component Designator: Old Designator=VD? New Designator=VD22
Change Component Designator: Old Designator=VT? New Designator=VT12
Change Component Designator: Old Designator=X? New Designator=X9
Change Component Designator: Old Designator=X? New Designator=X10
