Change Component Designator: Old Designator=C86 New Designator=C?
Change Component Designator: Old Designator=C87 New Designator=C?
Change Component Designator: Old Designator=C88 New Designator=C?
Change Component Designator: Old Designator=C89 New Designator=C?
Change Component Designator: Old Designator=C90 New Designator=C?
Change Component Designator: Old Designator=C91 New Designator=C?
Change Component Designator: Old Designator=C92 New Designator=C?
Change Component Designator: Old Designator=C93 New Designator=C?
Change Component Designator: Old Designator=C94 New Designator=C?
Change Component Designator: Old Designator=C95 New Designator=C?
Change Component Designator: Old Designator=C96 New Designator=C?
Change Component Designator: Old Designator=DA7 New Designator=DA?
Change Component Designator: Old Designator=L26 New Designator=L?
Change Component Designator: Old Designator=L27 New Designator=L?
Change Component Designator: Old Designator=L28 New Designator=L?
Change Component Designator: Old Designator=L29 New Designator=L?
Change Component Designator: Old Designator=L30 New Designator=L?
Change Component Designator: Old Designator=L31 New Designator=L?
Change Component Designator: Old Designator=L32 New Designator=L?
Change Component Designator: Old Designator=L33 New Designator=L?
Change Component Designator: Old Designator=R74 New Designator=R?
Change Component Designator: Old Designator=R75 New Designator=R?
Change Component Designator: Old Designator=R76 New Designator=R?
Change Component Designator: Old Designator=R77 New Designator=R?
Change Component Designator: Old Designator=R78 New Designator=R?
Change Component Designator: Old Designator=R79 New Designator=R?
Change Component Designator: Old Designator=R80 New Designator=R?
Change Component Designator: Old Designator=R81 New Designator=R?
Change Component Designator: Old Designator=R82 New Designator=R?
Change Component Designator: Old Designator=R83 New Designator=R?
Change Component Designator: Old Designator=R84 New Designator=R?
Change Component Designator: Old Designator=R85 New Designator=R?
Change Component Designator: Old Designator=R86 New Designator=R?
Change Component Designator: Old Designator=R87 New Designator=R?
Change Component Designator: Old Designator=U1 New Designator=U?
Change Component Designator: Old Designator=U2 New Designator=U?
Change Component Designator: Old Designator=U3 New Designator=U?
Change Component Designator: Old Designator=U4 New Designator=U?
Change Component Designator: Old Designator=VD6 New Designator=VD?
Change Component Designator: Old Designator=VD7 New Designator=VD?
Change Component Designator: Old Designator=VD8 New Designator=VD?
Change Component Designator: Old Designator=VD9 New Designator=VD?
Change Component Designator: Old Designator=VD10 New Designator=VD?
Change Component Designator: Old Designator=VD11 New Designator=VD?
Change Component Designator: Old Designator=VD12 New Designator=VD?
Change Component Designator: Old Designator=VD13 New Designator=VD?
Change Component Designator: Old Designator=VD14 New Designator=VD?
Change Component Designator: Old Designator=VD15 New Designator=VD?
Change Component Designator: Old Designator=VD16 New Designator=VD?
Change Component Designator: Old Designator=VD17 New Designator=VD?
Change Component Designator: Old Designator=VD18 New Designator=VD?
Change Component Designator: Old Designator=VD19 New Designator=VD?
Change Component Designator: Old Designator=VD20 New Designator=VD?
Change Component Designator: Old Designator=VT12 New Designator=VT?
Change Component Designator: Old Designator=X42 New Designator=X?
Change Component Designator: Old Designator=X43 New Designator=X?
Change Component Designator: Old Designator=X44 New Designator=X?
Change Component Designator: Old Designator=X45 New Designator=X?
Change Component Designator: Old Designator=X46 New Designator=X?
Change Component Designator: Old Designator=X47 New Designator=X?
Change Component Designator: Old Designator=X48 New Designator=X?
Change Component Designator: Old Designator=X49 New Designator=X?
Change Component Designator: Old Designator=X50 New Designator=X?
Change Component Designator: Old Designator=X51 New Designator=X?
Change Component Designator: Old Designator=X52 New Designator=X?
Change Component Designator: Old Designator=X53 New Designator=X?
Change Component Designator: Old Designator=X54 New Designator=X?
Change Component Designator: Old Designator=X55 New Designator=X?
