Replace Part C86 Capacitor in E:\kursach7altium\project\sch6.SchDoc with Capacitor from k7shared.IntLib
Replace Part C87 Capacitor in E:\kursach7altium\project\sch6.SchDoc with Capacitor from k7shared.IntLib
Replace Part C88 Capacitor in E:\kursach7altium\project\sch6.SchDoc with Capacitor from k7shared.IntLib
Replace Part C89 Capacitor in E:\kursach7altium\project\sch6.SchDoc with Capacitor from k7shared.IntLib
Replace Part C90 Capacitor in E:\kursach7altium\project\sch6.SchDoc with Capacitor from k7shared.IntLib
Replace Part C91 Capacitor in E:\kursach7altium\project\sch6.SchDoc with Capacitor from k7shared.IntLib
Replace Part C92 Capacitor in E:\kursach7altium\project\sch6.SchDoc with Capacitor from k7shared.IntLib
Replace Part C93 Capacitor in E:\kursach7altium\project\sch6.SchDoc with Capacitor from k7shared.IntLib
Replace Part C94 Capacitor in E:\kursach7altium\project\sch6.SchDoc with Capacitor from k7shared.IntLib
Replace Part C95 Capacitor in E:\kursach7altium\project\sch6.SchDoc with Capacitor from k7shared.IntLib
Replace Part C96 Capacitor in E:\kursach7altium\project\sch6.SchDoc with Capacitor from k7shared.IntLib
Replace Part DA7 MIC52 in E:\kursach7altium\project\sch6.SchDoc with MIC52 from k7sch6.IntLib
Replace Part GND31 GND in E:\kursach7altium\project\sch6.SchDoc with GND from k7shared.IntLib
Replace Part GND32 GND in E:\kursach7altium\project\sch6.SchDoc with GND from k7shared.IntLib
Replace Part GND33 GND in E:\kursach7altium\project\sch6.SchDoc with GND from k7shared.IntLib
Replace Part GND34 GND in E:\kursach7altium\project\sch6.SchDoc with GND from k7shared.IntLib
Replace Part GND35 GND in E:\kursach7altium\project\sch6.SchDoc with GND from k7shared.IntLib
Replace Part GND36 GND in E:\kursach7altium\project\sch6.SchDoc with GND from k7shared.IntLib
Replace Part GND37 GND in E:\kursach7altium\project\sch6.SchDoc with GND from k7shared.IntLib
Replace Part GND38 GND in E:\kursach7altium\project\sch6.SchDoc with GND from k7shared.IntLib
Replace Part GND39 GND in E:\kursach7altium\project\sch6.SchDoc with GND from k7shared.IntLib
Replace Part GND40 GND in E:\kursach7altium\project\sch6.SchDoc with GND from k7shared.IntLib
Replace Part GND41 GND in E:\kursach7altium\project\sch6.SchDoc with GND from k7shared.IntLib
Replace Part GND42 GND in E:\kursach7altium\project\sch6.SchDoc with GND from k7shared.IntLib
Replace Part L26 Inductor in E:\kursach7altium\project\sch6.SchDoc with Inductor from k7shared.IntLib
Replace Part L27 Inductor in E:\kursach7altium\project\sch6.SchDoc with Inductor from k7shared.IntLib
Replace Part L28 Inductor in E:\kursach7altium\project\sch6.SchDoc with Inductor from k7shared.IntLib
Replace Part L29 Inductor in E:\kursach7altium\project\sch6.SchDoc with Inductor from k7shared.IntLib
Replace Part L30 Inductor in E:\kursach7altium\project\sch6.SchDoc with Inductor from k7shared.IntLib
Replace Part L31 Inductor in E:\kursach7altium\project\sch6.SchDoc with Inductor from k7shared.IntLib
Replace Part L32 Inductor in E:\kursach7altium\project\sch6.SchDoc with Inductor from k7shared.IntLib
Replace Part L33 Inductor in E:\kursach7altium\project\sch6.SchDoc with Inductor from k7shared.IntLib
Replace Part R74 Resistor in E:\kursach7altium\project\sch6.SchDoc with Resistor from k7shared.IntLib
Replace Part R75 Resistor in E:\kursach7altium\project\sch6.SchDoc with Resistor from k7shared.IntLib
Replace Part R76 Resistor in E:\kursach7altium\project\sch6.SchDoc with Resistor from k7shared.IntLib
Replace Part R77 Resistor in E:\kursach7altium\project\sch6.SchDoc with Resistor from k7shared.IntLib
Replace Part R78 Resistor in E:\kursach7altium\project\sch6.SchDoc with Resistor from k7shared.IntLib
Replace Part R79 Resistor in E:\kursach7altium\project\sch6.SchDoc with Resistor from k7shared.IntLib
Replace Part R80 Resistor in E:\kursach7altium\project\sch6.SchDoc with Resistor from k7shared.IntLib
Replace Part R81 Resistor in E:\kursach7altium\project\sch6.SchDoc with Resistor from k7shared.IntLib
Replace Part R82 Resistor in E:\kursach7altium\project\sch6.SchDoc with Resistor from k7shared.IntLib
Replace Part R83 Resistor in E:\kursach7altium\project\sch6.SchDoc with Resistor from k7shared.IntLib
Replace Part R84 Resistor in E:\kursach7altium\project\sch6.SchDoc with Resistor from k7shared.IntLib
Replace Part R85 Resistor in E:\kursach7altium\project\sch6.SchDoc with Resistor from k7shared.IntLib
Replace Part R86 Resistor in E:\kursach7altium\project\sch6.SchDoc with Resistor from k7shared.IntLib
Replace Part R87 Resistor in E:\kursach7altium\project\sch6.SchDoc with Resistor from k7shared.IntLib
Replace Part U1 Schmitt Inv in E:\kursach7altium\project\sch6.SchDoc with Schmitt Inv from k7sch6.IntLib
Replace Part U2 Schmitt Inv in E:\kursach7altium\project\sch6.SchDoc with Schmitt Inv from k7sch6.IntLib
Replace Part U3 Schmitt Inv in E:\kursach7altium\project\sch6.SchDoc with Schmitt Inv from k7sch6.IntLib
Replace Part U4 Schmitt Inv in E:\kursach7altium\project\sch6.SchDoc with Schmitt Inv from k7sch6.IntLib
Replace Part VCC20 VCC in E:\kursach7altium\project\sch6.SchDoc with VCC from k7shared.IntLib
Replace Part VCC21 VCC in E:\kursach7altium\project\sch6.SchDoc with VCC from k7shared.IntLib
Replace Part VCC22 VCC in E:\kursach7altium\project\sch6.SchDoc with VCC from k7shared.IntLib
Replace Part VCC23 VCC in E:\kursach7altium\project\sch6.SchDoc with VCC from k7shared.IntLib
Replace Part VCC24 VCC in E:\kursach7altium\project\sch6.SchDoc with VCC from k7shared.IntLib
Replace Part VCC25 VCC in E:\kursach7altium\project\sch6.SchDoc with VCC from k7shared.IntLib
Replace Part VCC26 VCC in E:\kursach7altium\project\sch6.SchDoc with VCC from k7shared.IntLib
Replace Part VD8 Diode 1 in E:\kursach7altium\project\sch6.SchDoc with Diode 1 from k7shared.IntLib
Replace Part VD9 Diode 1 in E:\kursach7altium\project\sch6.SchDoc with Diode 1 from k7shared.IntLib
Replace Part VD10 Diode 1 in E:\kursach7altium\project\sch6.SchDoc with Diode 1 from k7shared.IntLib
Replace Part VD11 Diode 1 in E:\kursach7altium\project\sch6.SchDoc with Diode 1 from k7shared.IntLib
Replace Part VD12 Diode 1 in E:\kursach7altium\project\sch6.SchDoc with Diode 1 from k7shared.IntLib
Replace Part VD13 Diode 1 in E:\kursach7altium\project\sch6.SchDoc with Diode 1 from k7shared.IntLib
Replace Part VD14 Diode 1 in E:\kursach7altium\project\sch6.SchDoc with Diode 1 from k7shared.IntLib
Replace Part VD15 Diode 2 in E:\kursach7altium\project\sch6.SchDoc with Diode 2 from k7shared.IntLib
Replace Part VD16 Diode 1 in E:\kursach7altium\project\sch6.SchDoc with Diode 1 from k7shared.IntLib
Replace Part VD17 Diode 2 in E:\kursach7altium\project\sch6.SchDoc with Diode 2 from k7shared.IntLib
Replace Part VD18 Diode 1 in E:\kursach7altium\project\sch6.SchDoc with Diode 1 from k7shared.IntLib
Replace Part VD19 Diode 2 in E:\kursach7altium\project\sch6.SchDoc with Diode 2 from k7shared.IntLib
Replace Part VD20 Diode 2 in E:\kursach7altium\project\sch6.SchDoc with Diode 2 from k7shared.IntLib
Replace Part VD21 Diode 2 in E:\kursach7altium\project\sch6.SchDoc with Diode 2 from k7shared.IntLib
Replace Part VD22 Diode 2 in E:\kursach7altium\project\sch6.SchDoc with Diode 2 from k7shared.IntLib
Replace Part VT12 Transistor 2 in E:\kursach7altium\project\sch6.SchDoc with Transistor 2 from k7shared.IntLib
Replace Part X12 VGA connector in E:\kursach7altium\project\sch6.SchDoc with VGA connector from k7sch6.IntLib
Replace Part X13 Outputs in E:\kursach7altium\project\sch6.SchDoc with Outputs from k7sch6.IntLib
