Change Component Designator: Old Designator=C67 New Designator=C?
Change Component Designator: Old Designator=C68 New Designator=C?
Change Component Designator: Old Designator=C69 New Designator=C?
Change Component Designator: Old Designator=C70 New Designator=C?
Change Component Designator: Old Designator=C71 New Designator=C?
Change Component Designator: Old Designator=C72 New Designator=C?
Change Component Designator: Old Designator=C73 New Designator=C?
Change Component Designator: Old Designator=C74 New Designator=C?
Change Component Designator: Old Designator=C75 New Designator=C?
Change Component Designator: Old Designator=C76 New Designator=C?
Change Component Designator: Old Designator=C77 New Designator=C?
Change Component Designator: Old Designator=DA4 New Designator=DA?
Change Component Designator: Old Designator=L13 New Designator=L?
Change Component Designator: Old Designator=L14 New Designator=L?
Change Component Designator: Old Designator=L15 New Designator=L?
Change Component Designator: Old Designator=L16 New Designator=L?
Change Component Designator: Old Designator=L17 New Designator=L?
Change Component Designator: Old Designator=L18 New Designator=L?
Change Component Designator: Old Designator=L19 New Designator=L?
Change Component Designator: Old Designator=L20 New Designator=L?
Change Component Designator: Old Designator=R45 New Designator=R?
Change Component Designator: Old Designator=R46 New Designator=R?
Change Component Designator: Old Designator=R47 New Designator=R?
Change Component Designator: Old Designator=R48 New Designator=R?
Change Component Designator: Old Designator=R49 New Designator=R?
Change Component Designator: Old Designator=R50 New Designator=R?
Change Component Designator: Old Designator=R51 New Designator=R?
Change Component Designator: Old Designator=R52 New Designator=R?
Change Component Designator: Old Designator=R53 New Designator=R?
Change Component Designator: Old Designator=R54 New Designator=R?
Change Component Designator: Old Designator=R55 New Designator=R?
Change Component Designator: Old Designator=R56 New Designator=R?
Change Component Designator: Old Designator=R57 New Designator=R?
Change Component Designator: Old Designator=R58 New Designator=R?
Change Component Designator: Old Designator=U1 New Designator=U?
Change Component Designator: Old Designator=U2 New Designator=U?
Change Component Designator: Old Designator=U3 New Designator=U?
Change Component Designator: Old Designator=U4 New Designator=U?
Change Component Designator: Old Designator=VD6 New Designator=VD?
Change Component Designator: Old Designator=VD7 New Designator=VD?
Change Component Designator: Old Designator=VD8 New Designator=VD?
Change Component Designator: Old Designator=VD9 New Designator=VD?
Change Component Designator: Old Designator=VD10 New Designator=VD?
Change Component Designator: Old Designator=VD11 New Designator=VD?
Change Component Designator: Old Designator=VD12 New Designator=VD?
Change Component Designator: Old Designator=VD13 New Designator=VD?
Change Component Designator: Old Designator=VD14 New Designator=VD?
Change Component Designator: Old Designator=VD15 New Designator=VD?
Change Component Designator: Old Designator=VD16 New Designator=VD?
Change Component Designator: Old Designator=VD17 New Designator=VD?
Change Component Designator: Old Designator=VD18 New Designator=VD?
Change Component Designator: Old Designator=VD19 New Designator=VD?
Change Component Designator: Old Designator=VD20 New Designator=VD?
Change Component Designator: Old Designator=VT9 New Designator=VT?
Change Component Designator: Old Designator=X19 New Designator=X?
Change Component Designator: Old Designator=X20 New Designator=X?
Change Component Designator: Old Designator=X21 New Designator=X?
Change Component Designator: Old Designator=X22 New Designator=X?
Change Component Designator: Old Designator=X23 New Designator=X?
Change Component Designator: Old Designator=X24 New Designator=X?
Change Component Designator: Old Designator=X25 New Designator=X?
Change Component Designator: Old Designator=X26 New Designator=X?
Change Component Designator: Old Designator=X27 New Designator=X?
Change Component Designator: Old Designator=X28 New Designator=X?
Change Component Designator: Old Designator=X29 New Designator=X?
Change Component Designator: Old Designator=X30 New Designator=X?
Change Component Designator: Old Designator=X31 New Designator=X?
Change Component Designator: Old Designator=X32 New Designator=X?
