Replace Part C67 Capacitor in E:\kursach7altium\project\sch6.SchDoc with Capacitor from k7shared.IntLib
Replace Part C68 Capacitor in E:\kursach7altium\project\sch6.SchDoc with Capacitor from k7shared.IntLib
Replace Part C69 Capacitor in E:\kursach7altium\project\sch6.SchDoc with Capacitor from k7shared.IntLib
Replace Part C70 Capacitor in E:\kursach7altium\project\sch6.SchDoc with Capacitor from k7shared.IntLib
Replace Part C71 Capacitor in E:\kursach7altium\project\sch6.SchDoc with Capacitor from k7shared.IntLib
Replace Part C72 Capacitor in E:\kursach7altium\project\sch6.SchDoc with Capacitor from k7shared.IntLib
Replace Part C73 Capacitor in E:\kursach7altium\project\sch6.SchDoc with Capacitor from k7shared.IntLib
Replace Part C74 Capacitor in E:\kursach7altium\project\sch6.SchDoc with Capacitor from k7shared.IntLib
Replace Part C75 Capacitor in E:\kursach7altium\project\sch6.SchDoc with Capacitor from k7shared.IntLib
Replace Part C76 Capacitor in E:\kursach7altium\project\sch6.SchDoc with Capacitor from k7shared.IntLib
Replace Part C77 Capacitor in E:\kursach7altium\project\sch6.SchDoc with Capacitor from k7shared.IntLib
Replace Part DA4 MIC52 in E:\kursach7altium\project\sch6.SchDoc with MIC52 from k7sch6.IntLib
Replace Part L13 Inductor in E:\kursach7altium\project\sch6.SchDoc with Inductor from k7shared.IntLib
Replace Part L14 Inductor in E:\kursach7altium\project\sch6.SchDoc with Inductor from k7shared.IntLib
Replace Part L15 Inductor in E:\kursach7altium\project\sch6.SchDoc with Inductor from k7shared.IntLib
Replace Part L16 Inductor in E:\kursach7altium\project\sch6.SchDoc with Inductor from k7shared.IntLib
Replace Part L17 Inductor in E:\kursach7altium\project\sch6.SchDoc with Inductor from k7shared.IntLib
Replace Part L18 Inductor in E:\kursach7altium\project\sch6.SchDoc with Inductor from k7shared.IntLib
Replace Part L19 Inductor in E:\kursach7altium\project\sch6.SchDoc with Inductor from k7shared.IntLib
Replace Part L20 Inductor in E:\kursach7altium\project\sch6.SchDoc with Inductor from k7shared.IntLib
Replace Part R45 Resistor in E:\kursach7altium\project\sch6.SchDoc with Resistor from k7shared.IntLib
Replace Part R46 Resistor in E:\kursach7altium\project\sch6.SchDoc with Resistor from k7shared.IntLib
Replace Part R47 Resistor in E:\kursach7altium\project\sch6.SchDoc with Resistor from k7shared.IntLib
Replace Part R48 Resistor in E:\kursach7altium\project\sch6.SchDoc with Resistor from k7shared.IntLib
Replace Part R49 Resistor in E:\kursach7altium\project\sch6.SchDoc with Resistor from k7shared.IntLib
Replace Part R50 Resistor in E:\kursach7altium\project\sch6.SchDoc with Resistor from k7shared.IntLib
Replace Part R51 Resistor in E:\kursach7altium\project\sch6.SchDoc with Resistor from k7shared.IntLib
Replace Part R52 Resistor in E:\kursach7altium\project\sch6.SchDoc with Resistor from k7shared.IntLib
Replace Part R53 Resistor in E:\kursach7altium\project\sch6.SchDoc with Resistor from k7shared.IntLib
Replace Part R54 Resistor in E:\kursach7altium\project\sch6.SchDoc with Resistor from k7shared.IntLib
Replace Part R55 Resistor in E:\kursach7altium\project\sch6.SchDoc with Resistor from k7shared.IntLib
Replace Part R56 Resistor in E:\kursach7altium\project\sch6.SchDoc with Resistor from k7shared.IntLib
Replace Part R57 Resistor in E:\kursach7altium\project\sch6.SchDoc with Resistor from k7shared.IntLib
Replace Part R58 Resistor in E:\kursach7altium\project\sch6.SchDoc with Resistor from k7shared.IntLib
Replace Part U1 Schmitt Inv in E:\kursach7altium\project\sch6.SchDoc with Schmitt Inv from k7sch6.IntLib
Replace Part U2 Schmitt Inv in E:\kursach7altium\project\sch6.SchDoc with Schmitt Inv from k7sch6.IntLib
Replace Part U3 Schmitt Inv in E:\kursach7altium\project\sch6.SchDoc with Schmitt Inv from k7sch6.IntLib
Replace Part U4 Schmitt Inv in E:\kursach7altium\project\sch6.SchDoc with Schmitt Inv from k7sch6.IntLib
Replace Part VD6 Diode 1 in E:\kursach7altium\project\sch6.SchDoc with Diode 1 from k7shared.IntLib
Replace Part VD7 Diode 1 in E:\kursach7altium\project\sch6.SchDoc with Diode 1 from k7shared.IntLib
Replace Part VD8 Diode 1 in E:\kursach7altium\project\sch6.SchDoc with Diode 1 from k7shared.IntLib
Replace Part VD9 Diode 1 in E:\kursach7altium\project\sch6.SchDoc with Diode 1 from k7shared.IntLib
Replace Part VD10 Diode 1 in E:\kursach7altium\project\sch6.SchDoc with Diode 1 from k7shared.IntLib
Replace Part VD11 Diode 1 in E:\kursach7altium\project\sch6.SchDoc with Diode 1 from k7shared.IntLib
Replace Part VD12 Diode 1 in E:\kursach7altium\project\sch6.SchDoc with Diode 1 from k7shared.IntLib
Replace Part VD13 Diode 2 in E:\kursach7altium\project\sch6.SchDoc with Diode 2 from k7shared.IntLib
Replace Part VD14 Diode 1 in E:\kursach7altium\project\sch6.SchDoc with Diode 1 from k7shared.IntLib
Replace Part VD15 Diode 2 in E:\kursach7altium\project\sch6.SchDoc with Diode 2 from k7shared.IntLib
Replace Part VD16 Diode 1 in E:\kursach7altium\project\sch6.SchDoc with Diode 1 from k7shared.IntLib
Replace Part VD17 Diode 2 in E:\kursach7altium\project\sch6.SchDoc with Diode 2 from k7shared.IntLib
Replace Part VD18 Diode 2 in E:\kursach7altium\project\sch6.SchDoc with Diode 2 from k7shared.IntLib
Replace Part VD19 Diode 2 in E:\kursach7altium\project\sch6.SchDoc with Diode 2 from k7shared.IntLib
Replace Part VD20 Diode 2 in E:\kursach7altium\project\sch6.SchDoc with Diode 2 from k7shared.IntLib
Replace Part VT9 Transistor 2 in E:\kursach7altium\project\sch6.SchDoc with Transistor 2 from k7shared.IntLib
Replace Part X19 VGA connector in E:\kursach7altium\project\sch6.SchDoc with VGA connector from k7sch6.IntLib
Replace Part X20 5V-AGND in E:\kursach7altium\project\sch6.SchDoc with 5V-AGND from k7shared.IntLib
Replace Part X21 5V-GND in E:\kursach7altium\project\sch6.SchDoc with 5V-GND from k7shared.IntLib
Replace Part X22 5V-AGND in E:\kursach7altium\project\sch6.SchDoc with 5V-AGND from k7shared.IntLib
Replace Part X23 5V-AGND in E:\kursach7altium\project\sch6.SchDoc with 5V-AGND from k7shared.IntLib
Replace Part X24 VCC-GND R in E:\kursach7altium\project\sch6.SchDoc with VCC-GND R from k7shared.IntLib
Replace Part X25 3V-AGND in E:\kursach7altium\project\sch6.SchDoc with 3V-AGND from k7shared.IntLib
Replace Part X26 5V-AGND in E:\kursach7altium\project\sch6.SchDoc with 5V-AGND from k7shared.IntLib
Replace Part X27 Outputs in E:\kursach7altium\project\sch6.SchDoc with Outputs from k7sch6.IntLib
Replace Part X28 5V-GND in E:\kursach7altium\project\sch6.SchDoc with 5V-GND from k7shared.IntLib
Replace Part X29 VCC-GND R in E:\kursach7altium\project\sch6.SchDoc with VCC-GND R from k7shared.IntLib
Replace Part X30 3V-AGND in E:\kursach7altium\project\sch6.SchDoc with 3V-AGND from k7shared.IntLib
Replace Part X31 3V-AGND in E:\kursach7altium\project\sch6.SchDoc with 3V-AGND from k7shared.IntLib
Replace Part X32 3V-AGND in E:\kursach7altium\project\sch6.SchDoc with 3V-AGND from k7shared.IntLib
