Replace Part C? Capacitor in E:\kursach7altium\project\sch6.SchDoc with Capacitor from k7shared.IntLib
Replace Part C? Capacitor in E:\kursach7altium\project\sch6.SchDoc with Capacitor from k7shared.IntLib
Replace Part C? Capacitor in E:\kursach7altium\project\sch6.SchDoc with Capacitor from k7shared.IntLib
Replace Part C? Capacitor in E:\kursach7altium\project\sch6.SchDoc with Capacitor from k7shared.IntLib
Replace Part C? Capacitor in E:\kursach7altium\project\sch6.SchDoc with Capacitor from k7shared.IntLib
Replace Part C? Capacitor in E:\kursach7altium\project\sch6.SchDoc with Capacitor from k7shared.IntLib
Replace Part C? Capacitor in E:\kursach7altium\project\sch6.SchDoc with Capacitor from k7shared.IntLib
Replace Part C? Capacitor in E:\kursach7altium\project\sch6.SchDoc with Capacitor from k7shared.IntLib
Replace Part C? Capacitor in E:\kursach7altium\project\sch6.SchDoc with Capacitor from k7shared.IntLib
Replace Part C? Capacitor in E:\kursach7altium\project\sch6.SchDoc with Capacitor from k7shared.IntLib
Replace Part C? Capacitor in E:\kursach7altium\project\sch6.SchDoc with Capacitor from k7shared.IntLib
Replace Part DA? MIC52 in E:\kursach7altium\project\sch6.SchDoc with MIC52 from k7sch6.IntLib
Replace Part L? Inductor in E:\kursach7altium\project\sch6.SchDoc with Inductor from k7shared.IntLib
Replace Part L? Inductor in E:\kursach7altium\project\sch6.SchDoc with Inductor from k7shared.IntLib
Replace Part L? Inductor in E:\kursach7altium\project\sch6.SchDoc with Inductor from k7shared.IntLib
Replace Part L? Inductor in E:\kursach7altium\project\sch6.SchDoc with Inductor from k7shared.IntLib
Replace Part L? Inductor in E:\kursach7altium\project\sch6.SchDoc with Inductor from k7shared.IntLib
Replace Part L? Inductor in E:\kursach7altium\project\sch6.SchDoc with Inductor from k7shared.IntLib
Replace Part L? Inductor in E:\kursach7altium\project\sch6.SchDoc with Inductor from k7shared.IntLib
Replace Part L? Inductor in E:\kursach7altium\project\sch6.SchDoc with Inductor from k7shared.IntLib
Replace Part R? Resistor in E:\kursach7altium\project\sch6.SchDoc with Resistor from k7shared.IntLib
Replace Part R? Resistor in E:\kursach7altium\project\sch6.SchDoc with Resistor from k7shared.IntLib
Replace Part R? Resistor in E:\kursach7altium\project\sch6.SchDoc with Resistor from k7shared.IntLib
Replace Part R? Resistor in E:\kursach7altium\project\sch6.SchDoc with Resistor from k7shared.IntLib
Replace Part R? Resistor in E:\kursach7altium\project\sch6.SchDoc with Resistor from k7shared.IntLib
Replace Part R? Resistor in E:\kursach7altium\project\sch6.SchDoc with Resistor from k7shared.IntLib
Replace Part R? Resistor in E:\kursach7altium\project\sch6.SchDoc with Resistor from k7shared.IntLib
Replace Part R? Resistor in E:\kursach7altium\project\sch6.SchDoc with Resistor from k7shared.IntLib
Replace Part R? Resistor in E:\kursach7altium\project\sch6.SchDoc with Resistor from k7shared.IntLib
Replace Part R? Resistor in E:\kursach7altium\project\sch6.SchDoc with Resistor from k7shared.IntLib
Replace Part R? Resistor in E:\kursach7altium\project\sch6.SchDoc with Resistor from k7shared.IntLib
Replace Part R? Resistor in E:\kursach7altium\project\sch6.SchDoc with Resistor from k7shared.IntLib
Replace Part R? Resistor in E:\kursach7altium\project\sch6.SchDoc with Resistor from k7shared.IntLib
Replace Part R? Resistor in E:\kursach7altium\project\sch6.SchDoc with Resistor from k7shared.IntLib
Replace Part U? Schmitt Inv in E:\kursach7altium\project\sch6.SchDoc with Schmitt Inv from k7sch6.IntLib
Replace Part U? Schmitt Inv in E:\kursach7altium\project\sch6.SchDoc with Schmitt Inv from k7sch6.IntLib
Replace Part U? Schmitt Inv in E:\kursach7altium\project\sch6.SchDoc with Schmitt Inv from k7sch6.IntLib
Replace Part U? Schmitt Inv in E:\kursach7altium\project\sch6.SchDoc with Schmitt Inv from k7sch6.IntLib
Replace Part VD? Diode 2 in E:\kursach7altium\project\sch6.SchDoc with Diode 2 from k7shared.IntLib
Replace Part VD? Diode 2 in E:\kursach7altium\project\sch6.SchDoc with Diode 2 from k7shared.IntLib
Replace Part VD? Diode 2 in E:\kursach7altium\project\sch6.SchDoc with Diode 2 from k7shared.IntLib
Replace Part VD? Diode 2 in E:\kursach7altium\project\sch6.SchDoc with Diode 2 from k7shared.IntLib
Replace Part VD? Diode 1 in E:\kursach7altium\project\sch6.SchDoc with Diode 1 from k7shared.IntLib
Replace Part VD? Diode 2 in E:\kursach7altium\project\sch6.SchDoc with Diode 2 from k7shared.IntLib
Replace Part VD? Diode 1 in E:\kursach7altium\project\sch6.SchDoc with Diode 1 from k7shared.IntLib
Replace Part VD? Diode 1 in E:\kursach7altium\project\sch6.SchDoc with Diode 1 from k7shared.IntLib
Replace Part VD? Diode 2 in E:\kursach7altium\project\sch6.SchDoc with Diode 2 from k7shared.IntLib
Replace Part VD? Diode 1 in E:\kursach7altium\project\sch6.SchDoc with Diode 1 from k7shared.IntLib
Replace Part VD? Diode 1 in E:\kursach7altium\project\sch6.SchDoc with Diode 1 from k7shared.IntLib
Replace Part VD? Diode 1 in E:\kursach7altium\project\sch6.SchDoc with Diode 1 from k7shared.IntLib
Replace Part VD? Diode 1 in E:\kursach7altium\project\sch6.SchDoc with Diode 1 from k7shared.IntLib
Replace Part VD? Diode 1 in E:\kursach7altium\project\sch6.SchDoc with Diode 1 from k7shared.IntLib
Replace Part VD? Diode 1 in E:\kursach7altium\project\sch6.SchDoc with Diode 1 from k7shared.IntLib
Replace Part VT? Transistor 2 in E:\kursach7altium\project\sch6.SchDoc with Transistor 2 from k7shared.IntLib
Replace Part X? Outputs in E:\kursach7altium\project\sch6.SchDoc with Outputs from k7sch6.IntLib
Replace Part X? 3V-AGND in E:\kursach7altium\project\sch6.SchDoc with 3V-AGND from k7shared.IntLib
Replace Part X? 3V-AGND in E:\kursach7altium\project\sch6.SchDoc with 3V-AGND from k7shared.IntLib
Replace Part X? 3V-AGND in E:\kursach7altium\project\sch6.SchDoc with 3V-AGND from k7shared.IntLib
Replace Part X? VCC-GND R in E:\kursach7altium\project\sch6.SchDoc with VCC-GND R from k7shared.IntLib
Replace Part X? VCC-GND R in E:\kursach7altium\project\sch6.SchDoc with VCC-GND R from k7shared.IntLib
Replace Part X? 5V-GND in E:\kursach7altium\project\sch6.SchDoc with 5V-GND from k7shared.IntLib
Replace Part X? 5V-AGND in E:\kursach7altium\project\sch6.SchDoc with 5V-AGND from k7shared.IntLib
Replace Part X? 5V-AGND in E:\kursach7altium\project\sch6.SchDoc with 5V-AGND from k7shared.IntLib
Replace Part X? 5V-AGND in E:\kursach7altium\project\sch6.SchDoc with 5V-AGND from k7shared.IntLib
Replace Part X? 5V-AGND in E:\kursach7altium\project\sch6.SchDoc with 5V-AGND from k7shared.IntLib
Replace Part X? 5V-GND in E:\kursach7altium\project\sch6.SchDoc with 5V-GND from k7shared.IntLib
Replace Part X? 3V-AGND in E:\kursach7altium\project\sch6.SchDoc with 3V-AGND from k7shared.IntLib
Replace Part X? VGA connector in E:\kursach7altium\project\sch6.SchDoc with VGA connector from k7sch6.IntLib
